[0.126s] DEBUG:colcon:Command line arguments: ['/usr/bin/colcon', 'build']
[0.126s] DEBUG:colcon:Parsed command line arguments: Namespace(log_base=None, log_level=None, verb_name='build', build_base='build', install_base='install', merge_install=False, symlink_install=False, test_result_base=None, continue_on_error=False, executor='parallel', parallel_workers=16, event_handlers=None, ignore_user_meta=False, metas=['./colcon.meta'], base_paths=['.'], packages_ignore=None, packages_ignore_regex=None, paths=None, packages_up_to=None, packages_up_to_regex=None, packages_above=None, packages_above_and_dependencies=None, packages_above_depth=None, packages_select_by_dep=None, packages_skip_by_dep=None, packages_skip_up_to=None, packages_select_build_failed=False, packages_skip_build_finished=False, packages_select_test_failures=False, packages_skip_test_passed=False, packages_select=None, packages_skip=None, packages_select_regex=None, packages_skip_regex=None, packages_start=None, packages_end=None, cmake_args=None, cmake_target=None, cmake_target_skip_unavailable=False, cmake_clean_cache=False, cmake_clean_first=False, cmake_force_configure=False, ament_cmake_args=None, catkin_cmake_args=None, catkin_skip_building_tests=False, mixin_files=None, mixin=None, verb_parser=<colcon_mixin.mixin.mixin_argument.MixinArgumentDecorator object at 0x72e22ba6d5e0>, verb_extension=<colcon_core.verb.build.BuildVerb object at 0x72e22ba6ca40>, main=<bound method BuildVerb.main of <colcon_core.verb.build.BuildVerb object at 0x72e22ba6ca40>>, mixin_verb=('build',))
[0.175s] Level 1:colcon.colcon_core.package_discovery:discover_packages(colcon_meta) check parameters
[0.176s] INFO:colcon.colcon_metadata.package_discovery.colcon_meta:Using configuration from '/root/.colcon/metadata/default/Gazebo.meta'
[0.176s] INFO:colcon.colcon_metadata.package_discovery.colcon_meta:Using configuration from '/root/.colcon/metadata/default/fastdds.meta'
[0.177s] INFO:colcon.colcon_metadata.package_discovery.colcon_meta:Using configuration from '/root/.colcon/metadata/default/fastrtps.meta'
[0.177s] Level 1:colcon.colcon_core.package_discovery:discover_packages(recursive) check parameters
[0.177s] Level 1:colcon.colcon_core.package_discovery:discover_packages(ignore) check parameters
[0.177s] Level 1:colcon.colcon_core.package_discovery:discover_packages(path) check parameters
[0.177s] Level 1:colcon.colcon_core.package_discovery:discover_packages(colcon_meta) discover
[0.177s] Level 1:colcon.colcon_core.package_discovery:discover_packages(recursive) discover
[0.177s] INFO:colcon.colcon_core.package_discovery:Crawling recursively for packages in '/nav_ws'
[0.177s] Level 1:colcon.colcon_core.package_identification:_identify(.) by extensions ['ignore', 'ignore_ament_install']
[0.177s] Level 1:colcon.colcon_core.package_identification:_identify(.) by extension 'ignore'
[0.177s] Level 1:colcon.colcon_core.package_identification:_identify(.) by extension 'ignore_ament_install'
[0.177s] Level 1:colcon.colcon_core.package_identification:_identify(.) by extensions ['colcon_pkg']
[0.177s] Level 1:colcon.colcon_core.package_identification:_identify(.) by extension 'colcon_pkg'
[0.177s] Level 1:colcon.colcon_core.package_identification:_identify(.) by extensions ['colcon_meta']
[0.177s] Level 1:colcon.colcon_core.package_identification:_identify(.) by extension 'colcon_meta'
[0.177s] Level 1:colcon.colcon_core.package_identification:_identify(.) by extensions ['ros']
[0.177s] Level 1:colcon.colcon_core.package_identification:_identify(.) by extension 'ros'
[0.200s] Level 1:colcon.colcon_core.package_identification:_identify(.) by extensions ['cmake', 'python']
[0.200s] Level 1:colcon.colcon_core.package_identification:_identify(.) by extension 'cmake'
[0.200s] Level 1:colcon.colcon_core.package_identification:_identify(.) by extension 'python'
[0.200s] Level 1:colcon.colcon_core.package_identification:_identify(.) by extensions ['python_setup_py']
[0.200s] Level 1:colcon.colcon_core.package_identification:_identify(.) by extension 'python_setup_py'
[0.200s] Level 1:colcon.colcon_core.package_identification:_identify(build) by extensions ['ignore', 'ignore_ament_install']
[0.200s] Level 1:colcon.colcon_core.package_identification:_identify(build) by extension 'ignore'
[0.200s] Level 1:colcon.colcon_core.package_identification:_identify(build) ignored
[0.200s] Level 1:colcon.colcon_core.package_identification:_identify(install) by extensions ['ignore', 'ignore_ament_install']
[0.200s] Level 1:colcon.colcon_core.package_identification:_identify(install) by extension 'ignore'
[0.200s] Level 1:colcon.colcon_core.package_identification:_identify(install) ignored
[0.201s] Level 1:colcon.colcon_core.package_identification:_identify(log) by extensions ['ignore', 'ignore_ament_install']
[0.201s] Level 1:colcon.colcon_core.package_identification:_identify(log) by extension 'ignore'
[0.201s] Level 1:colcon.colcon_core.package_identification:_identify(log) ignored
[0.201s] Level 1:colcon.colcon_core.package_identification:_identify(src) by extensions ['ignore', 'ignore_ament_install']
[0.201s] Level 1:colcon.colcon_core.package_identification:_identify(src) by extension 'ignore'
[0.201s] Level 1:colcon.colcon_core.package_identification:_identify(src) by extension 'ignore_ament_install'
[0.201s] Level 1:colcon.colcon_core.package_identification:_identify(src) by extensions ['colcon_pkg']
[0.201s] Level 1:colcon.colcon_core.package_identification:_identify(src) by extension 'colcon_pkg'
[0.201s] Level 1:colcon.colcon_core.package_identification:_identify(src) by extensions ['colcon_meta']
[0.201s] Level 1:colcon.colcon_core.package_identification:_identify(src) by extension 'colcon_meta'
[0.201s] Level 1:colcon.colcon_core.package_identification:_identify(src) by extensions ['ros']
[0.201s] Level 1:colcon.colcon_core.package_identification:_identify(src) by extension 'ros'
[0.201s] Level 1:colcon.colcon_core.package_identification:_identify(src) by extensions ['cmake', 'python']
[0.201s] Level 1:colcon.colcon_core.package_identification:_identify(src) by extension 'cmake'
[0.201s] Level 1:colcon.colcon_core.package_identification:_identify(src) by extension 'python'
[0.201s] Level 1:colcon.colcon_core.package_identification:_identify(src) by extensions ['python_setup_py']
[0.201s] Level 1:colcon.colcon_core.package_identification:_identify(src) by extension 'python_setup_py'
[0.201s] Level 1:colcon.colcon_core.package_identification:_identify(src/bill) by extensions ['ignore', 'ignore_ament_install']
[0.201s] Level 1:colcon.colcon_core.package_identification:_identify(src/bill) by extension 'ignore'
[0.201s] Level 1:colcon.colcon_core.package_identification:_identify(src/bill) by extension 'ignore_ament_install'
[0.201s] Level 1:colcon.colcon_core.package_identification:_identify(src/bill) by extensions ['colcon_pkg']
[0.201s] Level 1:colcon.colcon_core.package_identification:_identify(src/bill) by extension 'colcon_pkg'
[0.201s] Level 1:colcon.colcon_core.package_identification:_identify(src/bill) by extensions ['colcon_meta']
[0.201s] Level 1:colcon.colcon_core.package_identification:_identify(src/bill) by extension 'colcon_meta'
[0.202s] Level 1:colcon.colcon_core.package_identification:_identify(src/bill) by extensions ['ros']
[0.202s] Level 1:colcon.colcon_core.package_identification:_identify(src/bill) by extension 'ros'
[0.204s] DEBUG:colcon.colcon_core.package_identification:Package 'src/bill' with type 'ros.ament_cmake' and name 'bill'
[0.204s] Level 1:colcon.colcon_core.package_identification:_identify(src/bill_description) by extensions ['ignore', 'ignore_ament_install']
[0.204s] Level 1:colcon.colcon_core.package_identification:_identify(src/bill_description) by extension 'ignore'
[0.204s] Level 1:colcon.colcon_core.package_identification:_identify(src/bill_description) by extension 'ignore_ament_install'
[0.204s] Level 1:colcon.colcon_core.package_identification:_identify(src/bill_description) by extensions ['colcon_pkg']
[0.204s] Level 1:colcon.colcon_core.package_identification:_identify(src/bill_description) by extension 'colcon_pkg'
[0.204s] Level 1:colcon.colcon_core.package_identification:_identify(src/bill_description) by extensions ['colcon_meta']
[0.204s] Level 1:colcon.colcon_core.package_identification:_identify(src/bill_description) by extension 'colcon_meta'
[0.204s] Level 1:colcon.colcon_core.package_identification:_identify(src/bill_description) by extensions ['ros']
[0.204s] Level 1:colcon.colcon_core.package_identification:_identify(src/bill_description) by extension 'ros'
[0.205s] DEBUG:colcon.colcon_core.package_identification:Package 'src/bill_description' with type 'ros.ament_cmake' and name 'bill_description'
[0.205s] Level 1:colcon.colcon_core.package_identification:_identify(src/bill_gazebo) by extensions ['ignore', 'ignore_ament_install']
[0.205s] Level 1:colcon.colcon_core.package_identification:_identify(src/bill_gazebo) by extension 'ignore'
[0.205s] Level 1:colcon.colcon_core.package_identification:_identify(src/bill_gazebo) by extension 'ignore_ament_install'
[0.205s] Level 1:colcon.colcon_core.package_identification:_identify(src/bill_gazebo) by extensions ['colcon_pkg']
[0.205s] Level 1:colcon.colcon_core.package_identification:_identify(src/bill_gazebo) by extension 'colcon_pkg'
[0.205s] Level 1:colcon.colcon_core.package_identification:_identify(src/bill_gazebo) by extensions ['colcon_meta']
[0.205s] Level 1:colcon.colcon_core.package_identification:_identify(src/bill_gazebo) by extension 'colcon_meta'
[0.205s] Level 1:colcon.colcon_core.package_identification:_identify(src/bill_gazebo) by extensions ['ros']
[0.205s] Level 1:colcon.colcon_core.package_identification:_identify(src/bill_gazebo) by extension 'ros'
[0.206s] DEBUG:colcon.colcon_core.package_identification:Package 'src/bill_gazebo' with type 'ros.ament_cmake' and name 'bill_gazebo'
[0.206s] Level 1:colcon.colcon_core.package_identification:_identify(src/bill_navigation) by extensions ['ignore', 'ignore_ament_install']
[0.206s] Level 1:colcon.colcon_core.package_identification:_identify(src/bill_navigation) by extension 'ignore'
[0.206s] Level 1:colcon.colcon_core.package_identification:_identify(src/bill_navigation) by extension 'ignore_ament_install'
[0.206s] Level 1:colcon.colcon_core.package_identification:_identify(src/bill_navigation) by extensions ['colcon_pkg']
[0.206s] Level 1:colcon.colcon_core.package_identification:_identify(src/bill_navigation) by extension 'colcon_pkg'
[0.206s] Level 1:colcon.colcon_core.package_identification:_identify(src/bill_navigation) by extensions ['colcon_meta']
[0.206s] Level 1:colcon.colcon_core.package_identification:_identify(src/bill_navigation) by extension 'colcon_meta'
[0.206s] Level 1:colcon.colcon_core.package_identification:_identify(src/bill_navigation) by extensions ['ros']
[0.206s] Level 1:colcon.colcon_core.package_identification:_identify(src/bill_navigation) by extension 'ros'
[0.206s] DEBUG:colcon.colcon_core.package_identification:Package 'src/bill_navigation' with type 'ros.ament_cmake' and name 'bill_navigation'
[0.206s] Level 1:colcon.colcon_core.package_discovery:discover_packages(recursive) using defaults
[0.206s] Level 1:colcon.colcon_core.package_discovery:discover_packages(ignore) discover
[0.206s] Level 1:colcon.colcon_core.package_discovery:discover_packages(ignore) using defaults
[0.206s] Level 1:colcon.colcon_core.package_discovery:discover_packages(path) discover
[0.206s] Level 1:colcon.colcon_core.package_discovery:discover_packages(path) using defaults
[0.225s] Level 5:colcon.colcon_core.verb:set package 'bill_description' build argument 'cmake_args' from command line to 'None'
[0.225s] Level 5:colcon.colcon_core.verb:set package 'bill_description' build argument 'cmake_target' from command line to 'None'
[0.225s] Level 5:colcon.colcon_core.verb:set package 'bill_description' build argument 'cmake_target_skip_unavailable' from command line to 'False'
[0.225s] Level 5:colcon.colcon_core.verb:set package 'bill_description' build argument 'cmake_clean_cache' from command line to 'False'
[0.225s] Level 5:colcon.colcon_core.verb:set package 'bill_description' build argument 'cmake_clean_first' from command line to 'False'
[0.225s] Level 5:colcon.colcon_core.verb:set package 'bill_description' build argument 'cmake_force_configure' from command line to 'False'
[0.225s] Level 5:colcon.colcon_core.verb:set package 'bill_description' build argument 'ament_cmake_args' from command line to 'None'
[0.225s] Level 5:colcon.colcon_core.verb:set package 'bill_description' build argument 'catkin_cmake_args' from command line to 'None'
[0.225s] Level 5:colcon.colcon_core.verb:set package 'bill_description' build argument 'catkin_skip_building_tests' from command line to 'False'
[0.225s] DEBUG:colcon.colcon_core.verb:Building package 'bill_description' with the following arguments: {'ament_cmake_args': None, 'build_base': '/nav_ws/build/bill_description', 'catkin_cmake_args': None, 'catkin_skip_building_tests': False, 'cmake_args': None, 'cmake_clean_cache': False, 'cmake_clean_first': False, 'cmake_force_configure': False, 'cmake_target': None, 'cmake_target_skip_unavailable': False, 'install_base': '/nav_ws/install/bill_description', 'merge_install': False, 'path': '/nav_ws/src/bill_description', 'symlink_install': False, 'test_result_base': None}
[0.226s] Level 5:colcon.colcon_core.verb:set package 'bill_gazebo' build argument 'cmake_args' from command line to 'None'
[0.226s] Level 5:colcon.colcon_core.verb:set package 'bill_gazebo' build argument 'cmake_target' from command line to 'None'
[0.226s] Level 5:colcon.colcon_core.verb:set package 'bill_gazebo' build argument 'cmake_target_skip_unavailable' from command line to 'False'
[0.226s] Level 5:colcon.colcon_core.verb:set package 'bill_gazebo' build argument 'cmake_clean_cache' from command line to 'False'
[0.226s] Level 5:colcon.colcon_core.verb:set package 'bill_gazebo' build argument 'cmake_clean_first' from command line to 'False'
[0.226s] Level 5:colcon.colcon_core.verb:set package 'bill_gazebo' build argument 'cmake_force_configure' from command line to 'False'
[0.226s] Level 5:colcon.colcon_core.verb:set package 'bill_gazebo' build argument 'ament_cmake_args' from command line to 'None'
[0.226s] Level 5:colcon.colcon_core.verb:set package 'bill_gazebo' build argument 'catkin_cmake_args' from command line to 'None'
[0.226s] Level 5:colcon.colcon_core.verb:set package 'bill_gazebo' build argument 'catkin_skip_building_tests' from command line to 'False'
[0.226s] DEBUG:colcon.colcon_core.verb:Building package 'bill_gazebo' with the following arguments: {'ament_cmake_args': None, 'build_base': '/nav_ws/build/bill_gazebo', 'catkin_cmake_args': None, 'catkin_skip_building_tests': False, 'cmake_args': None, 'cmake_clean_cache': False, 'cmake_clean_first': False, 'cmake_force_configure': False, 'cmake_target': None, 'cmake_target_skip_unavailable': False, 'install_base': '/nav_ws/install/bill_gazebo', 'merge_install': False, 'path': '/nav_ws/src/bill_gazebo', 'symlink_install': False, 'test_result_base': None}
[0.226s] Level 5:colcon.colcon_core.verb:set package 'bill_navigation' build argument 'cmake_args' from command line to 'None'
[0.226s] Level 5:colcon.colcon_core.verb:set package 'bill_navigation' build argument 'cmake_target' from command line to 'None'
[0.226s] Level 5:colcon.colcon_core.verb:set package 'bill_navigation' build argument 'cmake_target_skip_unavailable' from command line to 'False'
[0.226s] Level 5:colcon.colcon_core.verb:set package 'bill_navigation' build argument 'cmake_clean_cache' from command line to 'False'
[0.226s] Level 5:colcon.colcon_core.verb:set package 'bill_navigation' build argument 'cmake_clean_first' from command line to 'False'
[0.226s] Level 5:colcon.colcon_core.verb:set package 'bill_navigation' build argument 'cmake_force_configure' from command line to 'False'
[0.226s] Level 5:colcon.colcon_core.verb:set package 'bill_navigation' build argument 'ament_cmake_args' from command line to 'None'
[0.226s] Level 5:colcon.colcon_core.verb:set package 'bill_navigation' build argument 'catkin_cmake_args' from command line to 'None'
[0.226s] Level 5:colcon.colcon_core.verb:set package 'bill_navigation' build argument 'catkin_skip_building_tests' from command line to 'False'
[0.226s] DEBUG:colcon.colcon_core.verb:Building package 'bill_navigation' with the following arguments: {'ament_cmake_args': None, 'build_base': '/nav_ws/build/bill_navigation', 'catkin_cmake_args': None, 'catkin_skip_building_tests': False, 'cmake_args': None, 'cmake_clean_cache': False, 'cmake_clean_first': False, 'cmake_force_configure': False, 'cmake_target': None, 'cmake_target_skip_unavailable': False, 'install_base': '/nav_ws/install/bill_navigation', 'merge_install': False, 'path': '/nav_ws/src/bill_navigation', 'symlink_install': False, 'test_result_base': None}
[0.226s] Level 5:colcon.colcon_core.verb:set package 'bill' build argument 'cmake_args' from command line to 'None'
[0.227s] Level 5:colcon.colcon_core.verb:set package 'bill' build argument 'cmake_target' from command line to 'None'
[0.227s] Level 5:colcon.colcon_core.verb:set package 'bill' build argument 'cmake_target_skip_unavailable' from command line to 'False'
[0.227s] Level 5:colcon.colcon_core.verb:set package 'bill' build argument 'cmake_clean_cache' from command line to 'False'
[0.227s] Level 5:colcon.colcon_core.verb:set package 'bill' build argument 'cmake_clean_first' from command line to 'False'
[0.227s] Level 5:colcon.colcon_core.verb:set package 'bill' build argument 'cmake_force_configure' from command line to 'False'
[0.227s] Level 5:colcon.colcon_core.verb:set package 'bill' build argument 'ament_cmake_args' from command line to 'None'
[0.227s] Level 5:colcon.colcon_core.verb:set package 'bill' build argument 'catkin_cmake_args' from command line to 'None'
[0.227s] Level 5:colcon.colcon_core.verb:set package 'bill' build argument 'catkin_skip_building_tests' from command line to 'False'
[0.227s] DEBUG:colcon.colcon_core.verb:Building package 'bill' with the following arguments: {'ament_cmake_args': None, 'build_base': '/nav_ws/build/bill', 'catkin_cmake_args': None, 'catkin_skip_building_tests': False, 'cmake_args': None, 'cmake_clean_cache': False, 'cmake_clean_first': False, 'cmake_force_configure': False, 'cmake_target': None, 'cmake_target_skip_unavailable': False, 'install_base': '/nav_ws/install/bill', 'merge_install': False, 'path': '/nav_ws/src/bill', 'symlink_install': False, 'test_result_base': None}
[0.227s] INFO:colcon.colcon_core.executor:Executing jobs using 'parallel' executor
[0.228s] DEBUG:colcon.colcon_parallel_executor.executor.parallel:run_until_complete
[0.228s] INFO:colcon.colcon_ros.task.ament_cmake.build:Building ROS package in '/nav_ws/src/bill_description' with build type 'ament_cmake'
[0.228s] INFO:colcon.colcon_cmake.task.cmake.build:Building CMake package in '/nav_ws/src/bill_description'
[0.232s] INFO:colcon.colcon_core.plugin_system:Skipping extension 'colcon_core.shell.bat': Not used on non-Windows systems
[0.232s] INFO:colcon.colcon_core.shell:Skip shell extension 'powershell' for command environment: Not usable outside of PowerShell
[0.232s] DEBUG:colcon.colcon_core.shell:Skip shell extension 'dsv' for command environment
[0.238s] INFO:colcon.colcon_ros.task.ament_cmake.build:Building ROS package in '/nav_ws/src/bill_gazebo' with build type 'ament_cmake'
[0.238s] INFO:colcon.colcon_cmake.task.cmake.build:Building CMake package in '/nav_ws/src/bill_gazebo'
[0.238s] INFO:colcon.colcon_core.shell:Skip shell extension 'powershell' for command environment: Not usable outside of PowerShell
[0.238s] DEBUG:colcon.colcon_core.shell:Skip shell extension 'dsv' for command environment
[0.243s] INFO:colcon.colcon_ros.task.ament_cmake.build:Building ROS package in '/nav_ws/src/bill_navigation' with build type 'ament_cmake'
[0.243s] INFO:colcon.colcon_cmake.task.cmake.build:Building CMake package in '/nav_ws/src/bill_navigation'
[0.243s] INFO:colcon.colcon_core.shell:Skip shell extension 'powershell' for command environment: Not usable outside of PowerShell
[0.243s] DEBUG:colcon.colcon_core.shell:Skip shell extension 'dsv' for command environment
[0.251s] DEBUG:colcon.colcon_core.event_handler.log_command:Invoking command in '/nav_ws/build/bill_description': CMAKE_PREFIX_PATH=${CMAKE_PREFIX_PATH}:/opt/ros/jazzy /usr/bin/cmake --build /nav_ws/build/bill_description -- -j16 -l16
[0.254s] DEBUG:colcon.colcon_core.event_handler.log_command:Invoking command in '/nav_ws/build/bill_gazebo': CMAKE_PREFIX_PATH=${CMAKE_PREFIX_PATH}:/opt/ros/jazzy /usr/bin/cmake --build /nav_ws/build/bill_gazebo -- -j16 -l16
[0.258s] DEBUG:colcon.colcon_core.event_handler.log_command:Invoking command in '/nav_ws/build/bill_navigation': CMAKE_PREFIX_PATH=${CMAKE_PREFIX_PATH}:/opt/ros/jazzy /usr/bin/cmake --build /nav_ws/build/bill_navigation -- -j16 -l16
[0.306s] DEBUG:colcon.colcon_core.event_handler.log_command:Invoked command in '/nav_ws/build/bill_description' returned '0': CMAKE_PREFIX_PATH=${CMAKE_PREFIX_PATH}:/opt/ros/jazzy /usr/bin/cmake --build /nav_ws/build/bill_description -- -j16 -l16
[0.319s] DEBUG:colcon.colcon_core.event_handler.log_command:Invoking command in '/nav_ws/build/bill_description': CMAKE_PREFIX_PATH=${CMAKE_PREFIX_PATH}:/opt/ros/jazzy /usr/bin/cmake --install /nav_ws/build/bill_description
[0.321s] DEBUG:colcon.colcon_core.event_handler.log_command:Invoked command in '/nav_ws/build/bill_gazebo' returned '0': CMAKE_PREFIX_PATH=${CMAKE_PREFIX_PATH}:/opt/ros/jazzy /usr/bin/cmake --build /nav_ws/build/bill_gazebo -- -j16 -l16
[0.322s] DEBUG:colcon.colcon_core.event_handler.log_command:Invoking command in '/nav_ws/build/bill_gazebo': CMAKE_PREFIX_PATH=${CMAKE_PREFIX_PATH}:/opt/ros/jazzy /usr/bin/cmake --install /nav_ws/build/bill_gazebo
[0.323s] DEBUG:colcon.colcon_core.event_handler.log_command:Invoked command in '/nav_ws/build/bill_navigation' returned '0': CMAKE_PREFIX_PATH=${CMAKE_PREFIX_PATH}:/opt/ros/jazzy /usr/bin/cmake --build /nav_ws/build/bill_navigation -- -j16 -l16
[0.323s] DEBUG:colcon.colcon_core.event_handler.log_command:Invoking command in '/nav_ws/build/bill_navigation': CMAKE_PREFIX_PATH=${CMAKE_PREFIX_PATH}:/opt/ros/jazzy /usr/bin/cmake --install /nav_ws/build/bill_navigation
[0.336s] Level 1:colcon.colcon_core.environment:create_environment_scripts_only(bill_description)
[0.337s] DEBUG:colcon.colcon_core.event_handler.log_command:Invoked command in '/nav_ws/build/bill_description' returned '0': CMAKE_PREFIX_PATH=${CMAKE_PREFIX_PATH}:/opt/ros/jazzy /usr/bin/cmake --install /nav_ws/build/bill_description
[0.343s] Level 1:colcon.colcon_core.environment:checking '/nav_ws/install/bill_description' for CMake module files
[0.343s] Level 1:colcon.colcon_core.environment:checking '/nav_ws/install/bill_description' for CMake config files
[0.344s] Level 1:colcon.colcon_core.shell:create_environment_hook('bill_description', 'cmake_prefix_path')
[0.344s] INFO:colcon.colcon_core.shell:Creating environment hook '/nav_ws/install/bill_description/share/bill_description/hook/cmake_prefix_path.ps1'
[0.344s] INFO:colcon.colcon_core.shell:Creating environment descriptor '/nav_ws/install/bill_description/share/bill_description/hook/cmake_prefix_path.dsv'
[0.345s] INFO:colcon.colcon_core.shell:Creating environment hook '/nav_ws/install/bill_description/share/bill_description/hook/cmake_prefix_path.sh'
[0.345s] Level 1:colcon.colcon_core.environment:checking '/nav_ws/install/bill_description/bin'
[0.346s] Level 1:colcon.colcon_core.environment:checking '/nav_ws/install/bill_description/lib/pkgconfig/bill_description.pc'
[0.348s] Level 1:colcon.colcon_core.environment:checking '/nav_ws/install/bill_description/lib/python3.12/site-packages'
[0.348s] Level 1:colcon.colcon_core.environment:checking '/nav_ws/install/bill_description/bin'
[0.348s] INFO:colcon.colcon_core.shell:Creating package script '/nav_ws/install/bill_description/share/bill_description/package.ps1'
[0.349s] INFO:colcon.colcon_core.shell:Creating package descriptor '/nav_ws/install/bill_description/share/bill_description/package.dsv'
[0.349s] INFO:colcon.colcon_core.shell:Creating package script '/nav_ws/install/bill_description/share/bill_description/package.sh'
[0.350s] INFO:colcon.colcon_core.shell:Creating package script '/nav_ws/install/bill_description/share/bill_description/package.bash'
[0.350s] INFO:colcon.colcon_core.shell:Creating package script '/nav_ws/install/bill_description/share/bill_description/package.zsh'
[0.351s] Level 1:colcon.colcon_core.environment:create_file_with_runtime_dependencies(/nav_ws/install/bill_description/share/colcon-core/packages/bill_description)
[0.351s] Level 1:colcon.colcon_core.environment:create_environment_scripts_only(bill_description)
[0.351s] Level 1:colcon.colcon_core.environment:checking '/nav_ws/install/bill_description' for CMake module files
[0.352s] Level 1:colcon.colcon_core.environment:checking '/nav_ws/install/bill_description' for CMake config files
[0.352s] Level 1:colcon.colcon_core.shell:create_environment_hook('bill_description', 'cmake_prefix_path')
[0.352s] INFO:colcon.colcon_core.shell:Creating environment hook '/nav_ws/install/bill_description/share/bill_description/hook/cmake_prefix_path.ps1'
[0.352s] INFO:colcon.colcon_core.shell:Creating environment descriptor '/nav_ws/install/bill_description/share/bill_description/hook/cmake_prefix_path.dsv'
[0.353s] INFO:colcon.colcon_core.shell:Creating environment hook '/nav_ws/install/bill_description/share/bill_description/hook/cmake_prefix_path.sh'
[0.353s] Level 1:colcon.colcon_core.environment:checking '/nav_ws/install/bill_description/bin'
[0.353s] Level 1:colcon.colcon_core.environment:checking '/nav_ws/install/bill_description/lib/pkgconfig/bill_description.pc'
[0.353s] Level 1:colcon.colcon_core.environment:checking '/nav_ws/install/bill_description/lib/python3.12/site-packages'
[0.353s] Level 1:colcon.colcon_core.environment:checking '/nav_ws/install/bill_description/bin'
[0.354s] INFO:colcon.colcon_core.shell:Creating package script '/nav_ws/install/bill_description/share/bill_description/package.ps1'
[0.354s] INFO:colcon.colcon_core.shell:Creating package descriptor '/nav_ws/install/bill_description/share/bill_description/package.dsv'
[0.354s] INFO:colcon.colcon_core.shell:Creating package script '/nav_ws/install/bill_description/share/bill_description/package.sh'
[0.355s] INFO:colcon.colcon_core.shell:Creating package script '/nav_ws/install/bill_description/share/bill_description/package.bash'
[0.355s] INFO:colcon.colcon_core.shell:Creating package script '/nav_ws/install/bill_description/share/bill_description/package.zsh'
[0.355s] Level 1:colcon.colcon_core.environment:create_file_with_runtime_dependencies(/nav_ws/install/bill_description/share/colcon-core/packages/bill_description)
[0.356s] INFO:colcon.colcon_ros.task.ament_cmake.build:Building ROS package in '/nav_ws/src/bill' with build type 'ament_cmake'
[0.356s] INFO:colcon.colcon_cmake.task.cmake.build:Building CMake package in '/nav_ws/src/bill'
[0.356s] INFO:colcon.colcon_core.shell:Skip shell extension 'powershell' for command environment: Not usable outside of PowerShell
[0.356s] DEBUG:colcon.colcon_core.shell:Skip shell extension 'dsv' for command environment
[0.361s] Level 1:colcon.colcon_core.environment:create_environment_scripts_only(bill_gazebo)
[0.361s] Level 1:colcon.colcon_core.environment:checking '/nav_ws/install/bill_gazebo' for CMake module files
[0.362s] DEBUG:colcon.colcon_core.event_handler.log_command:Invoked command in '/nav_ws/build/bill_gazebo' returned '0': CMAKE_PREFIX_PATH=${CMAKE_PREFIX_PATH}:/opt/ros/jazzy /usr/bin/cmake --install /nav_ws/build/bill_gazebo
[0.362s] Level 1:colcon.colcon_core.environment:checking '/nav_ws/install/bill_gazebo' for CMake config files
[0.362s] Level 1:colcon.colcon_core.shell:create_environment_hook('bill_gazebo', 'cmake_prefix_path')
[0.362s] INFO:colcon.colcon_core.shell:Creating environment hook '/nav_ws/install/bill_gazebo/share/bill_gazebo/hook/cmake_prefix_path.ps1'
[0.363s] INFO:colcon.colcon_core.shell:Creating environment descriptor '/nav_ws/install/bill_gazebo/share/bill_gazebo/hook/cmake_prefix_path.dsv'
[0.363s] INFO:colcon.colcon_core.shell:Creating environment hook '/nav_ws/install/bill_gazebo/share/bill_gazebo/hook/cmake_prefix_path.sh'
[0.363s] Level 1:colcon.colcon_core.environment:checking '/nav_ws/install/bill_gazebo/bin'
[0.363s] Level 1:colcon.colcon_core.environment:checking '/nav_ws/install/bill_gazebo/lib/pkgconfig/bill_gazebo.pc'
[0.364s] Level 1:colcon.colcon_core.environment:checking '/nav_ws/install/bill_gazebo/lib/python3.12/site-packages'
[0.364s] Level 1:colcon.colcon_core.environment:checking '/nav_ws/install/bill_gazebo/bin'
[0.364s] INFO:colcon.colcon_core.shell:Creating package script '/nav_ws/install/bill_gazebo/share/bill_gazebo/package.ps1'
[0.366s] INFO:colcon.colcon_core.shell:Creating package descriptor '/nav_ws/install/bill_gazebo/share/bill_gazebo/package.dsv'
[0.366s] INFO:colcon.colcon_core.shell:Creating package script '/nav_ws/install/bill_gazebo/share/bill_gazebo/package.sh'
[0.366s] INFO:colcon.colcon_core.shell:Creating package script '/nav_ws/install/bill_gazebo/share/bill_gazebo/package.bash'
[0.367s] INFO:colcon.colcon_core.shell:Creating package script '/nav_ws/install/bill_gazebo/share/bill_gazebo/package.zsh'
[0.367s] Level 1:colcon.colcon_core.environment:create_file_with_runtime_dependencies(/nav_ws/install/bill_gazebo/share/colcon-core/packages/bill_gazebo)
[0.367s] Level 1:colcon.colcon_core.environment:create_environment_scripts_only(bill_gazebo)
[0.367s] Level 1:colcon.colcon_core.environment:checking '/nav_ws/install/bill_gazebo' for CMake module files
[0.368s] Level 1:colcon.colcon_core.environment:checking '/nav_ws/install/bill_gazebo' for CMake config files
[0.368s] Level 1:colcon.colcon_core.shell:create_environment_hook('bill_gazebo', 'cmake_prefix_path')
[0.368s] INFO:colcon.colcon_core.shell:Creating environment hook '/nav_ws/install/bill_gazebo/share/bill_gazebo/hook/cmake_prefix_path.ps1'
[0.368s] INFO:colcon.colcon_core.shell:Creating environment descriptor '/nav_ws/install/bill_gazebo/share/bill_gazebo/hook/cmake_prefix_path.dsv'
[0.369s] INFO:colcon.colcon_core.shell:Creating environment hook '/nav_ws/install/bill_gazebo/share/bill_gazebo/hook/cmake_prefix_path.sh'
[0.369s] Level 1:colcon.colcon_core.environment:checking '/nav_ws/install/bill_gazebo/bin'
[0.369s] Level 1:colcon.colcon_core.environment:checking '/nav_ws/install/bill_gazebo/lib/pkgconfig/bill_gazebo.pc'
[0.369s] Level 1:colcon.colcon_core.environment:checking '/nav_ws/install/bill_gazebo/lib/python3.12/site-packages'
[0.369s] Level 1:colcon.colcon_core.environment:checking '/nav_ws/install/bill_gazebo/bin'
[0.370s] INFO:colcon.colcon_core.shell:Creating package script '/nav_ws/install/bill_gazebo/share/bill_gazebo/package.ps1'
[0.370s] INFO:colcon.colcon_core.shell:Creating package descriptor '/nav_ws/install/bill_gazebo/share/bill_gazebo/package.dsv'
[0.370s] INFO:colcon.colcon_core.shell:Creating package script '/nav_ws/install/bill_gazebo/share/bill_gazebo/package.sh'
[0.371s] INFO:colcon.colcon_core.shell:Creating package script '/nav_ws/install/bill_gazebo/share/bill_gazebo/package.bash'
[0.371s] INFO:colcon.colcon_core.shell:Creating package script '/nav_ws/install/bill_gazebo/share/bill_gazebo/package.zsh'
[0.371s] Level 1:colcon.colcon_core.environment:create_file_with_runtime_dependencies(/nav_ws/install/bill_gazebo/share/colcon-core/packages/bill_gazebo)
[0.375s] Level 1:colcon.colcon_core.environment:create_environment_scripts_only(bill_navigation)
[0.375s] Level 1:colcon.colcon_core.environment:checking '/nav_ws/install/bill_navigation' for CMake module files
[0.376s] DEBUG:colcon.colcon_core.event_handler.log_command:Invoking command in '/nav_ws/build/bill': CMAKE_PREFIX_PATH=/nav_ws/install/bill_description:/nav_ws/install/bill_navigation:/nav_ws/install/bill_gazebo:/nav_ws/install/bill:/opt/ros/jazzy/opt/gz_sim_vendor:/opt/ros/jazzy/opt/gz_sensors_vendor:/opt/ros/jazzy/opt/gz_physics_vendor:/opt/ros/jazzy/opt/sdformat_vendor:/opt/ros/jazzy/opt/gz_gui_vendor:/opt/ros/jazzy/opt/gz_transport_vendor:/opt/ros/jazzy/opt/gz_rendering_vendor:/opt/ros/jazzy/opt/gz_plugin_vendor:/opt/ros/jazzy/opt/gz_fuel_tools_vendor:/opt/ros/jazzy/opt/gz_msgs_vendor:/opt/ros/jazzy/opt/gz_common_vendor:/opt/ros/jazzy/opt/gz_math_vendor:/opt/ros/jazzy/opt/gz_utils_vendor:/opt/ros/jazzy/opt/gz_tools_vendor:/opt/ros/jazzy/opt/gz_ogre_next_vendor:/opt/ros/jazzy/opt/gz_dartsim_vendor:/opt/ros/jazzy/opt/gz_cmake_vendor:/opt/ros/jazzy /usr/bin/cmake --build /nav_ws/build/bill -- -j16 -l16
[0.376s] DEBUG:colcon.colcon_core.event_handler.log_command:Invoked command in '/nav_ws/build/bill_navigation' returned '0': CMAKE_PREFIX_PATH=${CMAKE_PREFIX_PATH}:/opt/ros/jazzy /usr/bin/cmake --install /nav_ws/build/bill_navigation
[0.376s] Level 1:colcon.colcon_core.environment:checking '/nav_ws/install/bill_navigation' for CMake config files
[0.376s] Level 1:colcon.colcon_core.shell:create_environment_hook('bill_navigation', 'cmake_prefix_path')
[0.376s] INFO:colcon.colcon_core.shell:Creating environment hook '/nav_ws/install/bill_navigation/share/bill_navigation/hook/cmake_prefix_path.ps1'
[0.377s] INFO:colcon.colcon_core.shell:Creating environment descriptor '/nav_ws/install/bill_navigation/share/bill_navigation/hook/cmake_prefix_path.dsv'
[0.377s] INFO:colcon.colcon_core.shell:Creating environment hook '/nav_ws/install/bill_navigation/share/bill_navigation/hook/cmake_prefix_path.sh'
[0.377s] Level 1:colcon.colcon_core.environment:checking '/nav_ws/install/bill_navigation/bin'
[0.377s] Level 1:colcon.colcon_core.environment:checking '/nav_ws/install/bill_navigation/lib/pkgconfig/bill_navigation.pc'
[0.378s] Level 1:colcon.colcon_core.environment:checking '/nav_ws/install/bill_navigation/lib/python3.12/site-packages'
[0.378s] Level 1:colcon.colcon_core.environment:checking '/nav_ws/install/bill_navigation/bin'
[0.378s] INFO:colcon.colcon_core.shell:Creating package script '/nav_ws/install/bill_navigation/share/bill_navigation/package.ps1'
[0.378s] INFO:colcon.colcon_core.shell:Creating package descriptor '/nav_ws/install/bill_navigation/share/bill_navigation/package.dsv'
[0.379s] INFO:colcon.colcon_core.shell:Creating package script '/nav_ws/install/bill_navigation/share/bill_navigation/package.sh'
[0.379s] INFO:colcon.colcon_core.shell:Creating package script '/nav_ws/install/bill_navigation/share/bill_navigation/package.bash'
[0.379s] INFO:colcon.colcon_core.shell:Creating package script '/nav_ws/install/bill_navigation/share/bill_navigation/package.zsh'
[0.379s] Level 1:colcon.colcon_core.environment:create_file_with_runtime_dependencies(/nav_ws/install/bill_navigation/share/colcon-core/packages/bill_navigation)
[0.380s] Level 1:colcon.colcon_core.environment:create_environment_scripts_only(bill_navigation)
[0.380s] Level 1:colcon.colcon_core.environment:checking '/nav_ws/install/bill_navigation' for CMake module files
[0.380s] Level 1:colcon.colcon_core.environment:checking '/nav_ws/install/bill_navigation' for CMake config files
[0.380s] Level 1:colcon.colcon_core.shell:create_environment_hook('bill_navigation', 'cmake_prefix_path')
[0.381s] INFO:colcon.colcon_core.shell:Creating environment hook '/nav_ws/install/bill_navigation/share/bill_navigation/hook/cmake_prefix_path.ps1'
[0.381s] INFO:colcon.colcon_core.shell:Creating environment descriptor '/nav_ws/install/bill_navigation/share/bill_navigation/hook/cmake_prefix_path.dsv'
[0.381s] INFO:colcon.colcon_core.shell:Creating environment hook '/nav_ws/install/bill_navigation/share/bill_navigation/hook/cmake_prefix_path.sh'
[0.382s] Level 1:colcon.colcon_core.environment:checking '/nav_ws/install/bill_navigation/bin'
[0.382s] Level 1:colcon.colcon_core.environment:checking '/nav_ws/install/bill_navigation/lib/pkgconfig/bill_navigation.pc'
[0.382s] Level 1:colcon.colcon_core.environment:checking '/nav_ws/install/bill_navigation/lib/python3.12/site-packages'
[0.382s] Level 1:colcon.colcon_core.environment:checking '/nav_ws/install/bill_navigation/bin'
[0.382s] INFO:colcon.colcon_core.shell:Creating package script '/nav_ws/install/bill_navigation/share/bill_navigation/package.ps1'
[0.382s] INFO:colcon.colcon_core.shell:Creating package descriptor '/nav_ws/install/bill_navigation/share/bill_navigation/package.dsv'
[0.383s] INFO:colcon.colcon_core.shell:Creating package script '/nav_ws/install/bill_navigation/share/bill_navigation/package.sh'
[0.383s] INFO:colcon.colcon_core.shell:Creating package script '/nav_ws/install/bill_navigation/share/bill_navigation/package.bash'
[0.383s] INFO:colcon.colcon_core.shell:Creating package script '/nav_ws/install/bill_navigation/share/bill_navigation/package.zsh'
[0.384s] Level 1:colcon.colcon_core.environment:create_file_with_runtime_dependencies(/nav_ws/install/bill_navigation/share/colcon-core/packages/bill_navigation)
[0.426s] DEBUG:colcon.colcon_core.event_handler.log_command:Invoked command in '/nav_ws/build/bill' returned '0': CMAKE_PREFIX_PATH=/nav_ws/install/bill_description:/nav_ws/install/bill_navigation:/nav_ws/install/bill_gazebo:/nav_ws/install/bill:/opt/ros/jazzy/opt/gz_sim_vendor:/opt/ros/jazzy/opt/gz_sensors_vendor:/opt/ros/jazzy/opt/gz_physics_vendor:/opt/ros/jazzy/opt/sdformat_vendor:/opt/ros/jazzy/opt/gz_gui_vendor:/opt/ros/jazzy/opt/gz_transport_vendor:/opt/ros/jazzy/opt/gz_rendering_vendor:/opt/ros/jazzy/opt/gz_plugin_vendor:/opt/ros/jazzy/opt/gz_fuel_tools_vendor:/opt/ros/jazzy/opt/gz_msgs_vendor:/opt/ros/jazzy/opt/gz_common_vendor:/opt/ros/jazzy/opt/gz_math_vendor:/opt/ros/jazzy/opt/gz_utils_vendor:/opt/ros/jazzy/opt/gz_tools_vendor:/opt/ros/jazzy/opt/gz_ogre_next_vendor:/opt/ros/jazzy/opt/gz_dartsim_vendor:/opt/ros/jazzy/opt/gz_cmake_vendor:/opt/ros/jazzy /usr/bin/cmake --build /nav_ws/build/bill -- -j16 -l16
[0.427s] DEBUG:colcon.colcon_core.event_handler.log_command:Invoking command in '/nav_ws/build/bill': CMAKE_PREFIX_PATH=/nav_ws/install/bill_description:/nav_ws/install/bill_navigation:/nav_ws/install/bill_gazebo:/nav_ws/install/bill:/opt/ros/jazzy/opt/gz_sim_vendor:/opt/ros/jazzy/opt/gz_sensors_vendor:/opt/ros/jazzy/opt/gz_physics_vendor:/opt/ros/jazzy/opt/sdformat_vendor:/opt/ros/jazzy/opt/gz_gui_vendor:/opt/ros/jazzy/opt/gz_transport_vendor:/opt/ros/jazzy/opt/gz_rendering_vendor:/opt/ros/jazzy/opt/gz_plugin_vendor:/opt/ros/jazzy/opt/gz_fuel_tools_vendor:/opt/ros/jazzy/opt/gz_msgs_vendor:/opt/ros/jazzy/opt/gz_common_vendor:/opt/ros/jazzy/opt/gz_math_vendor:/opt/ros/jazzy/opt/gz_utils_vendor:/opt/ros/jazzy/opt/gz_tools_vendor:/opt/ros/jazzy/opt/gz_ogre_next_vendor:/opt/ros/jazzy/opt/gz_dartsim_vendor:/opt/ros/jazzy/opt/gz_cmake_vendor:/opt/ros/jazzy /usr/bin/cmake --install /nav_ws/build/bill
[0.441s] Level 1:colcon.colcon_core.environment:create_environment_scripts_only(bill)
[0.441s] Level 1:colcon.colcon_core.environment:checking '/nav_ws/install/bill' for CMake module files
[0.441s] DEBUG:colcon.colcon_core.event_handler.log_command:Invoked command in '/nav_ws/build/bill' returned '0': CMAKE_PREFIX_PATH=/nav_ws/install/bill_description:/nav_ws/install/bill_navigation:/nav_ws/install/bill_gazebo:/nav_ws/install/bill:/opt/ros/jazzy/opt/gz_sim_vendor:/opt/ros/jazzy/opt/gz_sensors_vendor:/opt/ros/jazzy/opt/gz_physics_vendor:/opt/ros/jazzy/opt/sdformat_vendor:/opt/ros/jazzy/opt/gz_gui_vendor:/opt/ros/jazzy/opt/gz_transport_vendor:/opt/ros/jazzy/opt/gz_rendering_vendor:/opt/ros/jazzy/opt/gz_plugin_vendor:/opt/ros/jazzy/opt/gz_fuel_tools_vendor:/opt/ros/jazzy/opt/gz_msgs_vendor:/opt/ros/jazzy/opt/gz_common_vendor:/opt/ros/jazzy/opt/gz_math_vendor:/opt/ros/jazzy/opt/gz_utils_vendor:/opt/ros/jazzy/opt/gz_tools_vendor:/opt/ros/jazzy/opt/gz_ogre_next_vendor:/opt/ros/jazzy/opt/gz_dartsim_vendor:/opt/ros/jazzy/opt/gz_cmake_vendor:/opt/ros/jazzy /usr/bin/cmake --install /nav_ws/build/bill
[0.442s] Level 1:colcon.colcon_core.environment:checking '/nav_ws/install/bill' for CMake config files
[0.442s] Level 1:colcon.colcon_core.shell:create_environment_hook('bill', 'cmake_prefix_path')
[0.442s] INFO:colcon.colcon_core.shell:Creating environment hook '/nav_ws/install/bill/share/bill/hook/cmake_prefix_path.ps1'
[0.442s] INFO:colcon.colcon_core.shell:Creating environment descriptor '/nav_ws/install/bill/share/bill/hook/cmake_prefix_path.dsv'
[0.443s] INFO:colcon.colcon_core.shell:Creating environment hook '/nav_ws/install/bill/share/bill/hook/cmake_prefix_path.sh'
[0.443s] Level 1:colcon.colcon_core.environment:checking '/nav_ws/install/bill/bin'
[0.443s] Level 1:colcon.colcon_core.environment:checking '/nav_ws/install/bill/lib/pkgconfig/bill.pc'
[0.443s] Level 1:colcon.colcon_core.environment:checking '/nav_ws/install/bill/lib/python3.12/site-packages'
[0.443s] Level 1:colcon.colcon_core.environment:checking '/nav_ws/install/bill/bin'
[0.444s] INFO:colcon.colcon_core.shell:Creating package script '/nav_ws/install/bill/share/bill/package.ps1'
[0.444s] INFO:colcon.colcon_core.shell:Creating package descriptor '/nav_ws/install/bill/share/bill/package.dsv'
[0.444s] INFO:colcon.colcon_core.shell:Creating package script '/nav_ws/install/bill/share/bill/package.sh'
[0.445s] INFO:colcon.colcon_core.shell:Creating package script '/nav_ws/install/bill/share/bill/package.bash'
[0.445s] INFO:colcon.colcon_core.shell:Creating package script '/nav_ws/install/bill/share/bill/package.zsh'
[0.445s] Level 1:colcon.colcon_core.environment:create_file_with_runtime_dependencies(/nav_ws/install/bill/share/colcon-core/packages/bill)
[0.446s] Level 1:colcon.colcon_core.environment:create_environment_scripts_only(bill)
[0.446s] Level 1:colcon.colcon_core.environment:checking '/nav_ws/install/bill' for CMake module files
[0.446s] Level 1:colcon.colcon_core.environment:checking '/nav_ws/install/bill' for CMake config files
[0.446s] Level 1:colcon.colcon_core.shell:create_environment_hook('bill', 'cmake_prefix_path')
[0.446s] INFO:colcon.colcon_core.shell:Creating environment hook '/nav_ws/install/bill/share/bill/hook/cmake_prefix_path.ps1'
[0.447s] INFO:colcon.colcon_core.shell:Creating environment descriptor '/nav_ws/install/bill/share/bill/hook/cmake_prefix_path.dsv'
[0.447s] INFO:colcon.colcon_core.shell:Creating environment hook '/nav_ws/install/bill/share/bill/hook/cmake_prefix_path.sh'
[0.447s] Level 1:colcon.colcon_core.environment:checking '/nav_ws/install/bill/bin'
[0.447s] Level 1:colcon.colcon_core.environment:checking '/nav_ws/install/bill/lib/pkgconfig/bill.pc'
[0.448s] Level 1:colcon.colcon_core.environment:checking '/nav_ws/install/bill/lib/python3.12/site-packages'
[0.448s] Level 1:colcon.colcon_core.environment:checking '/nav_ws/install/bill/bin'
[0.448s] INFO:colcon.colcon_core.shell:Creating package script '/nav_ws/install/bill/share/bill/package.ps1'
[0.448s] INFO:colcon.colcon_core.shell:Creating package descriptor '/nav_ws/install/bill/share/bill/package.dsv'
[0.449s] INFO:colcon.colcon_core.shell:Creating package script '/nav_ws/install/bill/share/bill/package.sh'
[0.449s] INFO:colcon.colcon_core.shell:Creating package script '/nav_ws/install/bill/share/bill/package.bash'
[0.449s] INFO:colcon.colcon_core.shell:Creating package script '/nav_ws/install/bill/share/bill/package.zsh'
[0.450s] Level 1:colcon.colcon_core.environment:create_file_with_runtime_dependencies(/nav_ws/install/bill/share/colcon-core/packages/bill)
[0.450s] DEBUG:colcon.colcon_parallel_executor.executor.parallel:closing loop
[0.450s] DEBUG:colcon.colcon_parallel_executor.executor.parallel:loop closed
[0.450s] DEBUG:colcon.colcon_parallel_executor.executor.parallel:run_until_complete finished with '0'
[0.450s] DEBUG:colcon.colcon_core.event_reactor:joining thread
[0.460s] INFO:colcon.colcon_core.plugin_system:Skipping extension 'colcon_notification.desktop_notification.notify_send': Could not find 'notify-send'
[0.461s] INFO:colcon.colcon_core.plugin_system:Skipping extension 'colcon_notification.desktop_notification.terminal_notifier': Not used on non-Darwin systems
[0.461s] INFO:colcon.colcon_core.plugin_system:Skipping extension 'colcon_notification.desktop_notification.win32': Not used on non-Windows systems
[0.461s] INFO:colcon.colcon_notification.desktop_notification:Sending desktop notification using 'notify2'
[0.464s] DEBUG:colcon.colcon_notification.desktop_notification.notify2:Failed to initialize notify2: org.freedesktop.DBus.Error.Spawn.ExecFailed: /usr/bin/dbus-launch terminated abnormally without any error message
[0.464s] DEBUG:colcon.colcon_core.event_reactor:joined thread
[0.465s] INFO:colcon.colcon_core.shell:Creating prefix script '/nav_ws/install/local_setup.ps1'
[0.466s] INFO:colcon.colcon_core.shell:Creating prefix util module '/nav_ws/install/_local_setup_util_ps1.py'
[0.467s] INFO:colcon.colcon_core.shell:Creating prefix chain script '/nav_ws/install/setup.ps1'
[0.469s] INFO:colcon.colcon_core.shell:Creating prefix script '/nav_ws/install/local_setup.sh'
[0.470s] INFO:colcon.colcon_core.shell:Creating prefix util module '/nav_ws/install/_local_setup_util_sh.py'
[0.470s] INFO:colcon.colcon_core.shell:Creating prefix chain script '/nav_ws/install/setup.sh'
[0.471s] INFO:colcon.colcon_core.shell:Creating prefix script '/nav_ws/install/local_setup.bash'
[0.472s] INFO:colcon.colcon_core.shell:Creating prefix chain script '/nav_ws/install/setup.bash'
[0.474s] INFO:colcon.colcon_core.shell:Creating prefix script '/nav_ws/install/local_setup.zsh'
[0.475s] INFO:colcon.colcon_core.shell:Creating prefix chain script '/nav_ws/install/setup.zsh'
