[0.017s] Invoking command in '/nav_ws/build/bill_description': CMAKE_PREFIX_PATH=${CMAKE_PREFIX_PATH}:/opt/ros/jazzy /usr/bin/cmake /nav_ws/src/bill_description -DCMAKE_INSTALL_PREFIX=/nav_ws/install/bill_description
[0.202s] -- The C compiler identification is GNU 13.3.0
[0.303s] -- The CXX compiler identification is GNU 13.3.0
[0.329s] -- Detecting C compiler ABI info
[0.453s] -- Detecting C compiler ABI info - done
[0.462s] -- Check for working C compiler: /usr/bin/cc - skipped
[0.463s] -- Detecting C compile features
[0.463s] -- Detecting C compile features - done
[0.477s] -- Detecting CXX compiler ABI info
[0.598s] -- Detecting CXX compiler ABI info - done
[0.607s] -- Check for working CXX compiler: /usr/bin/c++ - skipped
[0.608s] -- Detecting CXX compile features
[0.608s] -- Detecting CXX compile features - done
[0.625s] -- Found ament_cmake: 2.5.4 (/opt/ros/jazzy/share/ament_cmake/cmake)
[0.807s] -- Found Python3: /usr/bin/python3 (found version "3.12.3") found components: Interpreter 
[1.015s] -- Found urdf_tutorial: 1.1.0 (/opt/ros/jazzy/share/urdf_tutorial/cmake)
[1.021s] -- Found ament_lint_auto: 0.17.2 (/opt/ros/jazzy/share/ament_lint_auto/cmake)
[1.162s] -- Added test 'flake8' to check Python code syntax and style conventions
[1.162s] -- Configured 'flake8' exclude dirs and/or files: 
[1.164s] -- Added test 'lint_cmake' to check CMake code style
[1.165s] -- Added test 'pep257' to check Python code against some of the docstring style conventions in PEP 257
[1.168s] -- Added test 'xmllint' to check XML markup files
[1.171s] -- Configuring done (1.1s)
[1.175s] -- Generating done (0.0s)
[1.177s] -- Build files have been written to: /nav_ws/build/bill_description
[1.183s] Invoked command in '/nav_ws/build/bill_description' returned '0': CMAKE_PREFIX_PATH=${CMAKE_PREFIX_PATH}:/opt/ros/jazzy /usr/bin/cmake /nav_ws/src/bill_description -DCMAKE_INSTALL_PREFIX=/nav_ws/install/bill_description
[1.184s] Invoking command in '/nav_ws/build/bill_description': CMAKE_PREFIX_PATH=${CMAKE_PREFIX_PATH}:/opt/ros/jazzy /usr/bin/cmake --build /nav_ws/build/bill_description -- -j16 -l16
[1.237s] Invoked command in '/nav_ws/build/bill_description' returned '0': CMAKE_PREFIX_PATH=${CMAKE_PREFIX_PATH}:/opt/ros/jazzy /usr/bin/cmake --build /nav_ws/build/bill_description -- -j16 -l16
[1.250s] Invoking command in '/nav_ws/build/bill_description': CMAKE_PREFIX_PATH=${CMAKE_PREFIX_PATH}:/opt/ros/jazzy /usr/bin/cmake --install /nav_ws/build/bill_description
[1.260s] -- Install configuration: ""
[1.260s] -- Installing: /nav_ws/install/bill_description/share/bill_description/meshes
[1.260s] -- Installing: /nav_ws/install/bill_description/share/bill_description/meshes/rplidar
[1.261s] -- Installing: /nav_ws/install/bill_description/share/bill_description/meshes/robot_3d
[1.261s] -- Installing: /nav_ws/install/bill_description/share/bill_description/meshes/robot_3d/visual
[1.261s] -- Installing: /nav_ws/install/bill_description/share/bill_description/meshes/robot_3d/visual/back_right_wheel_X3.STL
[1.264s] -- Installing: /nav_ws/install/bill_description/share/bill_description/meshes/robot_3d/visual/front_right_wheel_X3.STL
[1.268s] -- Installing: /nav_ws/install/bill_description/share/bill_description/meshes/robot_3d/visual/laser_link.STL
[1.280s] -- Installing: /nav_ws/install/bill_description/share/bill_description/meshes/robot_3d/visual/back_left_wheel_X3.STL
[1.284s] -- Installing: /nav_ws/install/bill_description/share/bill_description/meshes/robot_3d/visual/front_left_wheel_X3.STL
[1.288s] -- Installing: /nav_ws/install/bill_description/share/bill_description/meshes/robot_3d/visual/base_link_X3.STL
[1.289s] -- Installing: /nav_ws/install/bill_description/share/bill_description/meshes/robot_3d/visual/camera_link.STL
[1.290s] -- Installing: /nav_ws/install/bill_description/share/bill_description/urdf
[1.290s] -- Installing: /nav_ws/install/bill_description/share/bill_description/urdf/robots
[1.290s] -- Installing: /nav_ws/install/bill_description/share/bill_description/urdf/robots/robot_3d.urdf.xacro
[1.295s] -- Installing: /nav_ws/install/bill_description/share/bill_description/urdf/sensors
[1.295s] -- Installing: /nav_ws/install/bill_description/share/bill_description/urdf/sensors/lidar.urdf.xacro
[1.295s] -- Installing: /nav_ws/install/bill_description/share/bill_description/urdf/mech
[1.295s] -- Installing: /nav_ws/install/bill_description/share/bill_description/urdf/mech/robot_3d_base.urdf.xacro
[1.295s] -- Installing: /nav_ws/install/bill_description/share/bill_description/urdf/mech/mecanum_wheel.urdf.xacro
[1.296s] -- Installing: /nav_ws/install/bill_description/share/bill_description/urdf/control
[1.296s] -- Installing: /nav_ws/install/bill_description/share/bill_description/urdf/control/bill.gazebo
[1.296s] -- Installing: /nav_ws/install/bill_description/share/bill_description/launch
[1.296s] -- Installing: /nav_ws/install/bill_description/share/bill_description/launch/check_urdf.launch.py
[1.296s] -- Installing: /nav_ws/install/bill_description/share/bill_description/launch/robot_state_publisher.launch.py
[1.296s] -- Installing: /nav_ws/install/bill_description/share/bill_description/rviz
[1.296s] -- Installing: /nav_ws/install/bill_description/share/bill_description/rviz/bill.rviz
[1.297s] -- Installing: /nav_ws/install/bill_description/share/bill_description/rviz/rviz.rviz
[1.297s] -- Installing: /nav_ws/install/bill_description/share/ament_index/resource_index/package_run_dependencies/bill_description
[1.297s] -- Installing: /nav_ws/install/bill_description/share/ament_index/resource_index/parent_prefix_path/bill_description
[1.297s] -- Installing: /nav_ws/install/bill_description/share/bill_description/environment/ament_prefix_path.sh
[1.297s] -- Installing: /nav_ws/install/bill_description/share/bill_description/environment/ament_prefix_path.dsv
[1.298s] -- Installing: /nav_ws/install/bill_description/share/bill_description/environment/path.sh
[1.298s] -- Installing: /nav_ws/install/bill_description/share/bill_description/environment/path.dsv
[1.298s] -- Installing: /nav_ws/install/bill_description/share/bill_description/local_setup.bash
[1.298s] -- Installing: /nav_ws/install/bill_description/share/bill_description/local_setup.sh
[1.298s] -- Installing: /nav_ws/install/bill_description/share/bill_description/local_setup.zsh
[1.298s] -- Installing: /nav_ws/install/bill_description/share/bill_description/local_setup.dsv
[1.298s] -- Installing: /nav_ws/install/bill_description/share/bill_description/package.dsv
[1.299s] -- Installing: /nav_ws/install/bill_description/share/ament_index/resource_index/packages/bill_description
[1.299s] -- Installing: /nav_ws/install/bill_description/share/bill_description/cmake/bill_descriptionConfig.cmake
[1.299s] -- Installing: /nav_ws/install/bill_description/share/bill_description/cmake/bill_descriptionConfig-version.cmake
[1.299s] -- Installing: /nav_ws/install/bill_description/share/bill_description/package.xml
[1.302s] Invoked command in '/nav_ws/build/bill_description' returned '0': CMAKE_PREFIX_PATH=${CMAKE_PREFIX_PATH}:/opt/ros/jazzy /usr/bin/cmake --install /nav_ws/build/bill_description
