[0.104s] DEBUG:colcon:Command line arguments: ['/usr/bin/colcon', 'build']
[0.104s] DEBUG:colcon:Parsed command line arguments: Namespace(log_base=None, log_level=None, verb_name='build', build_base='build', install_base='install', merge_install=False, symlink_install=False, test_result_base=None, continue_on_error=False, executor='parallel', parallel_workers=16, event_handlers=None, ignore_user_meta=False, metas=['./colcon.meta'], base_paths=['.'], packages_ignore=None, packages_ignore_regex=None, paths=None, packages_up_to=None, packages_up_to_regex=None, packages_above=None, packages_above_and_dependencies=None, packages_above_depth=None, packages_select_by_dep=None, packages_skip_by_dep=None, packages_skip_up_to=None, packages_select_build_failed=False, packages_skip_build_finished=False, packages_select_test_failures=False, packages_skip_test_passed=False, packages_select=None, packages_skip=None, packages_select_regex=None, packages_skip_regex=None, packages_start=None, packages_end=None, cmake_args=None, cmake_target=None, cmake_target_skip_unavailable=False, cmake_clean_cache=False, cmake_clean_first=False, cmake_force_configure=False, ament_cmake_args=None, catkin_cmake_args=None, catkin_skip_building_tests=False, mixin_files=None, mixin=None, verb_parser=<colcon_mixin.mixin.mixin_argument.MixinArgumentDecorator object at 0x74b9c56c1430>, verb_extension=<colcon_core.verb.build.BuildVerb object at 0x74b9c581ecf0>, main=<bound method BuildVerb.main of <colcon_core.verb.build.BuildVerb object at 0x74b9c581ecf0>>, mixin_verb=('build',))
[0.139s] Level 1:colcon.colcon_core.package_discovery:discover_packages(colcon_meta) check parameters
[0.140s] INFO:colcon.colcon_metadata.package_discovery.colcon_meta:Using configuration from '/root/.colcon/metadata/default/Gazebo.meta'
[0.140s] INFO:colcon.colcon_metadata.package_discovery.colcon_meta:Using configuration from '/root/.colcon/metadata/default/fastdds.meta'
[0.140s] INFO:colcon.colcon_metadata.package_discovery.colcon_meta:Using configuration from '/root/.colcon/metadata/default/fastrtps.meta'
[0.140s] Level 1:colcon.colcon_core.package_discovery:discover_packages(recursive) check parameters
[0.140s] Level 1:colcon.colcon_core.package_discovery:discover_packages(ignore) check parameters
[0.140s] Level 1:colcon.colcon_core.package_discovery:discover_packages(path) check parameters
[0.140s] Level 1:colcon.colcon_core.package_discovery:discover_packages(colcon_meta) discover
[0.140s] Level 1:colcon.colcon_core.package_discovery:discover_packages(recursive) discover
[0.140s] INFO:colcon.colcon_core.package_discovery:Crawling recursively for packages in '/nav_ws'
[0.140s] Level 1:colcon.colcon_core.package_identification:_identify(.) by extensions ['ignore', 'ignore_ament_install']
[0.141s] Level 1:colcon.colcon_core.package_identification:_identify(.) by extension 'ignore'
[0.141s] Level 1:colcon.colcon_core.package_identification:_identify(.) by extension 'ignore_ament_install'
[0.141s] Level 1:colcon.colcon_core.package_identification:_identify(.) by extensions ['colcon_pkg']
[0.141s] Level 1:colcon.colcon_core.package_identification:_identify(.) by extension 'colcon_pkg'
[0.141s] Level 1:colcon.colcon_core.package_identification:_identify(.) by extensions ['colcon_meta']
[0.141s] Level 1:colcon.colcon_core.package_identification:_identify(.) by extension 'colcon_meta'
[0.141s] Level 1:colcon.colcon_core.package_identification:_identify(.) by extensions ['ros']
[0.141s] Level 1:colcon.colcon_core.package_identification:_identify(.) by extension 'ros'
[0.163s] Level 1:colcon.colcon_core.package_identification:_identify(.) by extensions ['cmake', 'python']
[0.163s] Level 1:colcon.colcon_core.package_identification:_identify(.) by extension 'cmake'
[0.163s] Level 1:colcon.colcon_core.package_identification:_identify(.) by extension 'python'
[0.163s] Level 1:colcon.colcon_core.package_identification:_identify(.) by extensions ['python_setup_py']
[0.163s] Level 1:colcon.colcon_core.package_identification:_identify(.) by extension 'python_setup_py'
[0.163s] Level 1:colcon.colcon_core.package_identification:_identify(build) by extensions ['ignore', 'ignore_ament_install']
[0.164s] Level 1:colcon.colcon_core.package_identification:_identify(build) by extension 'ignore'
[0.164s] Level 1:colcon.colcon_core.package_identification:_identify(build) ignored
[0.164s] Level 1:colcon.colcon_core.package_identification:_identify(install) by extensions ['ignore', 'ignore_ament_install']
[0.164s] Level 1:colcon.colcon_core.package_identification:_identify(install) by extension 'ignore'
[0.164s] Level 1:colcon.colcon_core.package_identification:_identify(install) ignored
[0.164s] Level 1:colcon.colcon_core.package_identification:_identify(log) by extensions ['ignore', 'ignore_ament_install']
[0.164s] Level 1:colcon.colcon_core.package_identification:_identify(log) by extension 'ignore'
[0.164s] Level 1:colcon.colcon_core.package_identification:_identify(log) ignored
[0.164s] Level 1:colcon.colcon_core.package_identification:_identify(src) by extensions ['ignore', 'ignore_ament_install']
[0.164s] Level 1:colcon.colcon_core.package_identification:_identify(src) by extension 'ignore'
[0.164s] Level 1:colcon.colcon_core.package_identification:_identify(src) by extension 'ignore_ament_install'
[0.164s] Level 1:colcon.colcon_core.package_identification:_identify(src) by extensions ['colcon_pkg']
[0.164s] Level 1:colcon.colcon_core.package_identification:_identify(src) by extension 'colcon_pkg'
[0.164s] Level 1:colcon.colcon_core.package_identification:_identify(src) by extensions ['colcon_meta']
[0.164s] Level 1:colcon.colcon_core.package_identification:_identify(src) by extension 'colcon_meta'
[0.164s] Level 1:colcon.colcon_core.package_identification:_identify(src) by extensions ['ros']
[0.164s] Level 1:colcon.colcon_core.package_identification:_identify(src) by extension 'ros'
[0.164s] Level 1:colcon.colcon_core.package_identification:_identify(src) by extensions ['cmake', 'python']
[0.164s] Level 1:colcon.colcon_core.package_identification:_identify(src) by extension 'cmake'
[0.164s] Level 1:colcon.colcon_core.package_identification:_identify(src) by extension 'python'
[0.164s] Level 1:colcon.colcon_core.package_identification:_identify(src) by extensions ['python_setup_py']
[0.165s] Level 1:colcon.colcon_core.package_identification:_identify(src) by extension 'python_setup_py'
[0.165s] Level 1:colcon.colcon_core.package_identification:_identify(src/bill) by extensions ['ignore', 'ignore_ament_install']
[0.165s] Level 1:colcon.colcon_core.package_identification:_identify(src/bill) by extension 'ignore'
[0.165s] Level 1:colcon.colcon_core.package_identification:_identify(src/bill) by extension 'ignore_ament_install'
[0.165s] Level 1:colcon.colcon_core.package_identification:_identify(src/bill) by extensions ['colcon_pkg']
[0.165s] Level 1:colcon.colcon_core.package_identification:_identify(src/bill) by extension 'colcon_pkg'
[0.165s] Level 1:colcon.colcon_core.package_identification:_identify(src/bill) by extensions ['colcon_meta']
[0.165s] Level 1:colcon.colcon_core.package_identification:_identify(src/bill) by extension 'colcon_meta'
[0.165s] Level 1:colcon.colcon_core.package_identification:_identify(src/bill) by extensions ['ros']
[0.165s] Level 1:colcon.colcon_core.package_identification:_identify(src/bill) by extension 'ros'
[0.167s] DEBUG:colcon.colcon_core.package_identification:Package 'src/bill' with type 'ros.ament_cmake' and name 'bill'
[0.167s] Level 1:colcon.colcon_core.package_identification:_identify(src/bill_description) by extensions ['ignore', 'ignore_ament_install']
[0.167s] Level 1:colcon.colcon_core.package_identification:_identify(src/bill_description) by extension 'ignore'
[0.167s] Level 1:colcon.colcon_core.package_identification:_identify(src/bill_description) by extension 'ignore_ament_install'
[0.167s] Level 1:colcon.colcon_core.package_identification:_identify(src/bill_description) by extensions ['colcon_pkg']
[0.167s] Level 1:colcon.colcon_core.package_identification:_identify(src/bill_description) by extension 'colcon_pkg'
[0.167s] Level 1:colcon.colcon_core.package_identification:_identify(src/bill_description) by extensions ['colcon_meta']
[0.167s] Level 1:colcon.colcon_core.package_identification:_identify(src/bill_description) by extension 'colcon_meta'
[0.167s] Level 1:colcon.colcon_core.package_identification:_identify(src/bill_description) by extensions ['ros']
[0.167s] Level 1:colcon.colcon_core.package_identification:_identify(src/bill_description) by extension 'ros'
[0.168s] DEBUG:colcon.colcon_core.package_identification:Package 'src/bill_description' with type 'ros.ament_cmake' and name 'bill_description'
[0.168s] Level 1:colcon.colcon_core.package_discovery:discover_packages(recursive) using defaults
[0.168s] Level 1:colcon.colcon_core.package_discovery:discover_packages(ignore) discover
[0.168s] Level 1:colcon.colcon_core.package_discovery:discover_packages(ignore) using defaults
[0.168s] Level 1:colcon.colcon_core.package_discovery:discover_packages(path) discover
[0.168s] Level 1:colcon.colcon_core.package_discovery:discover_packages(path) using defaults
[0.185s] Level 5:colcon.colcon_core.verb:set package 'bill_description' build argument 'cmake_args' from command line to 'None'
[0.185s] Level 5:colcon.colcon_core.verb:set package 'bill_description' build argument 'cmake_target' from command line to 'None'
[0.185s] Level 5:colcon.colcon_core.verb:set package 'bill_description' build argument 'cmake_target_skip_unavailable' from command line to 'False'
[0.185s] Level 5:colcon.colcon_core.verb:set package 'bill_description' build argument 'cmake_clean_cache' from command line to 'False'
[0.185s] Level 5:colcon.colcon_core.verb:set package 'bill_description' build argument 'cmake_clean_first' from command line to 'False'
[0.185s] Level 5:colcon.colcon_core.verb:set package 'bill_description' build argument 'cmake_force_configure' from command line to 'False'
[0.185s] Level 5:colcon.colcon_core.verb:set package 'bill_description' build argument 'ament_cmake_args' from command line to 'None'
[0.185s] Level 5:colcon.colcon_core.verb:set package 'bill_description' build argument 'catkin_cmake_args' from command line to 'None'
[0.185s] Level 5:colcon.colcon_core.verb:set package 'bill_description' build argument 'catkin_skip_building_tests' from command line to 'False'
[0.185s] DEBUG:colcon.colcon_core.verb:Building package 'bill_description' with the following arguments: {'ament_cmake_args': None, 'build_base': '/nav_ws/build/bill_description', 'catkin_cmake_args': None, 'catkin_skip_building_tests': False, 'cmake_args': None, 'cmake_clean_cache': False, 'cmake_clean_first': False, 'cmake_force_configure': False, 'cmake_target': None, 'cmake_target_skip_unavailable': False, 'install_base': '/nav_ws/install/bill_description', 'merge_install': False, 'path': '/nav_ws/src/bill_description', 'symlink_install': False, 'test_result_base': None}
[0.185s] Level 5:colcon.colcon_core.verb:set package 'bill' build argument 'cmake_args' from command line to 'None'
[0.185s] Level 5:colcon.colcon_core.verb:set package 'bill' build argument 'cmake_target' from command line to 'None'
[0.185s] Level 5:colcon.colcon_core.verb:set package 'bill' build argument 'cmake_target_skip_unavailable' from command line to 'False'
[0.185s] Level 5:colcon.colcon_core.verb:set package 'bill' build argument 'cmake_clean_cache' from command line to 'False'
[0.185s] Level 5:colcon.colcon_core.verb:set package 'bill' build argument 'cmake_clean_first' from command line to 'False'
[0.185s] Level 5:colcon.colcon_core.verb:set package 'bill' build argument 'cmake_force_configure' from command line to 'False'
[0.185s] Level 5:colcon.colcon_core.verb:set package 'bill' build argument 'ament_cmake_args' from command line to 'None'
[0.185s] Level 5:colcon.colcon_core.verb:set package 'bill' build argument 'catkin_cmake_args' from command line to 'None'
[0.185s] Level 5:colcon.colcon_core.verb:set package 'bill' build argument 'catkin_skip_building_tests' from command line to 'False'
[0.185s] DEBUG:colcon.colcon_core.verb:Building package 'bill' with the following arguments: {'ament_cmake_args': None, 'build_base': '/nav_ws/build/bill', 'catkin_cmake_args': None, 'catkin_skip_building_tests': False, 'cmake_args': None, 'cmake_clean_cache': False, 'cmake_clean_first': False, 'cmake_force_configure': False, 'cmake_target': None, 'cmake_target_skip_unavailable': False, 'install_base': '/nav_ws/install/bill', 'merge_install': False, 'path': '/nav_ws/src/bill', 'symlink_install': False, 'test_result_base': None}
[0.185s] INFO:colcon.colcon_core.executor:Executing jobs using 'parallel' executor
[0.186s] DEBUG:colcon.colcon_parallel_executor.executor.parallel:run_until_complete
[0.186s] INFO:colcon.colcon_ros.task.ament_cmake.build:Building ROS package in '/nav_ws/src/bill_description' with build type 'ament_cmake'
[0.187s] INFO:colcon.colcon_cmake.task.cmake.build:Building CMake package in '/nav_ws/src/bill_description'
[0.189s] INFO:colcon.colcon_core.plugin_system:Skipping extension 'colcon_core.shell.bat': Not used on non-Windows systems
[0.189s] INFO:colcon.colcon_core.shell:Skip shell extension 'powershell' for command environment: Not usable outside of PowerShell
[0.189s] DEBUG:colcon.colcon_core.shell:Skip shell extension 'dsv' for command environment
[0.202s] DEBUG:colcon.colcon_core.event_handler.log_command:Invoking command in '/nav_ws/build/bill_description': CMAKE_PREFIX_PATH=${CMAKE_PREFIX_PATH}:/opt/ros/jazzy /usr/bin/cmake /nav_ws/src/bill_description -DCMAKE_INSTALL_PREFIX=/nav_ws/install/bill_description
[0.567s] DEBUG:colcon.colcon_core.event_handler.log_command:Invoked command in '/nav_ws/build/bill_description' returned '0': CMAKE_PREFIX_PATH=${CMAKE_PREFIX_PATH}:/opt/ros/jazzy /usr/bin/cmake /nav_ws/src/bill_description -DCMAKE_INSTALL_PREFIX=/nav_ws/install/bill_description
[0.569s] DEBUG:colcon.colcon_core.event_handler.log_command:Invoking command in '/nav_ws/build/bill_description': CMAKE_PREFIX_PATH=${CMAKE_PREFIX_PATH}:/opt/ros/jazzy /usr/bin/cmake --build /nav_ws/build/bill_description -- -j16 -l16
[0.621s] DEBUG:colcon.colcon_core.event_handler.log_command:Invoked command in '/nav_ws/build/bill_description' returned '0': CMAKE_PREFIX_PATH=${CMAKE_PREFIX_PATH}:/opt/ros/jazzy /usr/bin/cmake --build /nav_ws/build/bill_description -- -j16 -l16
[0.634s] DEBUG:colcon.colcon_core.event_handler.log_command:Invoking command in '/nav_ws/build/bill_description': CMAKE_PREFIX_PATH=${CMAKE_PREFIX_PATH}:/opt/ros/jazzy /usr/bin/cmake --install /nav_ws/build/bill_description
[0.649s] Level 1:colcon.colcon_core.environment:create_environment_scripts_only(bill_description)
[0.650s] DEBUG:colcon.colcon_core.event_handler.log_command:Invoked command in '/nav_ws/build/bill_description' returned '0': CMAKE_PREFIX_PATH=${CMAKE_PREFIX_PATH}:/opt/ros/jazzy /usr/bin/cmake --install /nav_ws/build/bill_description
[0.655s] Level 1:colcon.colcon_core.environment:checking '/nav_ws/install/bill_description' for CMake module files
[0.655s] Level 1:colcon.colcon_core.environment:checking '/nav_ws/install/bill_description' for CMake config files
[0.655s] Level 1:colcon.colcon_core.shell:create_environment_hook('bill_description', 'cmake_prefix_path')
[0.655s] INFO:colcon.colcon_core.shell:Creating environment hook '/nav_ws/install/bill_description/share/bill_description/hook/cmake_prefix_path.ps1'
[0.656s] INFO:colcon.colcon_core.shell:Creating environment descriptor '/nav_ws/install/bill_description/share/bill_description/hook/cmake_prefix_path.dsv'
[0.657s] INFO:colcon.colcon_core.shell:Creating environment hook '/nav_ws/install/bill_description/share/bill_description/hook/cmake_prefix_path.sh'
[0.657s] Level 1:colcon.colcon_core.environment:checking '/nav_ws/install/bill_description/bin'
[0.658s] Level 1:colcon.colcon_core.environment:checking '/nav_ws/install/bill_description/lib/pkgconfig/bill_description.pc'
[0.659s] Level 1:colcon.colcon_core.environment:checking '/nav_ws/install/bill_description/lib/python3.12/site-packages'
[0.660s] Level 1:colcon.colcon_core.environment:checking '/nav_ws/install/bill_description/bin'
[0.660s] INFO:colcon.colcon_core.shell:Creating package script '/nav_ws/install/bill_description/share/bill_description/package.ps1'
[0.661s] INFO:colcon.colcon_core.shell:Creating package descriptor '/nav_ws/install/bill_description/share/bill_description/package.dsv'
[0.661s] INFO:colcon.colcon_core.shell:Creating package script '/nav_ws/install/bill_description/share/bill_description/package.sh'
[0.662s] INFO:colcon.colcon_core.shell:Creating package script '/nav_ws/install/bill_description/share/bill_description/package.bash'
[0.663s] INFO:colcon.colcon_core.shell:Creating package script '/nav_ws/install/bill_description/share/bill_description/package.zsh'
[0.664s] Level 1:colcon.colcon_core.environment:create_file_with_runtime_dependencies(/nav_ws/install/bill_description/share/colcon-core/packages/bill_description)
[0.664s] Level 1:colcon.colcon_core.environment:create_environment_scripts_only(bill_description)
[0.664s] Level 1:colcon.colcon_core.environment:checking '/nav_ws/install/bill_description' for CMake module files
[0.665s] Level 1:colcon.colcon_core.environment:checking '/nav_ws/install/bill_description' for CMake config files
[0.665s] Level 1:colcon.colcon_core.shell:create_environment_hook('bill_description', 'cmake_prefix_path')
[0.665s] INFO:colcon.colcon_core.shell:Creating environment hook '/nav_ws/install/bill_description/share/bill_description/hook/cmake_prefix_path.ps1'
[0.665s] INFO:colcon.colcon_core.shell:Creating environment descriptor '/nav_ws/install/bill_description/share/bill_description/hook/cmake_prefix_path.dsv'
[0.666s] INFO:colcon.colcon_core.shell:Creating environment hook '/nav_ws/install/bill_description/share/bill_description/hook/cmake_prefix_path.sh'
[0.666s] Level 1:colcon.colcon_core.environment:checking '/nav_ws/install/bill_description/bin'
[0.666s] Level 1:colcon.colcon_core.environment:checking '/nav_ws/install/bill_description/lib/pkgconfig/bill_description.pc'
[0.666s] Level 1:colcon.colcon_core.environment:checking '/nav_ws/install/bill_description/lib/python3.12/site-packages'
[0.667s] Level 1:colcon.colcon_core.environment:checking '/nav_ws/install/bill_description/bin'
[0.667s] INFO:colcon.colcon_core.shell:Creating package script '/nav_ws/install/bill_description/share/bill_description/package.ps1'
[0.667s] INFO:colcon.colcon_core.shell:Creating package descriptor '/nav_ws/install/bill_description/share/bill_description/package.dsv'
[0.668s] INFO:colcon.colcon_core.shell:Creating package script '/nav_ws/install/bill_description/share/bill_description/package.sh'
[0.668s] INFO:colcon.colcon_core.shell:Creating package script '/nav_ws/install/bill_description/share/bill_description/package.bash'
[0.668s] INFO:colcon.colcon_core.shell:Creating package script '/nav_ws/install/bill_description/share/bill_description/package.zsh'
[0.669s] Level 1:colcon.colcon_core.environment:create_file_with_runtime_dependencies(/nav_ws/install/bill_description/share/colcon-core/packages/bill_description)
[0.669s] INFO:colcon.colcon_ros.task.ament_cmake.build:Building ROS package in '/nav_ws/src/bill' with build type 'ament_cmake'
[0.669s] INFO:colcon.colcon_cmake.task.cmake.build:Building CMake package in '/nav_ws/src/bill'
[0.669s] INFO:colcon.colcon_core.shell:Skip shell extension 'powershell' for command environment: Not usable outside of PowerShell
[0.669s] DEBUG:colcon.colcon_core.shell:Skip shell extension 'dsv' for command environment
[0.681s] DEBUG:colcon.colcon_core.event_handler.log_command:Invoking command in '/nav_ws/build/bill': AMENT_PREFIX_PATH=/nav_ws/install/bill_description:${AMENT_PREFIX_PATH} CMAKE_PREFIX_PATH=/nav_ws/install/bill_description:/opt/ros/jazzy/opt/gz_sim_vendor:/opt/ros/jazzy/opt/gz_sensors_vendor:/opt/ros/jazzy/opt/gz_physics_vendor:/opt/ros/jazzy/opt/sdformat_vendor:/opt/ros/jazzy/opt/gz_gui_vendor:/opt/ros/jazzy/opt/gz_transport_vendor:/opt/ros/jazzy/opt/gz_rendering_vendor:/opt/ros/jazzy/opt/gz_plugin_vendor:/opt/ros/jazzy/opt/gz_fuel_tools_vendor:/opt/ros/jazzy/opt/gz_msgs_vendor:/opt/ros/jazzy/opt/gz_common_vendor:/opt/ros/jazzy/opt/gz_math_vendor:/opt/ros/jazzy/opt/gz_utils_vendor:/opt/ros/jazzy/opt/gz_tools_vendor:/opt/ros/jazzy/opt/gz_ogre_next_vendor:/opt/ros/jazzy/opt/gz_dartsim_vendor:/opt/ros/jazzy/opt/gz_cmake_vendor:/opt/ros/jazzy /usr/bin/cmake --build /nav_ws/build/bill -- -j16 -l16
[1.054s] DEBUG:colcon.colcon_core.event_handler.log_command:Invoked command in '/nav_ws/build/bill' returned '0': AMENT_PREFIX_PATH=/nav_ws/install/bill_description:${AMENT_PREFIX_PATH} CMAKE_PREFIX_PATH=/nav_ws/install/bill_description:/opt/ros/jazzy/opt/gz_sim_vendor:/opt/ros/jazzy/opt/gz_sensors_vendor:/opt/ros/jazzy/opt/gz_physics_vendor:/opt/ros/jazzy/opt/sdformat_vendor:/opt/ros/jazzy/opt/gz_gui_vendor:/opt/ros/jazzy/opt/gz_transport_vendor:/opt/ros/jazzy/opt/gz_rendering_vendor:/opt/ros/jazzy/opt/gz_plugin_vendor:/opt/ros/jazzy/opt/gz_fuel_tools_vendor:/opt/ros/jazzy/opt/gz_msgs_vendor:/opt/ros/jazzy/opt/gz_common_vendor:/opt/ros/jazzy/opt/gz_math_vendor:/opt/ros/jazzy/opt/gz_utils_vendor:/opt/ros/jazzy/opt/gz_tools_vendor:/opt/ros/jazzy/opt/gz_ogre_next_vendor:/opt/ros/jazzy/opt/gz_dartsim_vendor:/opt/ros/jazzy/opt/gz_cmake_vendor:/opt/ros/jazzy /usr/bin/cmake --build /nav_ws/build/bill -- -j16 -l16
[1.055s] DEBUG:colcon.colcon_core.event_handler.log_command:Invoking command in '/nav_ws/build/bill': AMENT_PREFIX_PATH=/nav_ws/install/bill_description:${AMENT_PREFIX_PATH} CMAKE_PREFIX_PATH=/nav_ws/install/bill_description:/opt/ros/jazzy/opt/gz_sim_vendor:/opt/ros/jazzy/opt/gz_sensors_vendor:/opt/ros/jazzy/opt/gz_physics_vendor:/opt/ros/jazzy/opt/sdformat_vendor:/opt/ros/jazzy/opt/gz_gui_vendor:/opt/ros/jazzy/opt/gz_transport_vendor:/opt/ros/jazzy/opt/gz_rendering_vendor:/opt/ros/jazzy/opt/gz_plugin_vendor:/opt/ros/jazzy/opt/gz_fuel_tools_vendor:/opt/ros/jazzy/opt/gz_msgs_vendor:/opt/ros/jazzy/opt/gz_common_vendor:/opt/ros/jazzy/opt/gz_math_vendor:/opt/ros/jazzy/opt/gz_utils_vendor:/opt/ros/jazzy/opt/gz_tools_vendor:/opt/ros/jazzy/opt/gz_ogre_next_vendor:/opt/ros/jazzy/opt/gz_dartsim_vendor:/opt/ros/jazzy/opt/gz_cmake_vendor:/opt/ros/jazzy /usr/bin/cmake --install /nav_ws/build/bill
[1.071s] Level 1:colcon.colcon_core.environment:create_environment_scripts_only(bill)
[1.071s] Level 1:colcon.colcon_core.environment:checking '/nav_ws/install/bill' for CMake module files
[1.072s] DEBUG:colcon.colcon_core.event_handler.log_command:Invoked command in '/nav_ws/build/bill' returned '0': AMENT_PREFIX_PATH=/nav_ws/install/bill_description:${AMENT_PREFIX_PATH} CMAKE_PREFIX_PATH=/nav_ws/install/bill_description:/opt/ros/jazzy/opt/gz_sim_vendor:/opt/ros/jazzy/opt/gz_sensors_vendor:/opt/ros/jazzy/opt/gz_physics_vendor:/opt/ros/jazzy/opt/sdformat_vendor:/opt/ros/jazzy/opt/gz_gui_vendor:/opt/ros/jazzy/opt/gz_transport_vendor:/opt/ros/jazzy/opt/gz_rendering_vendor:/opt/ros/jazzy/opt/gz_plugin_vendor:/opt/ros/jazzy/opt/gz_fuel_tools_vendor:/opt/ros/jazzy/opt/gz_msgs_vendor:/opt/ros/jazzy/opt/gz_common_vendor:/opt/ros/jazzy/opt/gz_math_vendor:/opt/ros/jazzy/opt/gz_utils_vendor:/opt/ros/jazzy/opt/gz_tools_vendor:/opt/ros/jazzy/opt/gz_ogre_next_vendor:/opt/ros/jazzy/opt/gz_dartsim_vendor:/opt/ros/jazzy/opt/gz_cmake_vendor:/opt/ros/jazzy /usr/bin/cmake --install /nav_ws/build/bill
[1.072s] Level 1:colcon.colcon_core.environment:checking '/nav_ws/install/bill' for CMake config files
[1.072s] Level 1:colcon.colcon_core.shell:create_environment_hook('bill', 'cmake_prefix_path')
[1.072s] INFO:colcon.colcon_core.shell:Creating environment hook '/nav_ws/install/bill/share/bill/hook/cmake_prefix_path.ps1'
[1.073s] INFO:colcon.colcon_core.shell:Creating environment descriptor '/nav_ws/install/bill/share/bill/hook/cmake_prefix_path.dsv'
[1.073s] INFO:colcon.colcon_core.shell:Creating environment hook '/nav_ws/install/bill/share/bill/hook/cmake_prefix_path.sh'
[1.073s] Level 1:colcon.colcon_core.environment:checking '/nav_ws/install/bill/bin'
[1.073s] Level 1:colcon.colcon_core.environment:checking '/nav_ws/install/bill/lib/pkgconfig/bill.pc'
[1.074s] Level 1:colcon.colcon_core.environment:checking '/nav_ws/install/bill/lib/python3.12/site-packages'
[1.074s] Level 1:colcon.colcon_core.environment:checking '/nav_ws/install/bill/bin'
[1.074s] INFO:colcon.colcon_core.shell:Creating package script '/nav_ws/install/bill/share/bill/package.ps1'
[1.074s] INFO:colcon.colcon_core.shell:Creating package descriptor '/nav_ws/install/bill/share/bill/package.dsv'
[1.075s] INFO:colcon.colcon_core.shell:Creating package script '/nav_ws/install/bill/share/bill/package.sh'
[1.075s] INFO:colcon.colcon_core.shell:Creating package script '/nav_ws/install/bill/share/bill/package.bash'
[1.075s] INFO:colcon.colcon_core.shell:Creating package script '/nav_ws/install/bill/share/bill/package.zsh'
[1.075s] Level 1:colcon.colcon_core.environment:create_file_with_runtime_dependencies(/nav_ws/install/bill/share/colcon-core/packages/bill)
[1.076s] Level 1:colcon.colcon_core.environment:create_environment_scripts_only(bill)
[1.076s] Level 1:colcon.colcon_core.environment:checking '/nav_ws/install/bill' for CMake module files
[1.076s] Level 1:colcon.colcon_core.environment:checking '/nav_ws/install/bill' for CMake config files
[1.076s] Level 1:colcon.colcon_core.shell:create_environment_hook('bill', 'cmake_prefix_path')
[1.076s] INFO:colcon.colcon_core.shell:Creating environment hook '/nav_ws/install/bill/share/bill/hook/cmake_prefix_path.ps1'
[1.077s] INFO:colcon.colcon_core.shell:Creating environment descriptor '/nav_ws/install/bill/share/bill/hook/cmake_prefix_path.dsv'
[1.077s] INFO:colcon.colcon_core.shell:Creating environment hook '/nav_ws/install/bill/share/bill/hook/cmake_prefix_path.sh'
[1.078s] Level 1:colcon.colcon_core.environment:checking '/nav_ws/install/bill/bin'
[1.078s] Level 1:colcon.colcon_core.environment:checking '/nav_ws/install/bill/lib/pkgconfig/bill.pc'
[1.078s] Level 1:colcon.colcon_core.environment:checking '/nav_ws/install/bill/lib/python3.12/site-packages'
[1.078s] Level 1:colcon.colcon_core.environment:checking '/nav_ws/install/bill/bin'
[1.078s] INFO:colcon.colcon_core.shell:Creating package script '/nav_ws/install/bill/share/bill/package.ps1'
[1.078s] INFO:colcon.colcon_core.shell:Creating package descriptor '/nav_ws/install/bill/share/bill/package.dsv'
[1.079s] INFO:colcon.colcon_core.shell:Creating package script '/nav_ws/install/bill/share/bill/package.sh'
[1.079s] INFO:colcon.colcon_core.shell:Creating package script '/nav_ws/install/bill/share/bill/package.bash'
[1.079s] INFO:colcon.colcon_core.shell:Creating package script '/nav_ws/install/bill/share/bill/package.zsh'
[1.080s] Level 1:colcon.colcon_core.environment:create_file_with_runtime_dependencies(/nav_ws/install/bill/share/colcon-core/packages/bill)
[1.080s] DEBUG:colcon.colcon_parallel_executor.executor.parallel:closing loop
[1.080s] DEBUG:colcon.colcon_parallel_executor.executor.parallel:loop closed
[1.080s] DEBUG:colcon.colcon_parallel_executor.executor.parallel:run_until_complete finished with '0'
[1.080s] DEBUG:colcon.colcon_core.event_reactor:joining thread
[1.087s] INFO:colcon.colcon_core.plugin_system:Skipping extension 'colcon_notification.desktop_notification.notify_send': Could not find 'notify-send'
[1.087s] INFO:colcon.colcon_core.plugin_system:Skipping extension 'colcon_notification.desktop_notification.terminal_notifier': Not used on non-Darwin systems
[1.087s] INFO:colcon.colcon_core.plugin_system:Skipping extension 'colcon_notification.desktop_notification.win32': Not used on non-Windows systems
[1.087s] INFO:colcon.colcon_notification.desktop_notification:Sending desktop notification using 'notify2'
[1.090s] DEBUG:colcon.colcon_notification.desktop_notification.notify2:Failed to initialize notify2: org.freedesktop.DBus.Error.Spawn.ExecFailed: /usr/bin/dbus-launch terminated abnormally without any error message
[1.090s] DEBUG:colcon.colcon_core.event_reactor:joined thread
[1.091s] INFO:colcon.colcon_core.shell:Creating prefix script '/nav_ws/install/local_setup.ps1'
[1.093s] INFO:colcon.colcon_core.shell:Creating prefix util module '/nav_ws/install/_local_setup_util_ps1.py'
[1.094s] INFO:colcon.colcon_core.shell:Creating prefix chain script '/nav_ws/install/setup.ps1'
[1.095s] INFO:colcon.colcon_core.shell:Creating prefix script '/nav_ws/install/local_setup.sh'
[1.095s] INFO:colcon.colcon_core.shell:Creating prefix util module '/nav_ws/install/_local_setup_util_sh.py'
[1.095s] INFO:colcon.colcon_core.shell:Creating prefix chain script '/nav_ws/install/setup.sh'
[1.096s] INFO:colcon.colcon_core.shell:Creating prefix script '/nav_ws/install/local_setup.bash'
[1.097s] INFO:colcon.colcon_core.shell:Creating prefix chain script '/nav_ws/install/setup.bash'
[1.098s] INFO:colcon.colcon_core.shell:Creating prefix script '/nav_ws/install/local_setup.zsh'
[1.098s] INFO:colcon.colcon_core.shell:Creating prefix chain script '/nav_ws/install/setup.zsh'
