[0.014s] Invoking command in '/nav_ws/build/bill_description': CMAKE_PREFIX_PATH=${CMAKE_PREFIX_PATH}:/opt/ros/jazzy /usr/bin/cmake /nav_ws/src/bill_description -DCMAKE_INSTALL_PREFIX=/nav_ws/install/bill_description
[0.028s] -- Found ament_cmake: 2.5.4 (/opt/ros/jazzy/share/ament_cmake/cmake)
[0.238s] -- Found ament_lint_auto: 0.17.2 (/opt/ros/jazzy/share/ament_lint_auto/cmake)
[0.368s] -- Added test 'lint_cmake' to check CMake code style
[0.369s] -- Added test 'xmllint' to check XML markup files
[0.371s] -- Configuring done (0.3s)
[0.375s] -- Generating done (0.0s)
[0.376s] -- Build files have been written to: /nav_ws/build/bill_description
[0.380s] Invoked command in '/nav_ws/build/bill_description' returned '0': CMAKE_PREFIX_PATH=${CMAKE_PREFIX_PATH}:/opt/ros/jazzy /usr/bin/cmake /nav_ws/src/bill_description -DCMAKE_INSTALL_PREFIX=/nav_ws/install/bill_description
[0.382s] Invoking command in '/nav_ws/build/bill_description': CMAKE_PREFIX_PATH=${CMAKE_PREFIX_PATH}:/opt/ros/jazzy /usr/bin/cmake --build /nav_ws/build/bill_description -- -j16 -l16
[0.434s] Invoked command in '/nav_ws/build/bill_description' returned '0': CMAKE_PREFIX_PATH=${CMAKE_PREFIX_PATH}:/opt/ros/jazzy /usr/bin/cmake --build /nav_ws/build/bill_description -- -j16 -l16
[0.447s] Invoking command in '/nav_ws/build/bill_description': CMAKE_PREFIX_PATH=${CMAKE_PREFIX_PATH}:/opt/ros/jazzy /usr/bin/cmake --install /nav_ws/build/bill_description
[0.458s] -- Install configuration: ""
[0.458s] -- Installing: /nav_ws/install/bill_description/share/ament_index/resource_index/package_run_dependencies/bill_description
[0.458s] -- Installing: /nav_ws/install/bill_description/share/ament_index/resource_index/parent_prefix_path/bill_description
[0.459s] -- Installing: /nav_ws/install/bill_description/share/bill_description/environment/ament_prefix_path.sh
[0.459s] -- Installing: /nav_ws/install/bill_description/share/bill_description/environment/ament_prefix_path.dsv
[0.459s] -- Installing: /nav_ws/install/bill_description/share/bill_description/environment/path.sh
[0.459s] -- Installing: /nav_ws/install/bill_description/share/bill_description/environment/path.dsv
[0.459s] -- Installing: /nav_ws/install/bill_description/share/bill_description/local_setup.bash
[0.459s] -- Installing: /nav_ws/install/bill_description/share/bill_description/local_setup.sh
[0.459s] -- Installing: /nav_ws/install/bill_description/share/bill_description/local_setup.zsh
[0.459s] -- Installing: /nav_ws/install/bill_description/share/bill_description/local_setup.dsv
[0.459s] -- Installing: /nav_ws/install/bill_description/share/bill_description/package.dsv
[0.460s] -- Installing: /nav_ws/install/bill_description/share/ament_index/resource_index/packages/bill_description
[0.460s] -- Installing: /nav_ws/install/bill_description/share/bill_description/cmake/bill_descriptionConfig.cmake
[0.460s] -- Installing: /nav_ws/install/bill_description/share/bill_description/cmake/bill_descriptionConfig-version.cmake
[0.460s] -- Installing: /nav_ws/install/bill_description/share/bill_description/package.xml
[0.463s] Invoked command in '/nav_ws/build/bill_description' returned '0': CMAKE_PREFIX_PATH=${CMAKE_PREFIX_PATH}:/opt/ros/jazzy /usr/bin/cmake --install /nav_ws/build/bill_description
