[0.514s] DEBUG:colcon:Command line arguments: ['/usr/bin/colcon', 'build']
[0.515s] DEBUG:colcon:Parsed command line arguments: Namespace(log_base=None, log_level=None, verb_name='build', build_base='build', install_base='install', merge_install=False, symlink_install=False, test_result_base=None, continue_on_error=False, executor='parallel', parallel_workers=16, event_handlers=None, ignore_user_meta=False, metas=['./colcon.meta'], base_paths=['.'], packages_ignore=None, packages_ignore_regex=None, paths=None, packages_up_to=None, packages_up_to_regex=None, packages_above=None, packages_above_and_dependencies=None, packages_above_depth=None, packages_select_by_dep=None, packages_skip_by_dep=None, packages_skip_up_to=None, packages_select_build_failed=False, packages_skip_build_finished=False, packages_select_test_failures=False, packages_skip_test_passed=False, packages_select=None, packages_skip=None, packages_select_regex=None, packages_skip_regex=None, packages_start=None, packages_end=None, cmake_args=None, cmake_target=None, cmake_target_skip_unavailable=False, cmake_clean_cache=False, cmake_clean_first=False, cmake_force_configure=False, ament_cmake_args=None, catkin_cmake_args=None, catkin_skip_building_tests=False, mixin_files=None, mixin=None, verb_parser=<colcon_mixin.mixin.mixin_argument.MixinArgumentDecorator object at 0x781dd29dd070>, verb_extension=<colcon_core.verb.build.BuildVerb object at 0x781dd29dce60>, main=<bound method BuildVerb.main of <colcon_core.verb.build.BuildVerb object at 0x781dd29dce60>>, mixin_verb=('build',))
[0.651s] Level 1:colcon.colcon_core.package_discovery:discover_packages(colcon_meta) check parameters
[0.653s] INFO:colcon.colcon_metadata.package_discovery.colcon_meta:Using configuration from '/root/.colcon/metadata/default/Gazebo.meta'
[0.654s] INFO:colcon.colcon_metadata.package_discovery.colcon_meta:Using configuration from '/root/.colcon/metadata/default/fastdds.meta'
[0.655s] INFO:colcon.colcon_metadata.package_discovery.colcon_meta:Using configuration from '/root/.colcon/metadata/default/fastrtps.meta'
[0.655s] Level 1:colcon.colcon_core.package_discovery:discover_packages(recursive) check parameters
[0.655s] Level 1:colcon.colcon_core.package_discovery:discover_packages(ignore) check parameters
[0.655s] Level 1:colcon.colcon_core.package_discovery:discover_packages(path) check parameters
[0.655s] Level 1:colcon.colcon_core.package_discovery:discover_packages(colcon_meta) discover
[0.656s] Level 1:colcon.colcon_core.package_discovery:discover_packages(recursive) discover
[0.656s] INFO:colcon.colcon_core.package_discovery:Crawling recursively for packages in '/nav_ws'
[0.656s] Level 1:colcon.colcon_core.package_identification:_identify(.) by extensions ['ignore', 'ignore_ament_install']
[0.656s] Level 1:colcon.colcon_core.package_identification:_identify(.) by extension 'ignore'
[0.656s] Level 1:colcon.colcon_core.package_identification:_identify(.) by extension 'ignore_ament_install'
[0.656s] Level 1:colcon.colcon_core.package_identification:_identify(.) by extensions ['colcon_pkg']
[0.657s] Level 1:colcon.colcon_core.package_identification:_identify(.) by extension 'colcon_pkg'
[0.657s] Level 1:colcon.colcon_core.package_identification:_identify(.) by extensions ['colcon_meta']
[0.657s] Level 1:colcon.colcon_core.package_identification:_identify(.) by extension 'colcon_meta'
[0.657s] Level 1:colcon.colcon_core.package_identification:_identify(.) by extensions ['ros']
[0.657s] Level 1:colcon.colcon_core.package_identification:_identify(.) by extension 'ros'
[0.735s] Level 1:colcon.colcon_core.package_identification:_identify(.) by extensions ['cmake', 'python']
[0.735s] Level 1:colcon.colcon_core.package_identification:_identify(.) by extension 'cmake'
[0.735s] Level 1:colcon.colcon_core.package_identification:_identify(.) by extension 'python'
[0.735s] Level 1:colcon.colcon_core.package_identification:_identify(.) by extensions ['python_setup_py']
[0.735s] Level 1:colcon.colcon_core.package_identification:_identify(.) by extension 'python_setup_py'
[0.736s] Level 1:colcon.colcon_core.package_identification:_identify(build) by extensions ['ignore', 'ignore_ament_install']
[0.736s] Level 1:colcon.colcon_core.package_identification:_identify(build) by extension 'ignore'
[0.736s] Level 1:colcon.colcon_core.package_identification:_identify(build) ignored
[0.736s] Level 1:colcon.colcon_core.package_identification:_identify(install) by extensions ['ignore', 'ignore_ament_install']
[0.737s] Level 1:colcon.colcon_core.package_identification:_identify(install) by extension 'ignore'
[0.737s] Level 1:colcon.colcon_core.package_identification:_identify(install) ignored
[0.737s] Level 1:colcon.colcon_core.package_identification:_identify(log) by extensions ['ignore', 'ignore_ament_install']
[0.737s] Level 1:colcon.colcon_core.package_identification:_identify(log) by extension 'ignore'
[0.737s] Level 1:colcon.colcon_core.package_identification:_identify(log) ignored
[0.737s] Level 1:colcon.colcon_core.package_identification:_identify(src) by extensions ['ignore', 'ignore_ament_install']
[0.738s] Level 1:colcon.colcon_core.package_identification:_identify(src) by extension 'ignore'
[0.738s] Level 1:colcon.colcon_core.package_identification:_identify(src) by extension 'ignore_ament_install'
[0.738s] Level 1:colcon.colcon_core.package_identification:_identify(src) by extensions ['colcon_pkg']
[0.738s] Level 1:colcon.colcon_core.package_identification:_identify(src) by extension 'colcon_pkg'
[0.738s] Level 1:colcon.colcon_core.package_identification:_identify(src) by extensions ['colcon_meta']
[0.738s] Level 1:colcon.colcon_core.package_identification:_identify(src) by extension 'colcon_meta'
[0.738s] Level 1:colcon.colcon_core.package_identification:_identify(src) by extensions ['ros']
[0.738s] Level 1:colcon.colcon_core.package_identification:_identify(src) by extension 'ros'
[0.739s] Level 1:colcon.colcon_core.package_identification:_identify(src) by extensions ['cmake', 'python']
[0.739s] Level 1:colcon.colcon_core.package_identification:_identify(src) by extension 'cmake'
[0.739s] Level 1:colcon.colcon_core.package_identification:_identify(src) by extension 'python'
[0.739s] Level 1:colcon.colcon_core.package_identification:_identify(src) by extensions ['python_setup_py']
[0.739s] Level 1:colcon.colcon_core.package_identification:_identify(src) by extension 'python_setup_py'
[0.739s] Level 1:colcon.colcon_core.package_identification:_identify(src/bill) by extensions ['ignore', 'ignore_ament_install']
[0.740s] Level 1:colcon.colcon_core.package_identification:_identify(src/bill) by extension 'ignore'
[0.740s] Level 1:colcon.colcon_core.package_identification:_identify(src/bill) by extension 'ignore_ament_install'
[0.740s] Level 1:colcon.colcon_core.package_identification:_identify(src/bill) by extensions ['colcon_pkg']
[0.740s] Level 1:colcon.colcon_core.package_identification:_identify(src/bill) by extension 'colcon_pkg'
[0.740s] Level 1:colcon.colcon_core.package_identification:_identify(src/bill) by extensions ['colcon_meta']
[0.740s] Level 1:colcon.colcon_core.package_identification:_identify(src/bill) by extension 'colcon_meta'
[0.740s] Level 1:colcon.colcon_core.package_identification:_identify(src/bill) by extensions ['ros']
[0.740s] Level 1:colcon.colcon_core.package_identification:_identify(src/bill) by extension 'ros'
[0.747s] DEBUG:colcon.colcon_core.package_identification:Package 'src/bill' with type 'ros.ament_cmake' and name 'bill'
[0.747s] Level 1:colcon.colcon_core.package_identification:_identify(src/bill_description) by extensions ['ignore', 'ignore_ament_install']
[0.748s] Level 1:colcon.colcon_core.package_identification:_identify(src/bill_description) by extension 'ignore'
[0.748s] Level 1:colcon.colcon_core.package_identification:_identify(src/bill_description) by extension 'ignore_ament_install'
[0.748s] Level 1:colcon.colcon_core.package_identification:_identify(src/bill_description) by extensions ['colcon_pkg']
[0.748s] Level 1:colcon.colcon_core.package_identification:_identify(src/bill_description) by extension 'colcon_pkg'
[0.748s] Level 1:colcon.colcon_core.package_identification:_identify(src/bill_description) by extensions ['colcon_meta']
[0.748s] Level 1:colcon.colcon_core.package_identification:_identify(src/bill_description) by extension 'colcon_meta'
[0.748s] Level 1:colcon.colcon_core.package_identification:_identify(src/bill_description) by extensions ['ros']
[0.749s] Level 1:colcon.colcon_core.package_identification:_identify(src/bill_description) by extension 'ros'
[0.750s] DEBUG:colcon.colcon_core.package_identification:Package 'src/bill_description' with type 'ros.ament_cmake' and name 'bill_description'
[0.750s] Level 1:colcon.colcon_core.package_discovery:discover_packages(recursive) using defaults
[0.750s] Level 1:colcon.colcon_core.package_discovery:discover_packages(ignore) discover
[0.750s] Level 1:colcon.colcon_core.package_discovery:discover_packages(ignore) using defaults
[0.750s] Level 1:colcon.colcon_core.package_discovery:discover_packages(path) discover
[0.750s] Level 1:colcon.colcon_core.package_discovery:discover_packages(path) using defaults
[0.806s] Level 5:colcon.colcon_core.verb:set package 'bill_description' build argument 'cmake_args' from command line to 'None'
[0.806s] Level 5:colcon.colcon_core.verb:set package 'bill_description' build argument 'cmake_target' from command line to 'None'
[0.806s] Level 5:colcon.colcon_core.verb:set package 'bill_description' build argument 'cmake_target_skip_unavailable' from command line to 'False'
[0.806s] Level 5:colcon.colcon_core.verb:set package 'bill_description' build argument 'cmake_clean_cache' from command line to 'False'
[0.806s] Level 5:colcon.colcon_core.verb:set package 'bill_description' build argument 'cmake_clean_first' from command line to 'False'
[0.806s] Level 5:colcon.colcon_core.verb:set package 'bill_description' build argument 'cmake_force_configure' from command line to 'False'
[0.806s] Level 5:colcon.colcon_core.verb:set package 'bill_description' build argument 'ament_cmake_args' from command line to 'None'
[0.806s] Level 5:colcon.colcon_core.verb:set package 'bill_description' build argument 'catkin_cmake_args' from command line to 'None'
[0.806s] Level 5:colcon.colcon_core.verb:set package 'bill_description' build argument 'catkin_skip_building_tests' from command line to 'False'
[0.807s] DEBUG:colcon.colcon_core.verb:Building package 'bill_description' with the following arguments: {'ament_cmake_args': None, 'build_base': '/nav_ws/build/bill_description', 'catkin_cmake_args': None, 'catkin_skip_building_tests': False, 'cmake_args': None, 'cmake_clean_cache': False, 'cmake_clean_first': False, 'cmake_force_configure': False, 'cmake_target': None, 'cmake_target_skip_unavailable': False, 'install_base': '/nav_ws/install/bill_description', 'merge_install': False, 'path': '/nav_ws/src/bill_description', 'symlink_install': False, 'test_result_base': None}
[0.807s] Level 5:colcon.colcon_core.verb:set package 'bill' build argument 'cmake_args' from command line to 'None'
[0.807s] Level 5:colcon.colcon_core.verb:set package 'bill' build argument 'cmake_target' from command line to 'None'
[0.807s] Level 5:colcon.colcon_core.verb:set package 'bill' build argument 'cmake_target_skip_unavailable' from command line to 'False'
[0.807s] Level 5:colcon.colcon_core.verb:set package 'bill' build argument 'cmake_clean_cache' from command line to 'False'
[0.808s] Level 5:colcon.colcon_core.verb:set package 'bill' build argument 'cmake_clean_first' from command line to 'False'
[0.808s] Level 5:colcon.colcon_core.verb:set package 'bill' build argument 'cmake_force_configure' from command line to 'False'
[0.808s] Level 5:colcon.colcon_core.verb:set package 'bill' build argument 'ament_cmake_args' from command line to 'None'
[0.808s] Level 5:colcon.colcon_core.verb:set package 'bill' build argument 'catkin_cmake_args' from command line to 'None'
[0.808s] Level 5:colcon.colcon_core.verb:set package 'bill' build argument 'catkin_skip_building_tests' from command line to 'False'
[0.808s] DEBUG:colcon.colcon_core.verb:Building package 'bill' with the following arguments: {'ament_cmake_args': None, 'build_base': '/nav_ws/build/bill', 'catkin_cmake_args': None, 'catkin_skip_building_tests': False, 'cmake_args': None, 'cmake_clean_cache': False, 'cmake_clean_first': False, 'cmake_force_configure': False, 'cmake_target': None, 'cmake_target_skip_unavailable': False, 'install_base': '/nav_ws/install/bill', 'merge_install': False, 'path': '/nav_ws/src/bill', 'symlink_install': False, 'test_result_base': None}
[0.808s] INFO:colcon.colcon_core.executor:Executing jobs using 'parallel' executor
[0.811s] DEBUG:colcon.colcon_parallel_executor.executor.parallel:run_until_complete
[0.811s] INFO:colcon.colcon_ros.task.ament_cmake.build:Building ROS package in '/nav_ws/src/bill_description' with build type 'ament_cmake'
[0.812s] INFO:colcon.colcon_cmake.task.cmake.build:Building CMake package in '/nav_ws/src/bill_description'
[0.821s] INFO:colcon.colcon_core.plugin_system:Skipping extension 'colcon_core.shell.bat': Not used on non-Windows systems
[0.821s] INFO:colcon.colcon_core.shell:Skip shell extension 'powershell' for command environment: Not usable outside of PowerShell
[0.821s] DEBUG:colcon.colcon_core.shell:Skip shell extension 'dsv' for command environment
[0.853s] DEBUG:colcon.colcon_core.event_handler.log_command:Invoking command in '/nav_ws/build/bill_description': CMAKE_PREFIX_PATH=${CMAKE_PREFIX_PATH}:/opt/ros/jazzy /usr/bin/cmake --build /nav_ws/build/bill_description -- -j16 -l16
[1.080s] DEBUG:colcon.colcon_core.event_handler.log_command:Invoked command in '/nav_ws/build/bill_description' returned '0': CMAKE_PREFIX_PATH=${CMAKE_PREFIX_PATH}:/opt/ros/jazzy /usr/bin/cmake --build /nav_ws/build/bill_description -- -j16 -l16
[1.116s] DEBUG:colcon.colcon_core.event_handler.log_command:Invoking command in '/nav_ws/build/bill_description': CMAKE_PREFIX_PATH=${CMAKE_PREFIX_PATH}:/opt/ros/jazzy /usr/bin/cmake --install /nav_ws/build/bill_description
[1.157s] Level 1:colcon.colcon_core.environment:create_environment_scripts_only(bill_description)
[1.158s] DEBUG:colcon.colcon_core.event_handler.log_command:Invoked command in '/nav_ws/build/bill_description' returned '0': CMAKE_PREFIX_PATH=${CMAKE_PREFIX_PATH}:/opt/ros/jazzy /usr/bin/cmake --install /nav_ws/build/bill_description
[1.169s] Level 1:colcon.colcon_core.environment:checking '/nav_ws/install/bill_description' for CMake module files
[1.171s] Level 1:colcon.colcon_core.environment:checking '/nav_ws/install/bill_description' for CMake config files
[1.171s] Level 1:colcon.colcon_core.shell:create_environment_hook('bill_description', 'cmake_prefix_path')
[1.172s] INFO:colcon.colcon_core.shell:Creating environment hook '/nav_ws/install/bill_description/share/bill_description/hook/cmake_prefix_path.ps1'
[1.174s] INFO:colcon.colcon_core.shell:Creating environment descriptor '/nav_ws/install/bill_description/share/bill_description/hook/cmake_prefix_path.dsv'
[1.175s] INFO:colcon.colcon_core.shell:Creating environment hook '/nav_ws/install/bill_description/share/bill_description/hook/cmake_prefix_path.sh'
[1.178s] Level 1:colcon.colcon_core.environment:checking '/nav_ws/install/bill_description/bin'
[1.178s] Level 1:colcon.colcon_core.environment:checking '/nav_ws/install/bill_description/lib/pkgconfig/bill_description.pc'
[1.184s] Level 1:colcon.colcon_core.environment:checking '/nav_ws/install/bill_description/lib/python3.12/site-packages'
[1.185s] Level 1:colcon.colcon_core.environment:checking '/nav_ws/install/bill_description/bin'
[1.185s] INFO:colcon.colcon_core.shell:Creating package script '/nav_ws/install/bill_description/share/bill_description/package.ps1'
[1.187s] INFO:colcon.colcon_core.shell:Creating package descriptor '/nav_ws/install/bill_description/share/bill_description/package.dsv'
[1.189s] INFO:colcon.colcon_core.shell:Creating package script '/nav_ws/install/bill_description/share/bill_description/package.sh'
[1.192s] INFO:colcon.colcon_core.shell:Creating package script '/nav_ws/install/bill_description/share/bill_description/package.bash'
[1.194s] INFO:colcon.colcon_core.shell:Creating package script '/nav_ws/install/bill_description/share/bill_description/package.zsh'
[1.197s] Level 1:colcon.colcon_core.environment:create_file_with_runtime_dependencies(/nav_ws/install/bill_description/share/colcon-core/packages/bill_description)
[1.198s] Level 1:colcon.colcon_core.environment:create_environment_scripts_only(bill_description)
[1.198s] Level 1:colcon.colcon_core.environment:checking '/nav_ws/install/bill_description' for CMake module files
[1.200s] Level 1:colcon.colcon_core.environment:checking '/nav_ws/install/bill_description' for CMake config files
[1.200s] Level 1:colcon.colcon_core.shell:create_environment_hook('bill_description', 'cmake_prefix_path')
[1.201s] INFO:colcon.colcon_core.shell:Creating environment hook '/nav_ws/install/bill_description/share/bill_description/hook/cmake_prefix_path.ps1'
[1.202s] INFO:colcon.colcon_core.shell:Creating environment descriptor '/nav_ws/install/bill_description/share/bill_description/hook/cmake_prefix_path.dsv'
[1.203s] INFO:colcon.colcon_core.shell:Creating environment hook '/nav_ws/install/bill_description/share/bill_description/hook/cmake_prefix_path.sh'
[1.204s] Level 1:colcon.colcon_core.environment:checking '/nav_ws/install/bill_description/bin'
[1.205s] Level 1:colcon.colcon_core.environment:checking '/nav_ws/install/bill_description/lib/pkgconfig/bill_description.pc'
[1.205s] Level 1:colcon.colcon_core.environment:checking '/nav_ws/install/bill_description/lib/python3.12/site-packages'
[1.205s] Level 1:colcon.colcon_core.environment:checking '/nav_ws/install/bill_description/bin'
[1.206s] INFO:colcon.colcon_core.shell:Creating package script '/nav_ws/install/bill_description/share/bill_description/package.ps1'
[1.207s] INFO:colcon.colcon_core.shell:Creating package descriptor '/nav_ws/install/bill_description/share/bill_description/package.dsv'
[1.209s] INFO:colcon.colcon_core.shell:Creating package script '/nav_ws/install/bill_description/share/bill_description/package.sh'
[1.210s] INFO:colcon.colcon_core.shell:Creating package script '/nav_ws/install/bill_description/share/bill_description/package.bash'
[1.211s] INFO:colcon.colcon_core.shell:Creating package script '/nav_ws/install/bill_description/share/bill_description/package.zsh'
[1.213s] Level 1:colcon.colcon_core.environment:create_file_with_runtime_dependencies(/nav_ws/install/bill_description/share/colcon-core/packages/bill_description)
[1.213s] INFO:colcon.colcon_ros.task.ament_cmake.build:Building ROS package in '/nav_ws/src/bill' with build type 'ament_cmake'
[1.214s] INFO:colcon.colcon_cmake.task.cmake.build:Building CMake package in '/nav_ws/src/bill'
[1.214s] INFO:colcon.colcon_core.shell:Skip shell extension 'powershell' for command environment: Not usable outside of PowerShell
[1.214s] DEBUG:colcon.colcon_core.shell:Skip shell extension 'dsv' for command environment
[1.243s] DEBUG:colcon.colcon_core.event_handler.log_command:Invoking command in '/nav_ws/build/bill': AMENT_PREFIX_PATH=/nav_ws/install/bill_description:${AMENT_PREFIX_PATH} CMAKE_PREFIX_PATH=/nav_ws/install/bill_description:/opt/ros/jazzy/opt/gz_sim_vendor:/opt/ros/jazzy/opt/gz_sensors_vendor:/opt/ros/jazzy/opt/gz_physics_vendor:/opt/ros/jazzy/opt/sdformat_vendor:/opt/ros/jazzy/opt/gz_gui_vendor:/opt/ros/jazzy/opt/gz_transport_vendor:/opt/ros/jazzy/opt/gz_rendering_vendor:/opt/ros/jazzy/opt/gz_plugin_vendor:/opt/ros/jazzy/opt/gz_fuel_tools_vendor:/opt/ros/jazzy/opt/gz_msgs_vendor:/opt/ros/jazzy/opt/gz_common_vendor:/opt/ros/jazzy/opt/gz_math_vendor:/opt/ros/jazzy/opt/gz_utils_vendor:/opt/ros/jazzy/opt/gz_tools_vendor:/opt/ros/jazzy/opt/gz_ogre_next_vendor:/opt/ros/jazzy/opt/gz_dartsim_vendor:/opt/ros/jazzy/opt/gz_cmake_vendor:/opt/ros/jazzy /usr/bin/cmake --build /nav_ws/build/bill -- -j16 -l16
[1.382s] DEBUG:colcon.colcon_core.event_handler.log_command:Invoked command in '/nav_ws/build/bill' returned '0': AMENT_PREFIX_PATH=/nav_ws/install/bill_description:${AMENT_PREFIX_PATH} CMAKE_PREFIX_PATH=/nav_ws/install/bill_description:/opt/ros/jazzy/opt/gz_sim_vendor:/opt/ros/jazzy/opt/gz_sensors_vendor:/opt/ros/jazzy/opt/gz_physics_vendor:/opt/ros/jazzy/opt/sdformat_vendor:/opt/ros/jazzy/opt/gz_gui_vendor:/opt/ros/jazzy/opt/gz_transport_vendor:/opt/ros/jazzy/opt/gz_rendering_vendor:/opt/ros/jazzy/opt/gz_plugin_vendor:/opt/ros/jazzy/opt/gz_fuel_tools_vendor:/opt/ros/jazzy/opt/gz_msgs_vendor:/opt/ros/jazzy/opt/gz_common_vendor:/opt/ros/jazzy/opt/gz_math_vendor:/opt/ros/jazzy/opt/gz_utils_vendor:/opt/ros/jazzy/opt/gz_tools_vendor:/opt/ros/jazzy/opt/gz_ogre_next_vendor:/opt/ros/jazzy/opt/gz_dartsim_vendor:/opt/ros/jazzy/opt/gz_cmake_vendor:/opt/ros/jazzy /usr/bin/cmake --build /nav_ws/build/bill -- -j16 -l16
[1.385s] DEBUG:colcon.colcon_core.event_handler.log_command:Invoking command in '/nav_ws/build/bill': AMENT_PREFIX_PATH=/nav_ws/install/bill_description:${AMENT_PREFIX_PATH} CMAKE_PREFIX_PATH=/nav_ws/install/bill_description:/opt/ros/jazzy/opt/gz_sim_vendor:/opt/ros/jazzy/opt/gz_sensors_vendor:/opt/ros/jazzy/opt/gz_physics_vendor:/opt/ros/jazzy/opt/sdformat_vendor:/opt/ros/jazzy/opt/gz_gui_vendor:/opt/ros/jazzy/opt/gz_transport_vendor:/opt/ros/jazzy/opt/gz_rendering_vendor:/opt/ros/jazzy/opt/gz_plugin_vendor:/opt/ros/jazzy/opt/gz_fuel_tools_vendor:/opt/ros/jazzy/opt/gz_msgs_vendor:/opt/ros/jazzy/opt/gz_common_vendor:/opt/ros/jazzy/opt/gz_math_vendor:/opt/ros/jazzy/opt/gz_utils_vendor:/opt/ros/jazzy/opt/gz_tools_vendor:/opt/ros/jazzy/opt/gz_ogre_next_vendor:/opt/ros/jazzy/opt/gz_dartsim_vendor:/opt/ros/jazzy/opt/gz_cmake_vendor:/opt/ros/jazzy /usr/bin/cmake --install /nav_ws/build/bill
[1.421s] Level 1:colcon.colcon_core.environment:create_environment_scripts_only(bill)
[1.421s] Level 1:colcon.colcon_core.environment:checking '/nav_ws/install/bill' for CMake module files
[1.423s] DEBUG:colcon.colcon_core.event_handler.log_command:Invoked command in '/nav_ws/build/bill' returned '0': AMENT_PREFIX_PATH=/nav_ws/install/bill_description:${AMENT_PREFIX_PATH} CMAKE_PREFIX_PATH=/nav_ws/install/bill_description:/opt/ros/jazzy/opt/gz_sim_vendor:/opt/ros/jazzy/opt/gz_sensors_vendor:/opt/ros/jazzy/opt/gz_physics_vendor:/opt/ros/jazzy/opt/sdformat_vendor:/opt/ros/jazzy/opt/gz_gui_vendor:/opt/ros/jazzy/opt/gz_transport_vendor:/opt/ros/jazzy/opt/gz_rendering_vendor:/opt/ros/jazzy/opt/gz_plugin_vendor:/opt/ros/jazzy/opt/gz_fuel_tools_vendor:/opt/ros/jazzy/opt/gz_msgs_vendor:/opt/ros/jazzy/opt/gz_common_vendor:/opt/ros/jazzy/opt/gz_math_vendor:/opt/ros/jazzy/opt/gz_utils_vendor:/opt/ros/jazzy/opt/gz_tools_vendor:/opt/ros/jazzy/opt/gz_ogre_next_vendor:/opt/ros/jazzy/opt/gz_dartsim_vendor:/opt/ros/jazzy/opt/gz_cmake_vendor:/opt/ros/jazzy /usr/bin/cmake --install /nav_ws/build/bill
[1.424s] Level 1:colcon.colcon_core.environment:checking '/nav_ws/install/bill' for CMake config files
[1.424s] Level 1:colcon.colcon_core.shell:create_environment_hook('bill', 'cmake_prefix_path')
[1.424s] INFO:colcon.colcon_core.shell:Creating environment hook '/nav_ws/install/bill/share/bill/hook/cmake_prefix_path.ps1'
[1.425s] INFO:colcon.colcon_core.shell:Creating environment descriptor '/nav_ws/install/bill/share/bill/hook/cmake_prefix_path.dsv'
[1.426s] INFO:colcon.colcon_core.shell:Creating environment hook '/nav_ws/install/bill/share/bill/hook/cmake_prefix_path.sh'
[1.428s] Level 1:colcon.colcon_core.environment:checking '/nav_ws/install/bill/bin'
[1.428s] Level 1:colcon.colcon_core.environment:checking '/nav_ws/install/bill/lib/pkgconfig/bill.pc'
[1.428s] Level 1:colcon.colcon_core.environment:checking '/nav_ws/install/bill/lib/python3.12/site-packages'
[1.429s] Level 1:colcon.colcon_core.environment:checking '/nav_ws/install/bill/bin'
[1.429s] INFO:colcon.colcon_core.shell:Creating package script '/nav_ws/install/bill/share/bill/package.ps1'
[1.430s] INFO:colcon.colcon_core.shell:Creating package descriptor '/nav_ws/install/bill/share/bill/package.dsv'
[1.431s] INFO:colcon.colcon_core.shell:Creating package script '/nav_ws/install/bill/share/bill/package.sh'
[1.432s] INFO:colcon.colcon_core.shell:Creating package script '/nav_ws/install/bill/share/bill/package.bash'
[1.433s] INFO:colcon.colcon_core.shell:Creating package script '/nav_ws/install/bill/share/bill/package.zsh'
[1.434s] Level 1:colcon.colcon_core.environment:create_file_with_runtime_dependencies(/nav_ws/install/bill/share/colcon-core/packages/bill)
[1.435s] Level 1:colcon.colcon_core.environment:create_environment_scripts_only(bill)
[1.436s] Level 1:colcon.colcon_core.environment:checking '/nav_ws/install/bill' for CMake module files
[1.437s] Level 1:colcon.colcon_core.environment:checking '/nav_ws/install/bill' for CMake config files
[1.437s] Level 1:colcon.colcon_core.shell:create_environment_hook('bill', 'cmake_prefix_path')
[1.437s] INFO:colcon.colcon_core.shell:Creating environment hook '/nav_ws/install/bill/share/bill/hook/cmake_prefix_path.ps1'
[1.439s] INFO:colcon.colcon_core.shell:Creating environment descriptor '/nav_ws/install/bill/share/bill/hook/cmake_prefix_path.dsv'
[1.439s] INFO:colcon.colcon_core.shell:Creating environment hook '/nav_ws/install/bill/share/bill/hook/cmake_prefix_path.sh'
[1.441s] Level 1:colcon.colcon_core.environment:checking '/nav_ws/install/bill/bin'
[1.441s] Level 1:colcon.colcon_core.environment:checking '/nav_ws/install/bill/lib/pkgconfig/bill.pc'
[1.441s] Level 1:colcon.colcon_core.environment:checking '/nav_ws/install/bill/lib/python3.12/site-packages'
[1.442s] Level 1:colcon.colcon_core.environment:checking '/nav_ws/install/bill/bin'
[1.442s] INFO:colcon.colcon_core.shell:Creating package script '/nav_ws/install/bill/share/bill/package.ps1'
[1.444s] INFO:colcon.colcon_core.shell:Creating package descriptor '/nav_ws/install/bill/share/bill/package.dsv'
[1.445s] INFO:colcon.colcon_core.shell:Creating package script '/nav_ws/install/bill/share/bill/package.sh'
[1.446s] INFO:colcon.colcon_core.shell:Creating package script '/nav_ws/install/bill/share/bill/package.bash'
[1.447s] INFO:colcon.colcon_core.shell:Creating package script '/nav_ws/install/bill/share/bill/package.zsh'
[1.448s] Level 1:colcon.colcon_core.environment:create_file_with_runtime_dependencies(/nav_ws/install/bill/share/colcon-core/packages/bill)
[1.448s] DEBUG:colcon.colcon_parallel_executor.executor.parallel:closing loop
[1.450s] DEBUG:colcon.colcon_parallel_executor.executor.parallel:loop closed
[1.450s] DEBUG:colcon.colcon_parallel_executor.executor.parallel:run_until_complete finished with '0'
[1.450s] DEBUG:colcon.colcon_core.event_reactor:joining thread
[1.478s] INFO:colcon.colcon_core.plugin_system:Skipping extension 'colcon_notification.desktop_notification.notify_send': Could not find 'notify-send'
[1.478s] INFO:colcon.colcon_core.plugin_system:Skipping extension 'colcon_notification.desktop_notification.terminal_notifier': Not used on non-Darwin systems
[1.478s] INFO:colcon.colcon_core.plugin_system:Skipping extension 'colcon_notification.desktop_notification.win32': Not used on non-Windows systems
[1.478s] INFO:colcon.colcon_notification.desktop_notification:Sending desktop notification using 'notify2'
[1.488s] DEBUG:colcon.colcon_notification.desktop_notification.notify2:Failed to initialize notify2: org.freedesktop.DBus.Error.Spawn.ExecFailed: /usr/bin/dbus-launch terminated abnormally without any error message
[1.488s] DEBUG:colcon.colcon_core.event_reactor:joined thread
[1.490s] INFO:colcon.colcon_core.shell:Creating prefix script '/nav_ws/install/local_setup.ps1'
[1.493s] INFO:colcon.colcon_core.shell:Creating prefix util module '/nav_ws/install/_local_setup_util_ps1.py'
[1.496s] INFO:colcon.colcon_core.shell:Creating prefix chain script '/nav_ws/install/setup.ps1'
[1.500s] INFO:colcon.colcon_core.shell:Creating prefix script '/nav_ws/install/local_setup.sh'
[1.501s] INFO:colcon.colcon_core.shell:Creating prefix util module '/nav_ws/install/_local_setup_util_sh.py'
[1.503s] INFO:colcon.colcon_core.shell:Creating prefix chain script '/nav_ws/install/setup.sh'
[1.506s] INFO:colcon.colcon_core.shell:Creating prefix script '/nav_ws/install/local_setup.bash'
[1.507s] INFO:colcon.colcon_core.shell:Creating prefix chain script '/nav_ws/install/setup.bash'
[1.510s] INFO:colcon.colcon_core.shell:Creating prefix script '/nav_ws/install/local_setup.zsh'
[1.512s] INFO:colcon.colcon_core.shell:Creating prefix chain script '/nav_ws/install/setup.zsh'
