-- Install configuration: ""
-- Up-to-date: /nav_ws/install/bill_description/share/bill_description/meshes
-- Up-to-date: /nav_ws/install/bill_description/share/bill_description/meshes/rplidar
-- Up-to-date: /nav_ws/install/bill_description/share/bill_description/meshes/rplidar/rplidar_s2.stl
-- Up-to-date: /nav_ws/install/bill_description/share/bill_description/meshes/robot_3d
-- Up-to-date: /nav_ws/install/bill_description/share/bill_description/meshes/robot_3d/visual
-- Up-to-date: /nav_ws/install/bill_description/share/bill_description/meshes/robot_3d/visual/back_right_wheel_X3.STL
-- Up-to-date: /nav_ws/install/bill_description/share/bill_description/meshes/robot_3d/visual/front_right_wheel_X3.STL
-- Up-to-date: /nav_ws/install/bill_description/share/bill_description/meshes/robot_3d/visual/laser_link.STL
-- Up-to-date: /nav_ws/install/bill_description/share/bill_description/meshes/robot_3d/visual/back_left_wheel_X3.STL
-- Up-to-date: /nav_ws/install/bill_description/share/bill_description/meshes/robot_3d/visual/front_left_wheel_X3.STL
-- Up-to-date: /nav_ws/install/bill_description/share/bill_description/meshes/robot_3d/visual/base_link_X3.STL
-- Up-to-date: /nav_ws/install/bill_description/share/bill_description/meshes/robot_3d/visual/camera_link.STL
-- Up-to-date: /nav_ws/install/bill_description/share/bill_description/urdf
-- Up-to-date: /nav_ws/install/bill_description/share/bill_description/urdf/robots
-- Installing: /nav_ws/install/bill_description/share/bill_description/urdf/robots/robot_3d.urdf.xacro
-- Up-to-date: /nav_ws/install/bill_description/share/bill_description/urdf/sensors
-- Installing: /nav_ws/install/bill_description/share/bill_description/urdf/sensors/lidar.urdf.xacro
-- Up-to-date: /nav_ws/install/bill_description/share/bill_description/urdf/mech
-- Installing: /nav_ws/install/bill_description/share/bill_description/urdf/mech/robot_3d_base.urdf.xacro
-- Installing: /nav_ws/install/bill_description/share/bill_description/urdf/mech/mecanum_wheel.urdf.xacro
-- Up-to-date: /nav_ws/install/bill_description/share/bill_description/urdf/control
-- Up-to-date: /nav_ws/install/bill_description/share/ament_index/resource_index/package_run_dependencies/bill_description
-- Up-to-date: /nav_ws/install/bill_description/share/ament_index/resource_index/parent_prefix_path/bill_description
-- Up-to-date: /nav_ws/install/bill_description/share/bill_description/environment/ament_prefix_path.sh
-- Up-to-date: /nav_ws/install/bill_description/share/bill_description/environment/ament_prefix_path.dsv
-- Up-to-date: /nav_ws/install/bill_description/share/bill_description/environment/path.sh
-- Up-to-date: /nav_ws/install/bill_description/share/bill_description/environment/path.dsv
-- Up-to-date: /nav_ws/install/bill_description/share/bill_description/local_setup.bash
-- Up-to-date: /nav_ws/install/bill_description/share/bill_description/local_setup.sh
-- Up-to-date: /nav_ws/install/bill_description/share/bill_description/local_setup.zsh
-- Up-to-date: /nav_ws/install/bill_description/share/bill_description/local_setup.dsv
-- Installing: /nav_ws/install/bill_description/share/bill_description/package.dsv
-- Up-to-date: /nav_ws/install/bill_description/share/ament_index/resource_index/packages/bill_description
-- Up-to-date: /nav_ws/install/bill_description/share/bill_description/cmake/bill_descriptionConfig.cmake
-- Up-to-date: /nav_ws/install/bill_description/share/bill_description/cmake/bill_descriptionConfig-version.cmake
-- Up-to-date: /nav_ws/install/bill_description/share/bill_description/package.xml
