[0.053s] Invoking command in '/nav_ws/build/bill_description': CMAKE_PREFIX_PATH=${CMAKE_PREFIX_PATH}:/opt/ros/jazzy /usr/bin/cmake /nav_ws/src/bill_description -DCMAKE_INSTALL_PREFIX=/nav_ws/install/bill_description
[0.409s] -- The C compiler identification is GNU 13.3.0
[0.635s] -- The CXX compiler identification is GNU 13.3.0
[0.693s] -- Detecting C compiler ABI info
[0.994s] -- Detecting C compiler ABI info - done
[1.021s] -- Check for working C compiler: /usr/bin/cc - skipped
[1.021s] -- Detecting C compile features
[1.022s] -- Detecting C compile features - done
[1.052s] -- Detecting CXX compiler ABI info
[1.369s] -- Detecting CXX compiler ABI info - done
[1.396s] -- Check for working CXX compiler: /usr/bin/c++ - skipped
[1.397s] -- Detecting CXX compile features
[1.398s] -- Detecting CXX compile features - done
[1.441s] -- Found ament_cmake: 2.5.4 (/opt/ros/jazzy/share/ament_cmake/cmake)
[1.939s] -- Found Python3: /usr/bin/python3 (found version "3.12.3") found components: Interpreter 
[2.443s] -- Found urdf_tutorial: 1.1.0 (/opt/ros/jazzy/share/urdf_tutorial/cmake)
[2.461s] -- Found ament_lint_auto: 0.17.2 (/opt/ros/jazzy/share/ament_lint_auto/cmake)
[2.842s] -- Added test 'flake8' to check Python code syntax and style conventions
[2.842s] -- Configured 'flake8' exclude dirs and/or files: 
[2.846s] -- Added test 'lint_cmake' to check CMake code style
[2.850s] -- Added test 'pep257' to check Python code against some of the docstring style conventions in PEP 257
[2.858s] -- Added test 'xmllint' to check XML markup files
[2.864s] -- Configuring done (2.7s)
[2.873s] -- Generating done (0.0s)
[2.878s] -- Build files have been written to: /nav_ws/build/bill_description
[2.894s] Invoked command in '/nav_ws/build/bill_description' returned '0': CMAKE_PREFIX_PATH=${CMAKE_PREFIX_PATH}:/opt/ros/jazzy /usr/bin/cmake /nav_ws/src/bill_description -DCMAKE_INSTALL_PREFIX=/nav_ws/install/bill_description
[2.896s] Invoking command in '/nav_ws/build/bill_description': CMAKE_PREFIX_PATH=${CMAKE_PREFIX_PATH}:/opt/ros/jazzy /usr/bin/cmake --build /nav_ws/build/bill_description -- -j16 -l16
[3.054s] Invoked command in '/nav_ws/build/bill_description' returned '0': CMAKE_PREFIX_PATH=${CMAKE_PREFIX_PATH}:/opt/ros/jazzy /usr/bin/cmake --build /nav_ws/build/bill_description -- -j16 -l16
[3.056s] Invoking command in '/nav_ws/build/bill_description': CMAKE_PREFIX_PATH=${CMAKE_PREFIX_PATH}:/opt/ros/jazzy /usr/bin/cmake --install /nav_ws/build/bill_description
[3.082s] -- Install configuration: ""
[3.082s] -- Installing: /nav_ws/install/bill_description/share/bill_description/meshes
[3.083s] -- Installing: /nav_ws/install/bill_description/share/bill_description/meshes/robot_3d
[3.083s] -- Installing: /nav_ws/install/bill_description/share/bill_description/meshes/robot_3d/visual
[3.083s] -- Installing: /nav_ws/install/bill_description/share/bill_description/meshes/robot_3d/visual/back_right_wheel_X3.STL
[3.092s] -- Installing: /nav_ws/install/bill_description/share/bill_description/meshes/robot_3d/visual/front_right_wheel_X3.STL
[3.101s] -- Installing: /nav_ws/install/bill_description/share/bill_description/meshes/robot_3d/visual/laser_link.STL
[3.131s] -- Installing: /nav_ws/install/bill_description/share/bill_description/meshes/robot_3d/visual/back_left_wheel_X3.STL
[3.142s] -- Installing: /nav_ws/install/bill_description/share/bill_description/meshes/robot_3d/visual/front_left_wheel_X3.STL
[3.149s] -- Installing: /nav_ws/install/bill_description/share/bill_description/meshes/robot_3d/visual/base_link_X3.STL
[3.152s] -- Installing: /nav_ws/install/bill_description/share/bill_description/meshes/robot_3d/visual/camera_link.STL
[3.153s] -- Installing: /nav_ws/install/bill_description/share/bill_description/urdf
[3.154s] -- Installing: /nav_ws/install/bill_description/share/bill_description/urdf/robots
[3.154s] -- Installing: /nav_ws/install/bill_description/share/bill_description/urdf/robots/robot_3d.urdf.xacro
[3.154s] -- Installing: /nav_ws/install/bill_description/share/bill_description/urdf/sensors
[3.155s] -- Installing: /nav_ws/install/bill_description/share/bill_description/urdf/sensors/lidar.urdf.xacro
[3.155s] -- Installing: /nav_ws/install/bill_description/share/bill_description/urdf/materials.xacro
[3.155s] -- Installing: /nav_ws/install/bill_description/share/bill_description/urdf/mech
[3.156s] -- Installing: /nav_ws/install/bill_description/share/bill_description/urdf/mech/robot_3d_base.urdf.xacro
[3.156s] -- Installing: /nav_ws/install/bill_description/share/bill_description/urdf/mech/mecanum_wheel.urdf.xacro
[3.157s] -- Installing: /nav_ws/install/bill_description/share/bill_description/urdf/control
[3.157s] -- Installing: /nav_ws/install/bill_description/share/bill_description/urdf/control/bill.gazebo
[3.157s] -- Installing: /nav_ws/install/bill_description/share/bill_description/launch
[3.158s] -- Installing: /nav_ws/install/bill_description/share/bill_description/launch/check_urdf.launch.py
[3.158s] -- Installing: /nav_ws/install/bill_description/share/bill_description/launch/robot_state_publisher.launch.py
[3.158s] -- Installing: /nav_ws/install/bill_description/share/bill_description/rviz
[3.159s] -- Installing: /nav_ws/install/bill_description/share/bill_description/rviz/bill.rviz
[3.159s] -- Installing: /nav_ws/install/bill_description/share/bill_description/rviz/rviz.rviz
[3.160s] -- Installing: /nav_ws/install/bill_description/share/ament_index/resource_index/package_run_dependencies/bill_description
[3.161s] -- Installing: /nav_ws/install/bill_description/share/ament_index/resource_index/parent_prefix_path/bill_description
[3.161s] -- Installing: /nav_ws/install/bill_description/share/bill_description/environment/ament_prefix_path.sh
[3.162s] -- Installing: /nav_ws/install/bill_description/share/bill_description/environment/ament_prefix_path.dsv
[3.162s] -- Installing: /nav_ws/install/bill_description/share/bill_description/environment/path.sh
[3.162s] -- Installing: /nav_ws/install/bill_description/share/bill_description/environment/path.dsv
[3.163s] -- Installing: /nav_ws/install/bill_description/share/bill_description/local_setup.bash
[3.163s] -- Installing: /nav_ws/install/bill_description/share/bill_description/local_setup.sh
[3.164s] -- Installing: /nav_ws/install/bill_description/share/bill_description/local_setup.zsh
[3.164s] -- Installing: /nav_ws/install/bill_description/share/bill_description/local_setup.dsv
[3.164s] -- Installing: /nav_ws/install/bill_description/share/bill_description/package.dsv
[3.165s] -- Installing: /nav_ws/install/bill_description/share/ament_index/resource_index/packages/bill_description
[3.165s] -- Installing: /nav_ws/install/bill_description/share/bill_description/cmake/bill_descriptionConfig.cmake
[3.166s] -- Installing: /nav_ws/install/bill_description/share/bill_description/cmake/bill_descriptionConfig-version.cmake
[3.166s] -- Installing: /nav_ws/install/bill_description/share/bill_description/package.xml
[3.173s] Invoked command in '/nav_ws/build/bill_description' returned '0': CMAKE_PREFIX_PATH=${CMAKE_PREFIX_PATH}:/opt/ros/jazzy /usr/bin/cmake --install /nav_ws/build/bill_description
