[0.012s] Invoking command in '/nav_ws/build/bill_description': CMAKE_PREFIX_PATH=${CMAKE_PREFIX_PATH}:/opt/ros/jazzy /usr/bin/cmake --build /nav_ws/build/bill_description -- -j16 -l16
[0.043s] -- Found ament_cmake: 2.5.4 (/opt/ros/jazzy/share/ament_cmake/cmake)
[0.263s] -- Found urdf_tutorial: 1.1.0 (/opt/ros/jazzy/share/urdf_tutorial/cmake)
[0.263s] -- Found ament_lint_auto: 0.17.2 (/opt/ros/jazzy/share/ament_lint_auto/cmake)
[0.356s] -- Added test 'lint_cmake' to check CMake code style
[0.357s] -- Added test 'xmllint' to check XML markup files
[0.358s] -- Configuring done (0.3s)
[0.362s] -- Generating done (0.0s)
[0.364s] -- Build files have been written to: /nav_ws/build/bill_description
[0.393s] Invoked command in '/nav_ws/build/bill_description' returned '0': CMAKE_PREFIX_PATH=${CMAKE_PREFIX_PATH}:/opt/ros/jazzy /usr/bin/cmake --build /nav_ws/build/bill_description -- -j16 -l16
[0.406s] Invoking command in '/nav_ws/build/bill_description': CMAKE_PREFIX_PATH=${CMAKE_PREFIX_PATH}:/opt/ros/jazzy /usr/bin/cmake --install /nav_ws/build/bill_description
[0.416s] -- Install configuration: ""
[0.417s] -- Installing: /nav_ws/install/bill_description/share/bill_description/meshes
[0.417s] -- Installing: /nav_ws/install/bill_description/share/bill_description/meshes/robot_3d
[0.417s] -- Installing: /nav_ws/install/bill_description/share/bill_description/meshes/robot_3d/visual
[0.417s] -- Installing: /nav_ws/install/bill_description/share/bill_description/meshes/robot_3d/visual/back_right_wheel_X3.STL
[0.419s] -- Installing: /nav_ws/install/bill_description/share/bill_description/meshes/robot_3d/visual/front_right_wheel_X3.STL
[0.422s] -- Installing: /nav_ws/install/bill_description/share/bill_description/meshes/robot_3d/visual/laser_link.STL
[0.431s] -- Installing: /nav_ws/install/bill_description/share/bill_description/meshes/robot_3d/visual/back_left_wheel_X3.STL
[0.433s] -- Installing: /nav_ws/install/bill_description/share/bill_description/meshes/robot_3d/visual/front_left_wheel_X3.STL
[0.436s] -- Installing: /nav_ws/install/bill_description/share/bill_description/meshes/robot_3d/visual/base_link_X3.STL
[0.437s] -- Installing: /nav_ws/install/bill_description/share/bill_description/meshes/robot_3d/visual/camera_link.STL
[0.437s] -- Installing: /nav_ws/install/bill_description/share/bill_description/urdf
[0.438s] -- Installing: /nav_ws/install/bill_description/share/bill_description/urdf/robots
[0.438s] -- Installing: /nav_ws/install/bill_description/share/bill_description/urdf/sensors
[0.438s] -- Installing: /nav_ws/install/bill_description/share/bill_description/urdf/mech
[0.438s] -- Installing: /nav_ws/install/bill_description/share/bill_description/urdf/control
[0.438s] -- Installing: /nav_ws/install/bill_description/share/ament_index/resource_index/package_run_dependencies/bill_description
[0.438s] -- Up-to-date: /nav_ws/install/bill_description/share/ament_index/resource_index/parent_prefix_path/bill_description
[0.438s] -- Up-to-date: /nav_ws/install/bill_description/share/bill_description/environment/ament_prefix_path.sh
[0.438s] -- Up-to-date: /nav_ws/install/bill_description/share/bill_description/environment/ament_prefix_path.dsv
[0.439s] -- Up-to-date: /nav_ws/install/bill_description/share/bill_description/environment/path.sh
[0.439s] -- Up-to-date: /nav_ws/install/bill_description/share/bill_description/environment/path.dsv
[0.439s] -- Up-to-date: /nav_ws/install/bill_description/share/bill_description/local_setup.bash
[0.439s] -- Up-to-date: /nav_ws/install/bill_description/share/bill_description/local_setup.sh
[0.439s] -- Up-to-date: /nav_ws/install/bill_description/share/bill_description/local_setup.zsh
[0.439s] -- Up-to-date: /nav_ws/install/bill_description/share/bill_description/local_setup.dsv
[0.439s] -- Up-to-date: /nav_ws/install/bill_description/share/bill_description/package.dsv
[0.439s] -- Up-to-date: /nav_ws/install/bill_description/share/ament_index/resource_index/packages/bill_description
[0.439s] -- Up-to-date: /nav_ws/install/bill_description/share/bill_description/cmake/bill_descriptionConfig.cmake
[0.439s] -- Up-to-date: /nav_ws/install/bill_description/share/bill_description/cmake/bill_descriptionConfig-version.cmake
[0.439s] -- Installing: /nav_ws/install/bill_description/share/bill_description/package.xml
[0.440s] Invoked command in '/nav_ws/build/bill_description' returned '0': CMAKE_PREFIX_PATH=${CMAKE_PREFIX_PATH}:/opt/ros/jazzy /usr/bin/cmake --install /nav_ws/build/bill_description
