[0.025s] Invoking command in '/nav_ws/build/bill_navigation': CMAKE_PREFIX_PATH=${CMAKE_PREFIX_PATH}:/opt/ros/jazzy /usr/bin/cmake --build /nav_ws/build/bill_navigation -- -j16 -l16
[0.142s] Invoked command in '/nav_ws/build/bill_navigation' returned '0': CMAKE_PREFIX_PATH=${CMAKE_PREFIX_PATH}:/opt/ros/jazzy /usr/bin/cmake --build /nav_ws/build/bill_navigation -- -j16 -l16
[0.144s] Invoking command in '/nav_ws/build/bill_navigation': CMAKE_PREFIX_PATH=${CMAKE_PREFIX_PATH}:/opt/ros/jazzy /usr/bin/cmake --install /nav_ws/build/bill_navigation
[0.162s] -- Install configuration: ""
[0.163s] -- Up-to-date: /nav_ws/install/bill_navigation/share/bill_navigation/launch
[0.163s] -- Up-to-date: /nav_ws/install/bill_navigation/share/bill_navigation/launch/mapping.launch.py
[0.164s] -- Up-to-date: /nav_ws/install/bill_navigation/share/bill_navigation/launch/spawn_robot.launch.py
[0.164s] -- Installing: /nav_ws/install/bill_navigation/share/bill_navigation/launch/navigation.launch.py
[0.164s] -- Up-to-date: /nav_ws/install/bill_navigation/share/bill_navigation/launch/localization.launch.py
[0.164s] -- Up-to-date: /nav_ws/install/bill_navigation/share/bill_navigation/config
[0.164s] -- Up-to-date: /nav_ws/install/bill_navigation/share/bill_navigation/config/amcl_localization.yaml
[0.164s] -- Up-to-date: /nav_ws/install/bill_navigation/share/bill_navigation/config/ekf.yaml
[0.165s] -- Up-to-date: /nav_ws/install/bill_navigation/share/bill_navigation/config/slam_toolbox_mapping.yaml
[0.165s] -- Installing: /nav_ws/install/bill_navigation/share/bill_navigation/config/navigation.yaml
[0.165s] -- Up-to-date: /nav_ws/install/bill_navigation/share/bill_navigation/rviz
[0.165s] -- Up-to-date: /nav_ws/install/bill_navigation/share/bill_navigation/rviz/localization.rviz
[0.165s] -- Installing: /nav_ws/install/bill_navigation/share/bill_navigation/rviz/navigation.rviz
[0.165s] -- Up-to-date: /nav_ws/install/bill_navigation/share/bill_navigation/rviz/mapping.rviz
[0.167s] -- Up-to-date: /nav_ws/install/bill_navigation/share/bill_navigation/maps
[0.167s] -- Up-to-date: /nav_ws/install/bill_navigation/share/bill_navigation/maps/mapa_save.yaml
[0.167s] -- Up-to-date: /nav_ws/install/bill_navigation/share/bill_navigation/maps/mapa_save.pgm
[0.167s] -- Up-to-date: /nav_ws/install/bill_navigation/share/bill_navigation/maps/mapa_serial.posegraph
[0.167s] -- Up-to-date: /nav_ws/install/bill_navigation/share/bill_navigation/maps/mapa_serial.data
[0.168s] -- Up-to-date: /nav_ws/install/bill_navigation/share/ament_index/resource_index/package_run_dependencies/bill_navigation
[0.168s] -- Up-to-date: /nav_ws/install/bill_navigation/share/ament_index/resource_index/parent_prefix_path/bill_navigation
[0.168s] -- Up-to-date: /nav_ws/install/bill_navigation/share/bill_navigation/environment/ament_prefix_path.sh
[0.168s] -- Up-to-date: /nav_ws/install/bill_navigation/share/bill_navigation/environment/ament_prefix_path.dsv
[0.168s] -- Up-to-date: /nav_ws/install/bill_navigation/share/bill_navigation/environment/path.sh
[0.168s] -- Up-to-date: /nav_ws/install/bill_navigation/share/bill_navigation/environment/path.dsv
[0.168s] -- Up-to-date: /nav_ws/install/bill_navigation/share/bill_navigation/local_setup.bash
[0.169s] -- Up-to-date: /nav_ws/install/bill_navigation/share/bill_navigation/local_setup.sh
[0.169s] -- Up-to-date: /nav_ws/install/bill_navigation/share/bill_navigation/local_setup.zsh
[0.169s] -- Up-to-date: /nav_ws/install/bill_navigation/share/bill_navigation/local_setup.dsv
[0.169s] -- Installing: /nav_ws/install/bill_navigation/share/bill_navigation/package.dsv
[0.169s] -- Up-to-date: /nav_ws/install/bill_navigation/share/ament_index/resource_index/packages/bill_navigation
[0.169s] -- Up-to-date: /nav_ws/install/bill_navigation/share/bill_navigation/cmake/bill_navigationConfig.cmake
[0.169s] -- Up-to-date: /nav_ws/install/bill_navigation/share/bill_navigation/cmake/bill_navigationConfig-version.cmake
[0.170s] -- Up-to-date: /nav_ws/install/bill_navigation/share/bill_navigation/package.xml
[0.212s] Invoked command in '/nav_ws/build/bill_navigation' returned '0': CMAKE_PREFIX_PATH=${CMAKE_PREFIX_PATH}:/opt/ros/jazzy /usr/bin/cmake --install /nav_ws/build/bill_navigation
