[0.013s] Invoking command in '/nav_ws/build/bill_description': /usr/bin/cmake /nav_ws/src/bill_description -DCMAKE_INSTALL_PREFIX=/nav_ws/install/bill_description
[0.154s] -- The C compiler identification is GNU 13.3.0
[0.252s] -- The CXX compiler identification is GNU 13.3.0
[0.278s] -- Detecting C compiler ABI info
[0.396s] -- Detecting C compiler ABI info - done
[0.405s] -- Check for working C compiler: /usr/bin/cc - skipped
[0.406s] -- Detecting C compile features
[0.406s] -- Detecting C compile features - done
[0.420s] -- Detecting CXX compiler ABI info
[0.542s] -- Detecting CXX compiler ABI info - done
[0.551s] -- Check for working CXX compiler: /usr/bin/c++ - skipped
[0.552s] -- Detecting CXX compile features
[0.552s] -- Detecting CXX compile features - done
[0.576s] -- Found ament_cmake: 2.5.4 (/opt/ros/jazzy/share/ament_cmake/cmake)
[0.756s] -- Found Python3: /usr/bin/python3 (found version "3.12.3") found components: Interpreter 
[0.958s] -- Found ament_lint_auto: 0.17.2 (/opt/ros/jazzy/share/ament_lint_auto/cmake)
[1.025s] Error parsing '/nav_ws/src/bill_description/package.xml':
[1.025s] Traceback (most recent call last):
[1.025s]   File "/opt/ros/jazzy/share/ament_cmake_core/cmake/core/package_xml_2_cmake.py", line 150, in <module>
[1.026s]     main()
[1.026s]   File "/opt/ros/jazzy/share/ament_cmake_core/cmake/core/package_xml_2_cmake.py", line 53, in main
[1.026s]     raise e
[1.026s]   File "/opt/ros/jazzy/share/ament_cmake_core/cmake/core/package_xml_2_cmake.py", line 49, in main
[1.026s]     package = parse_package_string(
[1.026s]               ^^^^^^^^^^^^^^^^^^^^^
[1.026s]   File "/usr/lib/python3/dist-packages/catkin_pkg/package.py", line 788, in parse_package_string
[1.026s]     pkg.validate(warnings=warnings)
[1.026s]   File "/usr/lib/python3/dist-packages/catkin_pkg/package.py", line 330, in validate
[1.027s]     raise InvalidPackage('\n'.join(errors), self.filename)
[1.027s] catkin_pkg.package.InvalidPackage: Error(s) in package '/nav_ws/src/bill_description/package.xml':
[1.027s] The package "bill_description" must not "exec_depend" on a package with the same name as this package
[1.044s] [31mCMake Error at /opt/ros/jazzy/share/ament_cmake_core/cmake/core/ament_package_xml.cmake:95 (message):
[1.044s]   execute_process(/usr/bin/python3
[1.044s]   /opt/ros/jazzy/share/ament_cmake_core/cmake/core/package_xml_2_cmake.py
[1.044s]   /nav_ws/src/bill_description/package.xml
[1.044s]   /nav_ws/build/bill_description/ament_cmake_core/package.cmake) returned
[1.044s]   error code 1
[1.044s] Call Stack (most recent call first):
[1.044s]   /opt/ros/jazzy/share/ament_cmake_core/cmake/core/ament_package_xml.cmake:49 (_ament_package_xml)
[1.045s]   /opt/ros/jazzy/share/ament_lint_auto/cmake/ament_lint_auto_find_test_dependencies.cmake:31 (ament_package_xml)
[1.045s]   CMakeLists.txt:23 (ament_lint_auto_find_test_dependencies)
[1.045s] 
[1.045s] [0m
[1.045s] -- Configuring incomplete, errors occurred!
[1.050s] Invoked command in '/nav_ws/build/bill_description' returned '1': /usr/bin/cmake /nav_ws/src/bill_description -DCMAKE_INSTALL_PREFIX=/nav_ws/install/bill_description
