[0.027s] Invoking command in '/nav_ws/build/bill_navigation': CMAKE_PREFIX_PATH=${CMAKE_PREFIX_PATH}:/opt/ros/jazzy /usr/bin/cmake --build /nav_ws/build/bill_navigation -- -j16 -l16
[0.101s] -- Found ament_cmake: 2.5.4 (/opt/ros/jazzy/share/ament_cmake/cmake)
[0.499s] -- Found ament_lint_auto: 0.17.2 (/opt/ros/jazzy/share/ament_lint_auto/cmake)
[0.651s] -- Added test 'flake8' to check Python code syntax and style conventions
[0.652s] -- Configured 'flake8' exclude dirs and/or files: 
[0.653s] -- Added test 'lint_cmake' to check CMake code style
[0.654s] -- Added test 'pep257' to check Python code against some of the docstring style conventions in PEP 257
[0.655s] -- Added test 'xmllint' to check XML markup files
[0.657s] -- Configuring done (0.6s)
[0.670s] -- Generating done (0.0s)
[0.672s] -- Build files have been written to: /nav_ws/build/bill_navigation
[0.710s] Invoked command in '/nav_ws/build/bill_navigation' returned '0': CMAKE_PREFIX_PATH=${CMAKE_PREFIX_PATH}:/opt/ros/jazzy /usr/bin/cmake --build /nav_ws/build/bill_navigation -- -j16 -l16
[0.712s] Invoking command in '/nav_ws/build/bill_navigation': CMAKE_PREFIX_PATH=${CMAKE_PREFIX_PATH}:/opt/ros/jazzy /usr/bin/cmake --install /nav_ws/build/bill_navigation
[0.726s] -- Install configuration: ""
[0.726s] -- Up-to-date: /nav_ws/install/bill_navigation/share/bill_navigation/launch
[0.726s] -- Up-to-date: /nav_ws/install/bill_navigation/share/bill_navigation/launch/mapping.launch.py
[0.726s] -- Up-to-date: /nav_ws/install/bill_navigation/share/bill_navigation/launch/spawn_robot.launch.py
[0.726s] -- Up-to-date: /nav_ws/install/bill_navigation/share/bill_navigation/launch/localization.launch.py
[0.726s] -- Up-to-date: /nav_ws/install/bill_navigation/share/bill_navigation/config
[0.727s] -- Up-to-date: /nav_ws/install/bill_navigation/share/bill_navigation/config/amcl_localization.yaml
[0.727s] -- Up-to-date: /nav_ws/install/bill_navigation/share/bill_navigation/config/ekf.yaml
[0.727s] -- Up-to-date: /nav_ws/install/bill_navigation/share/bill_navigation/config/slam_toolbox_mapping.yaml
[0.727s] -- Up-to-date: /nav_ws/install/bill_navigation/share/bill_navigation/rviz
[0.727s] -- Up-to-date: /nav_ws/install/bill_navigation/share/bill_navigation/rviz/localization.rviz
[0.727s] -- Up-to-date: /nav_ws/install/bill_navigation/share/bill_navigation/rviz/mapping.rviz
[0.727s] -- Installing: /nav_ws/install/bill_navigation/share/bill_navigation/maps
[0.727s] -- Installing: /nav_ws/install/bill_navigation/share/bill_navigation/maps/mapa_save.yaml
[0.727s] -- Installing: /nav_ws/install/bill_navigation/share/bill_navigation/maps/mapa_save.pgm
[0.728s] -- Installing: /nav_ws/install/bill_navigation/share/bill_navigation/maps/mapa_serial.posegraph
[0.779s] -- Installing: /nav_ws/install/bill_navigation/share/bill_navigation/maps/mapa_serial.data
[0.781s] -- Up-to-date: /nav_ws/install/bill_navigation/share/ament_index/resource_index/package_run_dependencies/bill_navigation
[0.781s] -- Installing: /nav_ws/install/bill_navigation/share/ament_index/resource_index/parent_prefix_path/bill_navigation
[0.781s] -- Up-to-date: /nav_ws/install/bill_navigation/share/bill_navigation/environment/ament_prefix_path.sh
[0.781s] -- Up-to-date: /nav_ws/install/bill_navigation/share/bill_navigation/environment/ament_prefix_path.dsv
[0.782s] -- Up-to-date: /nav_ws/install/bill_navigation/share/bill_navigation/environment/path.sh
[0.782s] -- Up-to-date: /nav_ws/install/bill_navigation/share/bill_navigation/environment/path.dsv
[0.782s] -- Up-to-date: /nav_ws/install/bill_navigation/share/bill_navigation/local_setup.bash
[0.782s] -- Up-to-date: /nav_ws/install/bill_navigation/share/bill_navigation/local_setup.sh
[0.782s] -- Up-to-date: /nav_ws/install/bill_navigation/share/bill_navigation/local_setup.zsh
[0.782s] -- Up-to-date: /nav_ws/install/bill_navigation/share/bill_navigation/local_setup.dsv
[0.782s] -- Installing: /nav_ws/install/bill_navigation/share/bill_navigation/package.dsv
[0.782s] -- Up-to-date: /nav_ws/install/bill_navigation/share/ament_index/resource_index/packages/bill_navigation
[0.783s] -- Up-to-date: /nav_ws/install/bill_navigation/share/bill_navigation/cmake/bill_navigationConfig.cmake
[0.783s] -- Up-to-date: /nav_ws/install/bill_navigation/share/bill_navigation/cmake/bill_navigationConfig-version.cmake
[0.783s] -- Up-to-date: /nav_ws/install/bill_navigation/share/bill_navigation/package.xml
[0.786s] Invoked command in '/nav_ws/build/bill_navigation' returned '0': CMAKE_PREFIX_PATH=${CMAKE_PREFIX_PATH}:/opt/ros/jazzy /usr/bin/cmake --install /nav_ws/build/bill_navigation
