[0.039s] Invoking command in '/nav_ws/build/bill_navigation': CMAKE_PREFIX_PATH=${CMAKE_PREFIX_PATH}:/opt/ros/jazzy /usr/bin/cmake --build /nav_ws/build/bill_navigation -- -j16 -l16
[0.204s] Invoked command in '/nav_ws/build/bill_navigation' returned '0': CMAKE_PREFIX_PATH=${CMAKE_PREFIX_PATH}:/opt/ros/jazzy /usr/bin/cmake --build /nav_ws/build/bill_navigation -- -j16 -l16
[0.207s] Invoking command in '/nav_ws/build/bill_navigation': CMAKE_PREFIX_PATH=${CMAKE_PREFIX_PATH}:/opt/ros/jazzy /usr/bin/cmake --install /nav_ws/build/bill_navigation
[0.240s] -- Install configuration: ""
[0.241s] -- Up-to-date: /nav_ws/install/bill_navigation/share/bill_navigation/launch
[0.241s] -- Up-to-date: /nav_ws/install/bill_navigation/share/bill_navigation/launch/mapping.launch.py
[0.241s] -- Up-to-date: /nav_ws/install/bill_navigation/share/bill_navigation/launch/spawn_robot.launch.py
[0.242s] -- Up-to-date: /nav_ws/install/bill_navigation/share/bill_navigation/config
[0.242s] -- Up-to-date: /nav_ws/install/bill_navigation/share/bill_navigation/config/ekf.yaml
[0.242s] -- Up-to-date: /nav_ws/install/bill_navigation/share/bill_navigation/config/slam_toolbox_mapping.yaml
[0.242s] -- Up-to-date: /nav_ws/install/bill_navigation/share/bill_navigation/rviz
[0.243s] -- Up-to-date: /nav_ws/install/bill_navigation/share/bill_navigation/rviz/mapping.rviz
[0.243s] -- Up-to-date: /nav_ws/install/bill_navigation/share/ament_index/resource_index/package_run_dependencies/bill_navigation
[0.243s] -- Up-to-date: /nav_ws/install/bill_navigation/share/ament_index/resource_index/parent_prefix_path/bill_navigation
[0.243s] -- Up-to-date: /nav_ws/install/bill_navigation/share/bill_navigation/environment/ament_prefix_path.sh
[0.247s] -- Up-to-date: /nav_ws/install/bill_navigation/share/bill_navigation/environment/ament_prefix_path.dsv
[0.247s] -- Up-to-date: /nav_ws/install/bill_navigation/share/bill_navigation/environment/path.sh
[0.248s] -- Up-to-date: /nav_ws/install/bill_navigation/share/bill_navigation/environment/path.dsv
[0.248s] -- Up-to-date: /nav_ws/install/bill_navigation/share/bill_navigation/local_setup.bash
[0.248s] -- Up-to-date: /nav_ws/install/bill_navigation/share/bill_navigation/local_setup.sh
[0.248s] -- Up-to-date: /nav_ws/install/bill_navigation/share/bill_navigation/local_setup.zsh
[0.248s] -- Up-to-date: /nav_ws/install/bill_navigation/share/bill_navigation/local_setup.dsv
[0.249s] -- Installing: /nav_ws/install/bill_navigation/share/bill_navigation/package.dsv
[0.249s] -- Up-to-date: /nav_ws/install/bill_navigation/share/ament_index/resource_index/packages/bill_navigation
[0.249s] -- Up-to-date: /nav_ws/install/bill_navigation/share/bill_navigation/cmake/bill_navigationConfig.cmake
[0.249s] -- Up-to-date: /nav_ws/install/bill_navigation/share/bill_navigation/cmake/bill_navigationConfig-version.cmake
[0.252s] -- Up-to-date: /nav_ws/install/bill_navigation/share/bill_navigation/package.xml
[0.313s] Invoked command in '/nav_ws/build/bill_navigation' returned '0': CMAKE_PREFIX_PATH=${CMAKE_PREFIX_PATH}:/opt/ros/jazzy /usr/bin/cmake --install /nav_ws/build/bill_navigation
