[0.297s] DEBUG:colcon:Command line arguments: ['/usr/bin/colcon', 'build']
[0.297s] DEBUG:colcon:Parsed command line arguments: Namespace(log_base=None, log_level=None, verb_name='build', build_base='build', install_base='install', merge_install=False, symlink_install=False, test_result_base=None, continue_on_error=False, executor='parallel', parallel_workers=16, event_handlers=None, ignore_user_meta=False, metas=['./colcon.meta'], base_paths=['.'], packages_ignore=None, packages_ignore_regex=None, paths=None, packages_up_to=None, packages_up_to_regex=None, packages_above=None, packages_above_and_dependencies=None, packages_above_depth=None, packages_select_by_dep=None, packages_skip_by_dep=None, packages_skip_up_to=None, packages_select_build_failed=False, packages_skip_build_finished=False, packages_select_test_failures=False, packages_skip_test_passed=False, packages_select=None, packages_skip=None, packages_select_regex=None, packages_skip_regex=None, packages_start=None, packages_end=None, cmake_args=None, cmake_target=None, cmake_target_skip_unavailable=False, cmake_clean_cache=False, cmake_clean_first=False, cmake_force_configure=False, ament_cmake_args=None, catkin_cmake_args=None, catkin_skip_building_tests=False, mixin_files=None, mixin=None, verb_parser=<colcon_mixin.mixin.mixin_argument.MixinArgumentDecorator object at 0x7994dfd51730>, verb_extension=<colcon_core.verb.build.BuildVerb object at 0x7994dfd513a0>, main=<bound method BuildVerb.main of <colcon_core.verb.build.BuildVerb object at 0x7994dfd513a0>>, mixin_verb=('build',))
[0.399s] Level 1:colcon.colcon_core.package_discovery:discover_packages(colcon_meta) check parameters
[0.401s] INFO:colcon.colcon_metadata.package_discovery.colcon_meta:Using configuration from '/root/.colcon/metadata/default/Gazebo.meta'
[0.402s] INFO:colcon.colcon_metadata.package_discovery.colcon_meta:Using configuration from '/root/.colcon/metadata/default/fastdds.meta'
[0.403s] INFO:colcon.colcon_metadata.package_discovery.colcon_meta:Using configuration from '/root/.colcon/metadata/default/fastrtps.meta'
[0.403s] Level 1:colcon.colcon_core.package_discovery:discover_packages(recursive) check parameters
[0.403s] Level 1:colcon.colcon_core.package_discovery:discover_packages(ignore) check parameters
[0.403s] Level 1:colcon.colcon_core.package_discovery:discover_packages(path) check parameters
[0.403s] Level 1:colcon.colcon_core.package_discovery:discover_packages(colcon_meta) discover
[0.403s] Level 1:colcon.colcon_core.package_discovery:discover_packages(recursive) discover
[0.403s] INFO:colcon.colcon_core.package_discovery:Crawling recursively for packages in '/nav_ws'
[0.404s] Level 1:colcon.colcon_core.package_identification:_identify(.) by extensions ['ignore', 'ignore_ament_install']
[0.404s] Level 1:colcon.colcon_core.package_identification:_identify(.) by extension 'ignore'
[0.404s] Level 1:colcon.colcon_core.package_identification:_identify(.) by extension 'ignore_ament_install'
[0.404s] Level 1:colcon.colcon_core.package_identification:_identify(.) by extensions ['colcon_pkg']
[0.405s] Level 1:colcon.colcon_core.package_identification:_identify(.) by extension 'colcon_pkg'
[0.405s] Level 1:colcon.colcon_core.package_identification:_identify(.) by extensions ['colcon_meta']
[0.405s] Level 1:colcon.colcon_core.package_identification:_identify(.) by extension 'colcon_meta'
[0.405s] Level 1:colcon.colcon_core.package_identification:_identify(.) by extensions ['ros']
[0.405s] Level 1:colcon.colcon_core.package_identification:_identify(.) by extension 'ros'
[0.470s] Level 1:colcon.colcon_core.package_identification:_identify(.) by extensions ['cmake', 'python']
[0.470s] Level 1:colcon.colcon_core.package_identification:_identify(.) by extension 'cmake'
[0.470s] Level 1:colcon.colcon_core.package_identification:_identify(.) by extension 'python'
[0.470s] Level 1:colcon.colcon_core.package_identification:_identify(.) by extensions ['python_setup_py']
[0.470s] Level 1:colcon.colcon_core.package_identification:_identify(.) by extension 'python_setup_py'
[0.471s] Level 1:colcon.colcon_core.package_identification:_identify(build) by extensions ['ignore', 'ignore_ament_install']
[0.471s] Level 1:colcon.colcon_core.package_identification:_identify(build) by extension 'ignore'
[0.471s] Level 1:colcon.colcon_core.package_identification:_identify(build) ignored
[0.472s] Level 1:colcon.colcon_core.package_identification:_identify(install) by extensions ['ignore', 'ignore_ament_install']
[0.472s] Level 1:colcon.colcon_core.package_identification:_identify(install) by extension 'ignore'
[0.472s] Level 1:colcon.colcon_core.package_identification:_identify(install) ignored
[0.472s] Level 1:colcon.colcon_core.package_identification:_identify(log) by extensions ['ignore', 'ignore_ament_install']
[0.473s] Level 1:colcon.colcon_core.package_identification:_identify(log) by extension 'ignore'
[0.473s] Level 1:colcon.colcon_core.package_identification:_identify(log) ignored
[0.473s] Level 1:colcon.colcon_core.package_identification:_identify(src) by extensions ['ignore', 'ignore_ament_install']
[0.473s] Level 1:colcon.colcon_core.package_identification:_identify(src) by extension 'ignore'
[0.473s] Level 1:colcon.colcon_core.package_identification:_identify(src) by extension 'ignore_ament_install'
[0.474s] Level 1:colcon.colcon_core.package_identification:_identify(src) by extensions ['colcon_pkg']
[0.474s] Level 1:colcon.colcon_core.package_identification:_identify(src) by extension 'colcon_pkg'
[0.474s] Level 1:colcon.colcon_core.package_identification:_identify(src) by extensions ['colcon_meta']
[0.474s] Level 1:colcon.colcon_core.package_identification:_identify(src) by extension 'colcon_meta'
[0.474s] Level 1:colcon.colcon_core.package_identification:_identify(src) by extensions ['ros']
[0.474s] Level 1:colcon.colcon_core.package_identification:_identify(src) by extension 'ros'
[0.474s] Level 1:colcon.colcon_core.package_identification:_identify(src) by extensions ['cmake', 'python']
[0.475s] Level 1:colcon.colcon_core.package_identification:_identify(src) by extension 'cmake'
[0.475s] Level 1:colcon.colcon_core.package_identification:_identify(src) by extension 'python'
[0.475s] Level 1:colcon.colcon_core.package_identification:_identify(src) by extensions ['python_setup_py']
[0.475s] Level 1:colcon.colcon_core.package_identification:_identify(src) by extension 'python_setup_py'
[0.475s] Level 1:colcon.colcon_core.package_identification:_identify(src/bill) by extensions ['ignore', 'ignore_ament_install']
[0.475s] Level 1:colcon.colcon_core.package_identification:_identify(src/bill) by extension 'ignore'
[0.476s] Level 1:colcon.colcon_core.package_identification:_identify(src/bill) by extension 'ignore_ament_install'
[0.476s] Level 1:colcon.colcon_core.package_identification:_identify(src/bill) by extensions ['colcon_pkg']
[0.476s] Level 1:colcon.colcon_core.package_identification:_identify(src/bill) by extension 'colcon_pkg'
[0.476s] Level 1:colcon.colcon_core.package_identification:_identify(src/bill) by extensions ['colcon_meta']
[0.476s] Level 1:colcon.colcon_core.package_identification:_identify(src/bill) by extension 'colcon_meta'
[0.476s] Level 1:colcon.colcon_core.package_identification:_identify(src/bill) by extensions ['ros']
[0.476s] Level 1:colcon.colcon_core.package_identification:_identify(src/bill) by extension 'ros'
[0.482s] DEBUG:colcon.colcon_core.package_identification:Package 'src/bill' with type 'ros.ament_cmake' and name 'bill'
[0.482s] Level 1:colcon.colcon_core.package_identification:_identify(src/bill_description) by extensions ['ignore', 'ignore_ament_install']
[0.483s] Level 1:colcon.colcon_core.package_identification:_identify(src/bill_description) by extension 'ignore'
[0.483s] Level 1:colcon.colcon_core.package_identification:_identify(src/bill_description) by extension 'ignore_ament_install'
[0.483s] Level 1:colcon.colcon_core.package_identification:_identify(src/bill_description) by extensions ['colcon_pkg']
[0.483s] Level 1:colcon.colcon_core.package_identification:_identify(src/bill_description) by extension 'colcon_pkg'
[0.483s] Level 1:colcon.colcon_core.package_identification:_identify(src/bill_description) by extensions ['colcon_meta']
[0.483s] Level 1:colcon.colcon_core.package_identification:_identify(src/bill_description) by extension 'colcon_meta'
[0.484s] Level 1:colcon.colcon_core.package_identification:_identify(src/bill_description) by extensions ['ros']
[0.484s] Level 1:colcon.colcon_core.package_identification:_identify(src/bill_description) by extension 'ros'
[0.485s] DEBUG:colcon.colcon_core.package_identification:Package 'src/bill_description' with type 'ros.ament_cmake' and name 'bill_description'
[0.485s] Level 1:colcon.colcon_core.package_identification:_identify(src/bill_gazebo) by extensions ['ignore', 'ignore_ament_install']
[0.485s] Level 1:colcon.colcon_core.package_identification:_identify(src/bill_gazebo) by extension 'ignore'
[0.486s] Level 1:colcon.colcon_core.package_identification:_identify(src/bill_gazebo) by extension 'ignore_ament_install'
[0.486s] Level 1:colcon.colcon_core.package_identification:_identify(src/bill_gazebo) by extensions ['colcon_pkg']
[0.486s] Level 1:colcon.colcon_core.package_identification:_identify(src/bill_gazebo) by extension 'colcon_pkg'
[0.486s] Level 1:colcon.colcon_core.package_identification:_identify(src/bill_gazebo) by extensions ['colcon_meta']
[0.486s] Level 1:colcon.colcon_core.package_identification:_identify(src/bill_gazebo) by extension 'colcon_meta'
[0.486s] Level 1:colcon.colcon_core.package_identification:_identify(src/bill_gazebo) by extensions ['ros']
[0.486s] Level 1:colcon.colcon_core.package_identification:_identify(src/bill_gazebo) by extension 'ros'
[0.487s] DEBUG:colcon.colcon_core.package_identification:Package 'src/bill_gazebo' with type 'ros.ament_cmake' and name 'bill_gazebo'
[0.488s] Level 1:colcon.colcon_core.package_identification:_identify(src/bill_navigation) by extensions ['ignore', 'ignore_ament_install']
[0.488s] Level 1:colcon.colcon_core.package_identification:_identify(src/bill_navigation) by extension 'ignore'
[0.488s] Level 1:colcon.colcon_core.package_identification:_identify(src/bill_navigation) by extension 'ignore_ament_install'
[0.488s] Level 1:colcon.colcon_core.package_identification:_identify(src/bill_navigation) by extensions ['colcon_pkg']
[0.488s] Level 1:colcon.colcon_core.package_identification:_identify(src/bill_navigation) by extension 'colcon_pkg'
[0.489s] Level 1:colcon.colcon_core.package_identification:_identify(src/bill_navigation) by extensions ['colcon_meta']
[0.489s] Level 1:colcon.colcon_core.package_identification:_identify(src/bill_navigation) by extension 'colcon_meta'
[0.489s] Level 1:colcon.colcon_core.package_identification:_identify(src/bill_navigation) by extensions ['ros']
[0.489s] Level 1:colcon.colcon_core.package_identification:_identify(src/bill_navigation) by extension 'ros'
[0.490s] DEBUG:colcon.colcon_core.package_identification:Package 'src/bill_navigation' with type 'ros.ament_cmake' and name 'bill_navigation'
[0.490s] Level 1:colcon.colcon_core.package_discovery:discover_packages(recursive) using defaults
[0.490s] Level 1:colcon.colcon_core.package_discovery:discover_packages(ignore) discover
[0.490s] Level 1:colcon.colcon_core.package_discovery:discover_packages(ignore) using defaults
[0.490s] Level 1:colcon.colcon_core.package_discovery:discover_packages(path) discover
[0.490s] Level 1:colcon.colcon_core.package_discovery:discover_packages(path) using defaults
[0.534s] Level 5:colcon.colcon_core.verb:set package 'bill_description' build argument 'cmake_args' from command line to 'None'
[0.534s] Level 5:colcon.colcon_core.verb:set package 'bill_description' build argument 'cmake_target' from command line to 'None'
[0.534s] Level 5:colcon.colcon_core.verb:set package 'bill_description' build argument 'cmake_target_skip_unavailable' from command line to 'False'
[0.534s] Level 5:colcon.colcon_core.verb:set package 'bill_description' build argument 'cmake_clean_cache' from command line to 'False'
[0.535s] Level 5:colcon.colcon_core.verb:set package 'bill_description' build argument 'cmake_clean_first' from command line to 'False'
[0.535s] Level 5:colcon.colcon_core.verb:set package 'bill_description' build argument 'cmake_force_configure' from command line to 'False'
[0.535s] Level 5:colcon.colcon_core.verb:set package 'bill_description' build argument 'ament_cmake_args' from command line to 'None'
[0.535s] Level 5:colcon.colcon_core.verb:set package 'bill_description' build argument 'catkin_cmake_args' from command line to 'None'
[0.535s] Level 5:colcon.colcon_core.verb:set package 'bill_description' build argument 'catkin_skip_building_tests' from command line to 'False'
[0.535s] DEBUG:colcon.colcon_core.verb:Building package 'bill_description' with the following arguments: {'ament_cmake_args': None, 'build_base': '/nav_ws/build/bill_description', 'catkin_cmake_args': None, 'catkin_skip_building_tests': False, 'cmake_args': None, 'cmake_clean_cache': False, 'cmake_clean_first': False, 'cmake_force_configure': False, 'cmake_target': None, 'cmake_target_skip_unavailable': False, 'install_base': '/nav_ws/install/bill_description', 'merge_install': False, 'path': '/nav_ws/src/bill_description', 'symlink_install': False, 'test_result_base': None}
[0.536s] Level 5:colcon.colcon_core.verb:set package 'bill_gazebo' build argument 'cmake_args' from command line to 'None'
[0.536s] Level 5:colcon.colcon_core.verb:set package 'bill_gazebo' build argument 'cmake_target' from command line to 'None'
[0.536s] Level 5:colcon.colcon_core.verb:set package 'bill_gazebo' build argument 'cmake_target_skip_unavailable' from command line to 'False'
[0.536s] Level 5:colcon.colcon_core.verb:set package 'bill_gazebo' build argument 'cmake_clean_cache' from command line to 'False'
[0.536s] Level 5:colcon.colcon_core.verb:set package 'bill_gazebo' build argument 'cmake_clean_first' from command line to 'False'
[0.537s] Level 5:colcon.colcon_core.verb:set package 'bill_gazebo' build argument 'cmake_force_configure' from command line to 'False'
[0.537s] Level 5:colcon.colcon_core.verb:set package 'bill_gazebo' build argument 'ament_cmake_args' from command line to 'None'
[0.537s] Level 5:colcon.colcon_core.verb:set package 'bill_gazebo' build argument 'catkin_cmake_args' from command line to 'None'
[0.537s] Level 5:colcon.colcon_core.verb:set package 'bill_gazebo' build argument 'catkin_skip_building_tests' from command line to 'False'
[0.537s] DEBUG:colcon.colcon_core.verb:Building package 'bill_gazebo' with the following arguments: {'ament_cmake_args': None, 'build_base': '/nav_ws/build/bill_gazebo', 'catkin_cmake_args': None, 'catkin_skip_building_tests': False, 'cmake_args': None, 'cmake_clean_cache': False, 'cmake_clean_first': False, 'cmake_force_configure': False, 'cmake_target': None, 'cmake_target_skip_unavailable': False, 'install_base': '/nav_ws/install/bill_gazebo', 'merge_install': False, 'path': '/nav_ws/src/bill_gazebo', 'symlink_install': False, 'test_result_base': None}
[0.537s] Level 5:colcon.colcon_core.verb:set package 'bill_navigation' build argument 'cmake_args' from command line to 'None'
[0.538s] Level 5:colcon.colcon_core.verb:set package 'bill_navigation' build argument 'cmake_target' from command line to 'None'
[0.538s] Level 5:colcon.colcon_core.verb:set package 'bill_navigation' build argument 'cmake_target_skip_unavailable' from command line to 'False'
[0.538s] Level 5:colcon.colcon_core.verb:set package 'bill_navigation' build argument 'cmake_clean_cache' from command line to 'False'
[0.538s] Level 5:colcon.colcon_core.verb:set package 'bill_navigation' build argument 'cmake_clean_first' from command line to 'False'
[0.538s] Level 5:colcon.colcon_core.verb:set package 'bill_navigation' build argument 'cmake_force_configure' from command line to 'False'
[0.538s] Level 5:colcon.colcon_core.verb:set package 'bill_navigation' build argument 'ament_cmake_args' from command line to 'None'
[0.538s] Level 5:colcon.colcon_core.verb:set package 'bill_navigation' build argument 'catkin_cmake_args' from command line to 'None'
[0.538s] Level 5:colcon.colcon_core.verb:set package 'bill_navigation' build argument 'catkin_skip_building_tests' from command line to 'False'
[0.538s] DEBUG:colcon.colcon_core.verb:Building package 'bill_navigation' with the following arguments: {'ament_cmake_args': None, 'build_base': '/nav_ws/build/bill_navigation', 'catkin_cmake_args': None, 'catkin_skip_building_tests': False, 'cmake_args': None, 'cmake_clean_cache': False, 'cmake_clean_first': False, 'cmake_force_configure': False, 'cmake_target': None, 'cmake_target_skip_unavailable': False, 'install_base': '/nav_ws/install/bill_navigation', 'merge_install': False, 'path': '/nav_ws/src/bill_navigation', 'symlink_install': False, 'test_result_base': None}
[0.539s] Level 5:colcon.colcon_core.verb:set package 'bill' build argument 'cmake_args' from command line to 'None'
[0.539s] Level 5:colcon.colcon_core.verb:set package 'bill' build argument 'cmake_target' from command line to 'None'
[0.539s] Level 5:colcon.colcon_core.verb:set package 'bill' build argument 'cmake_target_skip_unavailable' from command line to 'False'
[0.539s] Level 5:colcon.colcon_core.verb:set package 'bill' build argument 'cmake_clean_cache' from command line to 'False'
[0.539s] Level 5:colcon.colcon_core.verb:set package 'bill' build argument 'cmake_clean_first' from command line to 'False'
[0.539s] Level 5:colcon.colcon_core.verb:set package 'bill' build argument 'cmake_force_configure' from command line to 'False'
[0.539s] Level 5:colcon.colcon_core.verb:set package 'bill' build argument 'ament_cmake_args' from command line to 'None'
[0.539s] Level 5:colcon.colcon_core.verb:set package 'bill' build argument 'catkin_cmake_args' from command line to 'None'
[0.539s] Level 5:colcon.colcon_core.verb:set package 'bill' build argument 'catkin_skip_building_tests' from command line to 'False'
[0.539s] DEBUG:colcon.colcon_core.verb:Building package 'bill' with the following arguments: {'ament_cmake_args': None, 'build_base': '/nav_ws/build/bill', 'catkin_cmake_args': None, 'catkin_skip_building_tests': False, 'cmake_args': None, 'cmake_clean_cache': False, 'cmake_clean_first': False, 'cmake_force_configure': False, 'cmake_target': None, 'cmake_target_skip_unavailable': False, 'install_base': '/nav_ws/install/bill', 'merge_install': False, 'path': '/nav_ws/src/bill', 'symlink_install': False, 'test_result_base': None}
[0.539s] INFO:colcon.colcon_core.executor:Executing jobs using 'parallel' executor
[0.542s] DEBUG:colcon.colcon_parallel_executor.executor.parallel:run_until_complete
[0.542s] INFO:colcon.colcon_ros.task.ament_cmake.build:Building ROS package in '/nav_ws/src/bill_description' with build type 'ament_cmake'
[0.542s] INFO:colcon.colcon_cmake.task.cmake.build:Building CMake package in '/nav_ws/src/bill_description'
[0.548s] INFO:colcon.colcon_core.plugin_system:Skipping extension 'colcon_core.shell.bat': Not used on non-Windows systems
[0.548s] INFO:colcon.colcon_core.shell:Skip shell extension 'powershell' for command environment: Not usable outside of PowerShell
[0.549s] DEBUG:colcon.colcon_core.shell:Skip shell extension 'dsv' for command environment
[0.564s] INFO:colcon.colcon_ros.task.ament_cmake.build:Building ROS package in '/nav_ws/src/bill_gazebo' with build type 'ament_cmake'
[0.564s] INFO:colcon.colcon_cmake.task.cmake.build:Building CMake package in '/nav_ws/src/bill_gazebo'
[0.564s] INFO:colcon.colcon_core.shell:Skip shell extension 'powershell' for command environment: Not usable outside of PowerShell
[0.564s] DEBUG:colcon.colcon_core.shell:Skip shell extension 'dsv' for command environment
[0.576s] INFO:colcon.colcon_ros.task.ament_cmake.build:Building ROS package in '/nav_ws/src/bill_navigation' with build type 'ament_cmake'
[0.577s] INFO:colcon.colcon_cmake.task.cmake.build:Building CMake package in '/nav_ws/src/bill_navigation'
[0.577s] INFO:colcon.colcon_core.shell:Skip shell extension 'powershell' for command environment: Not usable outside of PowerShell
[0.577s] DEBUG:colcon.colcon_core.shell:Skip shell extension 'dsv' for command environment
[0.599s] DEBUG:colcon.colcon_core.event_handler.log_command:Invoking command in '/nav_ws/build/bill_description': CMAKE_PREFIX_PATH=${CMAKE_PREFIX_PATH}:/opt/ros/jazzy /usr/bin/cmake --build /nav_ws/build/bill_description -- -j16 -l16
[0.606s] DEBUG:colcon.colcon_core.event_handler.log_command:Invoking command in '/nav_ws/build/bill_gazebo': CMAKE_PREFIX_PATH=${CMAKE_PREFIX_PATH}:/opt/ros/jazzy /usr/bin/cmake --build /nav_ws/build/bill_gazebo -- -j16 -l16
[0.616s] DEBUG:colcon.colcon_core.event_handler.log_command:Invoking command in '/nav_ws/build/bill_navigation': CMAKE_PREFIX_PATH=${CMAKE_PREFIX_PATH}:/opt/ros/jazzy /usr/bin/cmake --build /nav_ws/build/bill_navigation -- -j16 -l16
[0.742s] DEBUG:colcon.colcon_core.event_handler.log_command:Invoked command in '/nav_ws/build/bill_description' returned '0': CMAKE_PREFIX_PATH=${CMAKE_PREFIX_PATH}:/opt/ros/jazzy /usr/bin/cmake --build /nav_ws/build/bill_description -- -j16 -l16
[0.777s] DEBUG:colcon.colcon_core.event_handler.log_command:Invoking command in '/nav_ws/build/bill_description': CMAKE_PREFIX_PATH=${CMAKE_PREFIX_PATH}:/opt/ros/jazzy /usr/bin/cmake --install /nav_ws/build/bill_description
[0.781s] DEBUG:colcon.colcon_core.event_handler.log_command:Invoked command in '/nav_ws/build/bill_navigation' returned '0': CMAKE_PREFIX_PATH=${CMAKE_PREFIX_PATH}:/opt/ros/jazzy /usr/bin/cmake --build /nav_ws/build/bill_navigation -- -j16 -l16
[0.783s] DEBUG:colcon.colcon_core.event_handler.log_command:Invoking command in '/nav_ws/build/bill_navigation': CMAKE_PREFIX_PATH=${CMAKE_PREFIX_PATH}:/opt/ros/jazzy /usr/bin/cmake --install /nav_ws/build/bill_navigation
[0.784s] DEBUG:colcon.colcon_core.event_handler.log_command:Invoked command in '/nav_ws/build/bill_gazebo' returned '0': CMAKE_PREFIX_PATH=${CMAKE_PREFIX_PATH}:/opt/ros/jazzy /usr/bin/cmake --build /nav_ws/build/bill_gazebo -- -j16 -l16
[0.787s] DEBUG:colcon.colcon_core.event_handler.log_command:Invoking command in '/nav_ws/build/bill_gazebo': CMAKE_PREFIX_PATH=${CMAKE_PREFIX_PATH}:/opt/ros/jazzy /usr/bin/cmake --install /nav_ws/build/bill_gazebo
[0.821s] Level 1:colcon.colcon_core.environment:create_environment_scripts_only(bill_description)
[0.832s] DEBUG:colcon.colcon_core.event_handler.log_command:Invoked command in '/nav_ws/build/bill_description' returned '0': CMAKE_PREFIX_PATH=${CMAKE_PREFIX_PATH}:/opt/ros/jazzy /usr/bin/cmake --install /nav_ws/build/bill_description
[0.837s] Level 1:colcon.colcon_core.environment:checking '/nav_ws/install/bill_description' for CMake module files
[0.838s] Level 1:colcon.colcon_core.environment:checking '/nav_ws/install/bill_description' for CMake config files
[0.839s] Level 1:colcon.colcon_core.shell:create_environment_hook('bill_description', 'cmake_prefix_path')
[0.839s] INFO:colcon.colcon_core.shell:Creating environment hook '/nav_ws/install/bill_description/share/bill_description/hook/cmake_prefix_path.ps1'
[0.841s] INFO:colcon.colcon_core.shell:Creating environment descriptor '/nav_ws/install/bill_description/share/bill_description/hook/cmake_prefix_path.dsv'
[0.842s] INFO:colcon.colcon_core.shell:Creating environment hook '/nav_ws/install/bill_description/share/bill_description/hook/cmake_prefix_path.sh'
[0.844s] Level 1:colcon.colcon_core.environment:checking '/nav_ws/install/bill_description/bin'
[0.844s] Level 1:colcon.colcon_core.environment:checking '/nav_ws/install/bill_description/lib/pkgconfig/bill_description.pc'
[0.849s] Level 1:colcon.colcon_core.environment:checking '/nav_ws/install/bill_description/lib/python3.12/site-packages'
[0.849s] Level 1:colcon.colcon_core.environment:checking '/nav_ws/install/bill_description/bin'
[0.850s] INFO:colcon.colcon_core.shell:Creating package script '/nav_ws/install/bill_description/share/bill_description/package.ps1'
[0.852s] INFO:colcon.colcon_core.shell:Creating package descriptor '/nav_ws/install/bill_description/share/bill_description/package.dsv'
[0.853s] INFO:colcon.colcon_core.shell:Creating package script '/nav_ws/install/bill_description/share/bill_description/package.sh'
[0.854s] INFO:colcon.colcon_core.shell:Creating package script '/nav_ws/install/bill_description/share/bill_description/package.bash'
[0.856s] INFO:colcon.colcon_core.shell:Creating package script '/nav_ws/install/bill_description/share/bill_description/package.zsh'
[0.857s] Level 1:colcon.colcon_core.environment:create_file_with_runtime_dependencies(/nav_ws/install/bill_description/share/colcon-core/packages/bill_description)
[0.858s] Level 1:colcon.colcon_core.environment:create_environment_scripts_only(bill_description)
[0.859s] Level 1:colcon.colcon_core.environment:checking '/nav_ws/install/bill_description' for CMake module files
[0.860s] Level 1:colcon.colcon_core.environment:checking '/nav_ws/install/bill_description' for CMake config files
[0.861s] Level 1:colcon.colcon_core.shell:create_environment_hook('bill_description', 'cmake_prefix_path')
[0.861s] INFO:colcon.colcon_core.shell:Creating environment hook '/nav_ws/install/bill_description/share/bill_description/hook/cmake_prefix_path.ps1'
[0.862s] INFO:colcon.colcon_core.shell:Creating environment descriptor '/nav_ws/install/bill_description/share/bill_description/hook/cmake_prefix_path.dsv'
[0.863s] INFO:colcon.colcon_core.shell:Creating environment hook '/nav_ws/install/bill_description/share/bill_description/hook/cmake_prefix_path.sh'
[0.864s] Level 1:colcon.colcon_core.environment:checking '/nav_ws/install/bill_description/bin'
[0.864s] Level 1:colcon.colcon_core.environment:checking '/nav_ws/install/bill_description/lib/pkgconfig/bill_description.pc'
[0.865s] Level 1:colcon.colcon_core.environment:checking '/nav_ws/install/bill_description/lib/python3.12/site-packages'
[0.865s] Level 1:colcon.colcon_core.environment:checking '/nav_ws/install/bill_description/bin'
[0.866s] INFO:colcon.colcon_core.shell:Creating package script '/nav_ws/install/bill_description/share/bill_description/package.ps1'
[0.867s] INFO:colcon.colcon_core.shell:Creating package descriptor '/nav_ws/install/bill_description/share/bill_description/package.dsv'
[0.868s] INFO:colcon.colcon_core.shell:Creating package script '/nav_ws/install/bill_description/share/bill_description/package.sh'
[0.869s] INFO:colcon.colcon_core.shell:Creating package script '/nav_ws/install/bill_description/share/bill_description/package.bash'
[0.870s] INFO:colcon.colcon_core.shell:Creating package script '/nav_ws/install/bill_description/share/bill_description/package.zsh'
[0.871s] Level 1:colcon.colcon_core.environment:create_file_with_runtime_dependencies(/nav_ws/install/bill_description/share/colcon-core/packages/bill_description)
[0.873s] INFO:colcon.colcon_ros.task.ament_cmake.build:Building ROS package in '/nav_ws/src/bill' with build type 'ament_cmake'
[0.873s] INFO:colcon.colcon_cmake.task.cmake.build:Building CMake package in '/nav_ws/src/bill'
[0.874s] INFO:colcon.colcon_core.shell:Skip shell extension 'powershell' for command environment: Not usable outside of PowerShell
[0.874s] DEBUG:colcon.colcon_core.shell:Skip shell extension 'dsv' for command environment
[0.888s] Level 1:colcon.colcon_core.environment:create_environment_scripts_only(bill_navigation)
[0.889s] Level 1:colcon.colcon_core.environment:checking '/nav_ws/install/bill_navigation' for CMake module files
[0.890s] DEBUG:colcon.colcon_core.event_handler.log_command:Invoked command in '/nav_ws/build/bill_navigation' returned '0': CMAKE_PREFIX_PATH=${CMAKE_PREFIX_PATH}:/opt/ros/jazzy /usr/bin/cmake --install /nav_ws/build/bill_navigation
[0.891s] Level 1:colcon.colcon_core.environment:checking '/nav_ws/install/bill_navigation' for CMake config files
[0.891s] Level 1:colcon.colcon_core.shell:create_environment_hook('bill_navigation', 'cmake_prefix_path')
[0.892s] INFO:colcon.colcon_core.shell:Creating environment hook '/nav_ws/install/bill_navigation/share/bill_navigation/hook/cmake_prefix_path.ps1'
[0.893s] INFO:colcon.colcon_core.shell:Creating environment descriptor '/nav_ws/install/bill_navigation/share/bill_navigation/hook/cmake_prefix_path.dsv'
[0.894s] INFO:colcon.colcon_core.shell:Creating environment hook '/nav_ws/install/bill_navigation/share/bill_navigation/hook/cmake_prefix_path.sh'
[0.895s] Level 1:colcon.colcon_core.environment:checking '/nav_ws/install/bill_navigation/bin'
[0.895s] Level 1:colcon.colcon_core.environment:checking '/nav_ws/install/bill_navigation/lib/pkgconfig/bill_navigation.pc'
[0.896s] Level 1:colcon.colcon_core.environment:checking '/nav_ws/install/bill_navigation/lib/python3.12/site-packages'
[0.896s] Level 1:colcon.colcon_core.environment:checking '/nav_ws/install/bill_navigation/bin'
[0.897s] INFO:colcon.colcon_core.shell:Creating package script '/nav_ws/install/bill_navigation/share/bill_navigation/package.ps1'
[0.898s] INFO:colcon.colcon_core.shell:Creating package descriptor '/nav_ws/install/bill_navigation/share/bill_navigation/package.dsv'
[0.899s] INFO:colcon.colcon_core.shell:Creating package script '/nav_ws/install/bill_navigation/share/bill_navigation/package.sh'
[0.900s] INFO:colcon.colcon_core.shell:Creating package script '/nav_ws/install/bill_navigation/share/bill_navigation/package.bash'
[0.901s] INFO:colcon.colcon_core.shell:Creating package script '/nav_ws/install/bill_navigation/share/bill_navigation/package.zsh'
[0.902s] Level 1:colcon.colcon_core.environment:create_file_with_runtime_dependencies(/nav_ws/install/bill_navigation/share/colcon-core/packages/bill_navigation)
[0.903s] Level 1:colcon.colcon_core.environment:create_environment_scripts_only(bill_navigation)
[0.903s] Level 1:colcon.colcon_core.environment:checking '/nav_ws/install/bill_navigation' for CMake module files
[0.904s] Level 1:colcon.colcon_core.environment:checking '/nav_ws/install/bill_navigation' for CMake config files
[0.904s] Level 1:colcon.colcon_core.shell:create_environment_hook('bill_navigation', 'cmake_prefix_path')
[0.905s] INFO:colcon.colcon_core.shell:Creating environment hook '/nav_ws/install/bill_navigation/share/bill_navigation/hook/cmake_prefix_path.ps1'
[0.906s] INFO:colcon.colcon_core.shell:Creating environment descriptor '/nav_ws/install/bill_navigation/share/bill_navigation/hook/cmake_prefix_path.dsv'
[0.907s] INFO:colcon.colcon_core.shell:Creating environment hook '/nav_ws/install/bill_navigation/share/bill_navigation/hook/cmake_prefix_path.sh'
[0.910s] Level 1:colcon.colcon_core.environment:checking '/nav_ws/install/bill_navigation/bin'
[0.910s] Level 1:colcon.colcon_core.environment:checking '/nav_ws/install/bill_navigation/lib/pkgconfig/bill_navigation.pc'
[0.911s] Level 1:colcon.colcon_core.environment:checking '/nav_ws/install/bill_navigation/lib/python3.12/site-packages'
[0.911s] Level 1:colcon.colcon_core.environment:checking '/nav_ws/install/bill_navigation/bin'
[0.912s] INFO:colcon.colcon_core.shell:Creating package script '/nav_ws/install/bill_navigation/share/bill_navigation/package.ps1'
[0.913s] INFO:colcon.colcon_core.shell:Creating package descriptor '/nav_ws/install/bill_navigation/share/bill_navigation/package.dsv'
[0.914s] INFO:colcon.colcon_core.shell:Creating package script '/nav_ws/install/bill_navigation/share/bill_navigation/package.sh'
[0.915s] INFO:colcon.colcon_core.shell:Creating package script '/nav_ws/install/bill_navigation/share/bill_navigation/package.bash'
[0.917s] INFO:colcon.colcon_core.shell:Creating package script '/nav_ws/install/bill_navigation/share/bill_navigation/package.zsh'
[0.918s] Level 1:colcon.colcon_core.environment:create_file_with_runtime_dependencies(/nav_ws/install/bill_navigation/share/colcon-core/packages/bill_navigation)
[0.918s] Level 1:colcon.colcon_core.environment:create_environment_scripts_only(bill_gazebo)
[0.919s] Level 1:colcon.colcon_core.environment:checking '/nav_ws/install/bill_gazebo' for CMake module files
[0.922s] DEBUG:colcon.colcon_core.event_handler.log_command:Invoked command in '/nav_ws/build/bill_gazebo' returned '0': CMAKE_PREFIX_PATH=${CMAKE_PREFIX_PATH}:/opt/ros/jazzy /usr/bin/cmake --install /nav_ws/build/bill_gazebo
[0.922s] Level 1:colcon.colcon_core.environment:checking '/nav_ws/install/bill_gazebo' for CMake config files
[0.923s] Level 1:colcon.colcon_core.shell:create_environment_hook('bill_gazebo', 'cmake_prefix_path')
[0.923s] INFO:colcon.colcon_core.shell:Creating environment hook '/nav_ws/install/bill_gazebo/share/bill_gazebo/hook/cmake_prefix_path.ps1'
[0.924s] INFO:colcon.colcon_core.shell:Creating environment descriptor '/nav_ws/install/bill_gazebo/share/bill_gazebo/hook/cmake_prefix_path.dsv'
[0.925s] INFO:colcon.colcon_core.shell:Creating environment hook '/nav_ws/install/bill_gazebo/share/bill_gazebo/hook/cmake_prefix_path.sh'
[0.926s] Level 1:colcon.colcon_core.environment:checking '/nav_ws/install/bill_gazebo/bin'
[0.926s] Level 1:colcon.colcon_core.environment:checking '/nav_ws/install/bill_gazebo/lib/pkgconfig/bill_gazebo.pc'
[0.927s] Level 1:colcon.colcon_core.environment:checking '/nav_ws/install/bill_gazebo/lib/python3.12/site-packages'
[0.927s] Level 1:colcon.colcon_core.environment:checking '/nav_ws/install/bill_gazebo/bin'
[0.928s] INFO:colcon.colcon_core.shell:Creating package script '/nav_ws/install/bill_gazebo/share/bill_gazebo/package.ps1'
[0.929s] INFO:colcon.colcon_core.shell:Creating package descriptor '/nav_ws/install/bill_gazebo/share/bill_gazebo/package.dsv'
[0.930s] INFO:colcon.colcon_core.shell:Creating package script '/nav_ws/install/bill_gazebo/share/bill_gazebo/package.sh'
[0.931s] INFO:colcon.colcon_core.shell:Creating package script '/nav_ws/install/bill_gazebo/share/bill_gazebo/package.bash'
[0.932s] INFO:colcon.colcon_core.shell:Creating package script '/nav_ws/install/bill_gazebo/share/bill_gazebo/package.zsh'
[0.932s] Level 1:colcon.colcon_core.environment:create_file_with_runtime_dependencies(/nav_ws/install/bill_gazebo/share/colcon-core/packages/bill_gazebo)
[0.933s] Level 1:colcon.colcon_core.environment:create_environment_scripts_only(bill_gazebo)
[0.934s] Level 1:colcon.colcon_core.environment:checking '/nav_ws/install/bill_gazebo' for CMake module files
[0.935s] Level 1:colcon.colcon_core.environment:checking '/nav_ws/install/bill_gazebo' for CMake config files
[0.935s] Level 1:colcon.colcon_core.shell:create_environment_hook('bill_gazebo', 'cmake_prefix_path')
[0.936s] INFO:colcon.colcon_core.shell:Creating environment hook '/nav_ws/install/bill_gazebo/share/bill_gazebo/hook/cmake_prefix_path.ps1'
[0.937s] INFO:colcon.colcon_core.shell:Creating environment descriptor '/nav_ws/install/bill_gazebo/share/bill_gazebo/hook/cmake_prefix_path.dsv'
[0.937s] INFO:colcon.colcon_core.shell:Creating environment hook '/nav_ws/install/bill_gazebo/share/bill_gazebo/hook/cmake_prefix_path.sh'
[0.939s] Level 1:colcon.colcon_core.environment:checking '/nav_ws/install/bill_gazebo/bin'
[0.939s] Level 1:colcon.colcon_core.environment:checking '/nav_ws/install/bill_gazebo/lib/pkgconfig/bill_gazebo.pc'
[0.939s] Level 1:colcon.colcon_core.environment:checking '/nav_ws/install/bill_gazebo/lib/python3.12/site-packages'
[0.940s] Level 1:colcon.colcon_core.environment:checking '/nav_ws/install/bill_gazebo/bin'
[0.940s] INFO:colcon.colcon_core.shell:Creating package script '/nav_ws/install/bill_gazebo/share/bill_gazebo/package.ps1'
[0.942s] INFO:colcon.colcon_core.shell:Creating package descriptor '/nav_ws/install/bill_gazebo/share/bill_gazebo/package.dsv'
[0.943s] INFO:colcon.colcon_core.shell:Creating package script '/nav_ws/install/bill_gazebo/share/bill_gazebo/package.sh'
[0.944s] INFO:colcon.colcon_core.shell:Creating package script '/nav_ws/install/bill_gazebo/share/bill_gazebo/package.bash'
[0.946s] INFO:colcon.colcon_core.shell:Creating package script '/nav_ws/install/bill_gazebo/share/bill_gazebo/package.zsh'
[0.946s] Level 1:colcon.colcon_core.environment:create_file_with_runtime_dependencies(/nav_ws/install/bill_gazebo/share/colcon-core/packages/bill_gazebo)
[0.955s] DEBUG:colcon.colcon_core.event_handler.log_command:Invoking command in '/nav_ws/build/bill': CMAKE_PREFIX_PATH=/nav_ws/install/bill_description:/nav_ws/install/bill_navigation:/nav_ws/install/bill_gazebo:/nav_ws/install/bill:/opt/ros/jazzy/opt/gz_sim_vendor:/opt/ros/jazzy/opt/gz_sensors_vendor:/opt/ros/jazzy/opt/gz_physics_vendor:/opt/ros/jazzy/opt/sdformat_vendor:/opt/ros/jazzy/opt/gz_gui_vendor:/opt/ros/jazzy/opt/gz_transport_vendor:/opt/ros/jazzy/opt/gz_rendering_vendor:/opt/ros/jazzy/opt/gz_plugin_vendor:/opt/ros/jazzy/opt/gz_fuel_tools_vendor:/opt/ros/jazzy/opt/gz_msgs_vendor:/opt/ros/jazzy/opt/gz_common_vendor:/opt/ros/jazzy/opt/gz_math_vendor:/opt/ros/jazzy/opt/gz_utils_vendor:/opt/ros/jazzy/opt/gz_tools_vendor:/opt/ros/jazzy/opt/gz_ogre_next_vendor:/opt/ros/jazzy/opt/gz_dartsim_vendor:/opt/ros/jazzy/opt/gz_cmake_vendor:/opt/ros/jazzy /usr/bin/cmake --build /nav_ws/build/bill -- -j16 -l16
[1.091s] DEBUG:colcon.colcon_core.event_handler.log_command:Invoked command in '/nav_ws/build/bill' returned '0': CMAKE_PREFIX_PATH=/nav_ws/install/bill_description:/nav_ws/install/bill_navigation:/nav_ws/install/bill_gazebo:/nav_ws/install/bill:/opt/ros/jazzy/opt/gz_sim_vendor:/opt/ros/jazzy/opt/gz_sensors_vendor:/opt/ros/jazzy/opt/gz_physics_vendor:/opt/ros/jazzy/opt/sdformat_vendor:/opt/ros/jazzy/opt/gz_gui_vendor:/opt/ros/jazzy/opt/gz_transport_vendor:/opt/ros/jazzy/opt/gz_rendering_vendor:/opt/ros/jazzy/opt/gz_plugin_vendor:/opt/ros/jazzy/opt/gz_fuel_tools_vendor:/opt/ros/jazzy/opt/gz_msgs_vendor:/opt/ros/jazzy/opt/gz_common_vendor:/opt/ros/jazzy/opt/gz_math_vendor:/opt/ros/jazzy/opt/gz_utils_vendor:/opt/ros/jazzy/opt/gz_tools_vendor:/opt/ros/jazzy/opt/gz_ogre_next_vendor:/opt/ros/jazzy/opt/gz_dartsim_vendor:/opt/ros/jazzy/opt/gz_cmake_vendor:/opt/ros/jazzy /usr/bin/cmake --build /nav_ws/build/bill -- -j16 -l16
[1.093s] DEBUG:colcon.colcon_core.event_handler.log_command:Invoking command in '/nav_ws/build/bill': CMAKE_PREFIX_PATH=/nav_ws/install/bill_description:/nav_ws/install/bill_navigation:/nav_ws/install/bill_gazebo:/nav_ws/install/bill:/opt/ros/jazzy/opt/gz_sim_vendor:/opt/ros/jazzy/opt/gz_sensors_vendor:/opt/ros/jazzy/opt/gz_physics_vendor:/opt/ros/jazzy/opt/sdformat_vendor:/opt/ros/jazzy/opt/gz_gui_vendor:/opt/ros/jazzy/opt/gz_transport_vendor:/opt/ros/jazzy/opt/gz_rendering_vendor:/opt/ros/jazzy/opt/gz_plugin_vendor:/opt/ros/jazzy/opt/gz_fuel_tools_vendor:/opt/ros/jazzy/opt/gz_msgs_vendor:/opt/ros/jazzy/opt/gz_common_vendor:/opt/ros/jazzy/opt/gz_math_vendor:/opt/ros/jazzy/opt/gz_utils_vendor:/opt/ros/jazzy/opt/gz_tools_vendor:/opt/ros/jazzy/opt/gz_ogre_next_vendor:/opt/ros/jazzy/opt/gz_dartsim_vendor:/opt/ros/jazzy/opt/gz_cmake_vendor:/opt/ros/jazzy /usr/bin/cmake --install /nav_ws/build/bill
[1.128s] Level 1:colcon.colcon_core.environment:create_environment_scripts_only(bill)
[1.129s] Level 1:colcon.colcon_core.environment:checking '/nav_ws/install/bill' for CMake module files
[1.130s] DEBUG:colcon.colcon_core.event_handler.log_command:Invoked command in '/nav_ws/build/bill' returned '0': CMAKE_PREFIX_PATH=/nav_ws/install/bill_description:/nav_ws/install/bill_navigation:/nav_ws/install/bill_gazebo:/nav_ws/install/bill:/opt/ros/jazzy/opt/gz_sim_vendor:/opt/ros/jazzy/opt/gz_sensors_vendor:/opt/ros/jazzy/opt/gz_physics_vendor:/opt/ros/jazzy/opt/sdformat_vendor:/opt/ros/jazzy/opt/gz_gui_vendor:/opt/ros/jazzy/opt/gz_transport_vendor:/opt/ros/jazzy/opt/gz_rendering_vendor:/opt/ros/jazzy/opt/gz_plugin_vendor:/opt/ros/jazzy/opt/gz_fuel_tools_vendor:/opt/ros/jazzy/opt/gz_msgs_vendor:/opt/ros/jazzy/opt/gz_common_vendor:/opt/ros/jazzy/opt/gz_math_vendor:/opt/ros/jazzy/opt/gz_utils_vendor:/opt/ros/jazzy/opt/gz_tools_vendor:/opt/ros/jazzy/opt/gz_ogre_next_vendor:/opt/ros/jazzy/opt/gz_dartsim_vendor:/opt/ros/jazzy/opt/gz_cmake_vendor:/opt/ros/jazzy /usr/bin/cmake --install /nav_ws/build/bill
[1.131s] Level 1:colcon.colcon_core.environment:checking '/nav_ws/install/bill' for CMake config files
[1.131s] Level 1:colcon.colcon_core.shell:create_environment_hook('bill', 'cmake_prefix_path')
[1.131s] INFO:colcon.colcon_core.shell:Creating environment hook '/nav_ws/install/bill/share/bill/hook/cmake_prefix_path.ps1'
[1.133s] INFO:colcon.colcon_core.shell:Creating environment descriptor '/nav_ws/install/bill/share/bill/hook/cmake_prefix_path.dsv'
[1.133s] INFO:colcon.colcon_core.shell:Creating environment hook '/nav_ws/install/bill/share/bill/hook/cmake_prefix_path.sh'
[1.135s] Level 1:colcon.colcon_core.environment:checking '/nav_ws/install/bill/bin'
[1.135s] Level 1:colcon.colcon_core.environment:checking '/nav_ws/install/bill/lib/pkgconfig/bill.pc'
[1.135s] Level 1:colcon.colcon_core.environment:checking '/nav_ws/install/bill/lib/python3.12/site-packages'
[1.136s] Level 1:colcon.colcon_core.environment:checking '/nav_ws/install/bill/bin'
[1.136s] INFO:colcon.colcon_core.shell:Creating package script '/nav_ws/install/bill/share/bill/package.ps1'
[1.137s] INFO:colcon.colcon_core.shell:Creating package descriptor '/nav_ws/install/bill/share/bill/package.dsv'
[1.138s] INFO:colcon.colcon_core.shell:Creating package script '/nav_ws/install/bill/share/bill/package.sh'
[1.139s] INFO:colcon.colcon_core.shell:Creating package script '/nav_ws/install/bill/share/bill/package.bash'
[1.140s] INFO:colcon.colcon_core.shell:Creating package script '/nav_ws/install/bill/share/bill/package.zsh'
[1.141s] Level 1:colcon.colcon_core.environment:create_file_with_runtime_dependencies(/nav_ws/install/bill/share/colcon-core/packages/bill)
[1.142s] Level 1:colcon.colcon_core.environment:create_environment_scripts_only(bill)
[1.142s] Level 1:colcon.colcon_core.environment:checking '/nav_ws/install/bill' for CMake module files
[1.143s] Level 1:colcon.colcon_core.environment:checking '/nav_ws/install/bill' for CMake config files
[1.144s] Level 1:colcon.colcon_core.shell:create_environment_hook('bill', 'cmake_prefix_path')
[1.145s] INFO:colcon.colcon_core.shell:Creating environment hook '/nav_ws/install/bill/share/bill/hook/cmake_prefix_path.ps1'
[1.146s] INFO:colcon.colcon_core.shell:Creating environment descriptor '/nav_ws/install/bill/share/bill/hook/cmake_prefix_path.dsv'
[1.146s] INFO:colcon.colcon_core.shell:Creating environment hook '/nav_ws/install/bill/share/bill/hook/cmake_prefix_path.sh'
[1.148s] Level 1:colcon.colcon_core.environment:checking '/nav_ws/install/bill/bin'
[1.148s] Level 1:colcon.colcon_core.environment:checking '/nav_ws/install/bill/lib/pkgconfig/bill.pc'
[1.148s] Level 1:colcon.colcon_core.environment:checking '/nav_ws/install/bill/lib/python3.12/site-packages'
[1.149s] Level 1:colcon.colcon_core.environment:checking '/nav_ws/install/bill/bin'
[1.149s] INFO:colcon.colcon_core.shell:Creating package script '/nav_ws/install/bill/share/bill/package.ps1'
[1.150s] INFO:colcon.colcon_core.shell:Creating package descriptor '/nav_ws/install/bill/share/bill/package.dsv'
[1.152s] INFO:colcon.colcon_core.shell:Creating package script '/nav_ws/install/bill/share/bill/package.sh'
[1.152s] INFO:colcon.colcon_core.shell:Creating package script '/nav_ws/install/bill/share/bill/package.bash'
[1.153s] INFO:colcon.colcon_core.shell:Creating package script '/nav_ws/install/bill/share/bill/package.zsh'
[1.154s] Level 1:colcon.colcon_core.environment:create_file_with_runtime_dependencies(/nav_ws/install/bill/share/colcon-core/packages/bill)
[1.155s] DEBUG:colcon.colcon_parallel_executor.executor.parallel:closing loop
[1.156s] DEBUG:colcon.colcon_parallel_executor.executor.parallel:loop closed
[1.156s] DEBUG:colcon.colcon_parallel_executor.executor.parallel:run_until_complete finished with '0'
[1.156s] DEBUG:colcon.colcon_core.event_reactor:joining thread
[1.171s] INFO:colcon.colcon_core.plugin_system:Skipping extension 'colcon_notification.desktop_notification.notify_send': Could not find 'notify-send'
[1.172s] INFO:colcon.colcon_core.plugin_system:Skipping extension 'colcon_notification.desktop_notification.terminal_notifier': Not used on non-Darwin systems
[1.172s] INFO:colcon.colcon_core.plugin_system:Skipping extension 'colcon_notification.desktop_notification.win32': Not used on non-Windows systems
[1.172s] INFO:colcon.colcon_notification.desktop_notification:Sending desktop notification using 'notify2'
[1.180s] DEBUG:colcon.colcon_notification.desktop_notification.notify2:Failed to initialize notify2: org.freedesktop.DBus.Error.Spawn.ExecFailed: /usr/bin/dbus-launch terminated abnormally without any error message
[1.181s] DEBUG:colcon.colcon_core.event_reactor:joined thread
[1.182s] INFO:colcon.colcon_core.shell:Creating prefix script '/nav_ws/install/local_setup.ps1'
[1.184s] INFO:colcon.colcon_core.shell:Creating prefix util module '/nav_ws/install/_local_setup_util_ps1.py'
[1.187s] INFO:colcon.colcon_core.shell:Creating prefix chain script '/nav_ws/install/setup.ps1'
[1.190s] INFO:colcon.colcon_core.shell:Creating prefix script '/nav_ws/install/local_setup.sh'
[1.191s] INFO:colcon.colcon_core.shell:Creating prefix util module '/nav_ws/install/_local_setup_util_sh.py'
[1.193s] INFO:colcon.colcon_core.shell:Creating prefix chain script '/nav_ws/install/setup.sh'
[1.195s] INFO:colcon.colcon_core.shell:Creating prefix script '/nav_ws/install/local_setup.bash'
[1.197s] INFO:colcon.colcon_core.shell:Creating prefix chain script '/nav_ws/install/setup.bash'
[1.200s] INFO:colcon.colcon_core.shell:Creating prefix script '/nav_ws/install/local_setup.zsh'
[1.201s] INFO:colcon.colcon_core.shell:Creating prefix chain script '/nav_ws/install/setup.zsh'
