-- Install configuration: ""
-- Up-to-date: /nav_ws/install/bill_gazebo/share/bill_gazebo/worlds
-- Up-to-date: /nav_ws/install/bill_gazebo/share/bill_gazebo/worlds/world.sdf
-- Up-to-date: /nav_ws/install/bill_gazebo/share/bill_gazebo/worlds/empty.sdf
-- Up-to-date: /nav_ws/install/bill_gazebo/share/bill_gazebo/worlds/room.sdf
-- Up-to-date: /nav_ws/install/bill_gazebo/share/bill_gazebo/launch
-- Up-to-date: /nav_ws/install/bill_gazebo/share/bill_gazebo/launch/spawn_robot.launch.py
-- Up-to-date: /nav_ws/install/bill_gazebo/share/bill_gazebo/launch/world.launch.py
-- Up-to-date: /nav_ws/install/bill_gazebo/share/ament_index/resource_index/package_run_dependencies/bill_gazebo
-- Up-to-date: /nav_ws/install/bill_gazebo/share/ament_index/resource_index/parent_prefix_path/bill_gazebo
-- Up-to-date: /nav_ws/install/bill_gazebo/share/bill_gazebo/environment/ament_prefix_path.sh
-- Up-to-date: /nav_ws/install/bill_gazebo/share/bill_gazebo/environment/ament_prefix_path.dsv
-- Up-to-date: /nav_ws/install/bill_gazebo/share/bill_gazebo/environment/path.sh
-- Up-to-date: /nav_ws/install/bill_gazebo/share/bill_gazebo/environment/path.dsv
-- Up-to-date: /nav_ws/install/bill_gazebo/share/bill_gazebo/local_setup.bash
-- Up-to-date: /nav_ws/install/bill_gazebo/share/bill_gazebo/local_setup.sh
-- Up-to-date: /nav_ws/install/bill_gazebo/share/bill_gazebo/local_setup.zsh
-- Up-to-date: /nav_ws/install/bill_gazebo/share/bill_gazebo/local_setup.dsv
-- Up-to-date: /nav_ws/install/bill_gazebo/share/bill_gazebo/package.dsv
-- Up-to-date: /nav_ws/install/bill_gazebo/share/ament_index/resource_index/packages/bill_gazebo
-- Up-to-date: /nav_ws/install/bill_gazebo/share/bill_gazebo/cmake/bill_gazeboConfig.cmake
-- Up-to-date: /nav_ws/install/bill_gazebo/share/bill_gazebo/cmake/bill_gazeboConfig-version.cmake
-- Up-to-date: /nav_ws/install/bill_gazebo/share/bill_gazebo/package.xml
