[0.190s] DEBUG:colcon:Command line arguments: ['/usr/bin/colcon', 'build']
[0.191s] DEBUG:colcon:Parsed command line arguments: Namespace(log_base=None, log_level=None, verb_name='build', build_base='build', install_base='install', merge_install=False, symlink_install=False, test_result_base=None, continue_on_error=False, executor='parallel', parallel_workers=16, event_handlers=None, ignore_user_meta=False, metas=['./colcon.meta'], base_paths=['.'], packages_ignore=None, packages_ignore_regex=None, paths=None, packages_up_to=None, packages_up_to_regex=None, packages_above=None, packages_above_and_dependencies=None, packages_above_depth=None, packages_select_by_dep=None, packages_skip_by_dep=None, packages_skip_up_to=None, packages_select_build_failed=False, packages_skip_build_finished=False, packages_select_test_failures=False, packages_skip_test_passed=False, packages_select=None, packages_skip=None, packages_select_regex=None, packages_skip_regex=None, packages_start=None, packages_end=None, cmake_args=None, cmake_target=None, cmake_target_skip_unavailable=False, cmake_clean_cache=False, cmake_clean_first=False, cmake_force_configure=False, ament_cmake_args=None, catkin_cmake_args=None, catkin_skip_building_tests=False, mixin_files=None, mixin=None, verb_parser=<colcon_mixin.mixin.mixin_argument.MixinArgumentDecorator object at 0x7eb026311dc0>, verb_extension=<colcon_core.verb.build.BuildVerb object at 0x7eb026311a00>, main=<bound method BuildVerb.main of <colcon_core.verb.build.BuildVerb object at 0x7eb026311a00>>, mixin_verb=('build',))
[0.247s] Level 1:colcon.colcon_core.package_discovery:discover_packages(colcon_meta) check parameters
[0.248s] INFO:colcon.colcon_metadata.package_discovery.colcon_meta:Using configuration from '/root/.colcon/metadata/default/Gazebo.meta'
[0.249s] INFO:colcon.colcon_metadata.package_discovery.colcon_meta:Using configuration from '/root/.colcon/metadata/default/fastdds.meta'
[0.249s] INFO:colcon.colcon_metadata.package_discovery.colcon_meta:Using configuration from '/root/.colcon/metadata/default/fastrtps.meta'
[0.249s] Level 1:colcon.colcon_core.package_discovery:discover_packages(recursive) check parameters
[0.249s] Level 1:colcon.colcon_core.package_discovery:discover_packages(ignore) check parameters
[0.249s] Level 1:colcon.colcon_core.package_discovery:discover_packages(path) check parameters
[0.249s] Level 1:colcon.colcon_core.package_discovery:discover_packages(colcon_meta) discover
[0.249s] Level 1:colcon.colcon_core.package_discovery:discover_packages(recursive) discover
[0.249s] INFO:colcon.colcon_core.package_discovery:Crawling recursively for packages in '/nav_ws'
[0.249s] Level 1:colcon.colcon_core.package_identification:_identify(.) by extensions ['ignore', 'ignore_ament_install']
[0.250s] Level 1:colcon.colcon_core.package_identification:_identify(.) by extension 'ignore'
[0.250s] Level 1:colcon.colcon_core.package_identification:_identify(.) by extension 'ignore_ament_install'
[0.250s] Level 1:colcon.colcon_core.package_identification:_identify(.) by extensions ['colcon_pkg']
[0.250s] Level 1:colcon.colcon_core.package_identification:_identify(.) by extension 'colcon_pkg'
[0.250s] Level 1:colcon.colcon_core.package_identification:_identify(.) by extensions ['colcon_meta']
[0.250s] Level 1:colcon.colcon_core.package_identification:_identify(.) by extension 'colcon_meta'
[0.250s] Level 1:colcon.colcon_core.package_identification:_identify(.) by extensions ['ros']
[0.250s] Level 1:colcon.colcon_core.package_identification:_identify(.) by extension 'ros'
[0.279s] Level 1:colcon.colcon_core.package_identification:_identify(.) by extensions ['cmake', 'python']
[0.279s] Level 1:colcon.colcon_core.package_identification:_identify(.) by extension 'cmake'
[0.279s] Level 1:colcon.colcon_core.package_identification:_identify(.) by extension 'python'
[0.279s] Level 1:colcon.colcon_core.package_identification:_identify(.) by extensions ['python_setup_py']
[0.279s] Level 1:colcon.colcon_core.package_identification:_identify(.) by extension 'python_setup_py'
[0.279s] Level 1:colcon.colcon_core.package_identification:_identify(build) by extensions ['ignore', 'ignore_ament_install']
[0.279s] Level 1:colcon.colcon_core.package_identification:_identify(build) by extension 'ignore'
[0.279s] Level 1:colcon.colcon_core.package_identification:_identify(build) ignored
[0.279s] Level 1:colcon.colcon_core.package_identification:_identify(install) by extensions ['ignore', 'ignore_ament_install']
[0.280s] Level 1:colcon.colcon_core.package_identification:_identify(install) by extension 'ignore'
[0.280s] Level 1:colcon.colcon_core.package_identification:_identify(install) ignored
[0.280s] Level 1:colcon.colcon_core.package_identification:_identify(log) by extensions ['ignore', 'ignore_ament_install']
[0.280s] Level 1:colcon.colcon_core.package_identification:_identify(log) by extension 'ignore'
[0.280s] Level 1:colcon.colcon_core.package_identification:_identify(log) ignored
[0.280s] Level 1:colcon.colcon_core.package_identification:_identify(src) by extensions ['ignore', 'ignore_ament_install']
[0.280s] Level 1:colcon.colcon_core.package_identification:_identify(src) by extension 'ignore'
[0.280s] Level 1:colcon.colcon_core.package_identification:_identify(src) by extension 'ignore_ament_install'
[0.280s] Level 1:colcon.colcon_core.package_identification:_identify(src) by extensions ['colcon_pkg']
[0.280s] Level 1:colcon.colcon_core.package_identification:_identify(src) by extension 'colcon_pkg'
[0.280s] Level 1:colcon.colcon_core.package_identification:_identify(src) by extensions ['colcon_meta']
[0.280s] Level 1:colcon.colcon_core.package_identification:_identify(src) by extension 'colcon_meta'
[0.280s] Level 1:colcon.colcon_core.package_identification:_identify(src) by extensions ['ros']
[0.280s] Level 1:colcon.colcon_core.package_identification:_identify(src) by extension 'ros'
[0.280s] Level 1:colcon.colcon_core.package_identification:_identify(src) by extensions ['cmake', 'python']
[0.280s] Level 1:colcon.colcon_core.package_identification:_identify(src) by extension 'cmake'
[0.280s] Level 1:colcon.colcon_core.package_identification:_identify(src) by extension 'python'
[0.280s] Level 1:colcon.colcon_core.package_identification:_identify(src) by extensions ['python_setup_py']
[0.280s] Level 1:colcon.colcon_core.package_identification:_identify(src) by extension 'python_setup_py'
[0.280s] Level 1:colcon.colcon_core.package_identification:_identify(src/bill) by extensions ['ignore', 'ignore_ament_install']
[0.281s] Level 1:colcon.colcon_core.package_identification:_identify(src/bill) by extension 'ignore'
[0.281s] Level 1:colcon.colcon_core.package_identification:_identify(src/bill) by extension 'ignore_ament_install'
[0.281s] Level 1:colcon.colcon_core.package_identification:_identify(src/bill) by extensions ['colcon_pkg']
[0.281s] Level 1:colcon.colcon_core.package_identification:_identify(src/bill) by extension 'colcon_pkg'
[0.281s] Level 1:colcon.colcon_core.package_identification:_identify(src/bill) by extensions ['colcon_meta']
[0.281s] Level 1:colcon.colcon_core.package_identification:_identify(src/bill) by extension 'colcon_meta'
[0.281s] Level 1:colcon.colcon_core.package_identification:_identify(src/bill) by extensions ['ros']
[0.281s] Level 1:colcon.colcon_core.package_identification:_identify(src/bill) by extension 'ros'
[0.283s] DEBUG:colcon.colcon_core.package_identification:Package 'src/bill' with type 'ros.ament_cmake' and name 'bill'
[0.284s] Level 1:colcon.colcon_core.package_identification:_identify(src/bill_description) by extensions ['ignore', 'ignore_ament_install']
[0.284s] Level 1:colcon.colcon_core.package_identification:_identify(src/bill_description) by extension 'ignore'
[0.284s] Level 1:colcon.colcon_core.package_identification:_identify(src/bill_description) by extension 'ignore_ament_install'
[0.284s] Level 1:colcon.colcon_core.package_identification:_identify(src/bill_description) by extensions ['colcon_pkg']
[0.284s] Level 1:colcon.colcon_core.package_identification:_identify(src/bill_description) by extension 'colcon_pkg'
[0.284s] Level 1:colcon.colcon_core.package_identification:_identify(src/bill_description) by extensions ['colcon_meta']
[0.284s] Level 1:colcon.colcon_core.package_identification:_identify(src/bill_description) by extension 'colcon_meta'
[0.284s] Level 1:colcon.colcon_core.package_identification:_identify(src/bill_description) by extensions ['ros']
[0.284s] Level 1:colcon.colcon_core.package_identification:_identify(src/bill_description) by extension 'ros'
[0.284s] DEBUG:colcon.colcon_core.package_identification:Package 'src/bill_description' with type 'ros.ament_cmake' and name 'bill_description'
[0.284s] Level 1:colcon.colcon_core.package_discovery:discover_packages(recursive) using defaults
[0.284s] Level 1:colcon.colcon_core.package_discovery:discover_packages(ignore) discover
[0.284s] Level 1:colcon.colcon_core.package_discovery:discover_packages(ignore) using defaults
[0.285s] Level 1:colcon.colcon_core.package_discovery:discover_packages(path) discover
[0.285s] Level 1:colcon.colcon_core.package_discovery:discover_packages(path) using defaults
[0.305s] Level 5:colcon.colcon_core.verb:set package 'bill_description' build argument 'cmake_args' from command line to 'None'
[0.305s] Level 5:colcon.colcon_core.verb:set package 'bill_description' build argument 'cmake_target' from command line to 'None'
[0.305s] Level 5:colcon.colcon_core.verb:set package 'bill_description' build argument 'cmake_target_skip_unavailable' from command line to 'False'
[0.305s] Level 5:colcon.colcon_core.verb:set package 'bill_description' build argument 'cmake_clean_cache' from command line to 'False'
[0.305s] Level 5:colcon.colcon_core.verb:set package 'bill_description' build argument 'cmake_clean_first' from command line to 'False'
[0.305s] Level 5:colcon.colcon_core.verb:set package 'bill_description' build argument 'cmake_force_configure' from command line to 'False'
[0.305s] Level 5:colcon.colcon_core.verb:set package 'bill_description' build argument 'ament_cmake_args' from command line to 'None'
[0.305s] Level 5:colcon.colcon_core.verb:set package 'bill_description' build argument 'catkin_cmake_args' from command line to 'None'
[0.305s] Level 5:colcon.colcon_core.verb:set package 'bill_description' build argument 'catkin_skip_building_tests' from command line to 'False'
[0.306s] DEBUG:colcon.colcon_core.verb:Building package 'bill_description' with the following arguments: {'ament_cmake_args': None, 'build_base': '/nav_ws/build/bill_description', 'catkin_cmake_args': None, 'catkin_skip_building_tests': False, 'cmake_args': None, 'cmake_clean_cache': False, 'cmake_clean_first': False, 'cmake_force_configure': False, 'cmake_target': None, 'cmake_target_skip_unavailable': False, 'install_base': '/nav_ws/install/bill_description', 'merge_install': False, 'path': '/nav_ws/src/bill_description', 'symlink_install': False, 'test_result_base': None}
[0.306s] Level 5:colcon.colcon_core.verb:set package 'bill' build argument 'cmake_args' from command line to 'None'
[0.306s] Level 5:colcon.colcon_core.verb:set package 'bill' build argument 'cmake_target' from command line to 'None'
[0.306s] Level 5:colcon.colcon_core.verb:set package 'bill' build argument 'cmake_target_skip_unavailable' from command line to 'False'
[0.306s] Level 5:colcon.colcon_core.verb:set package 'bill' build argument 'cmake_clean_cache' from command line to 'False'
[0.306s] Level 5:colcon.colcon_core.verb:set package 'bill' build argument 'cmake_clean_first' from command line to 'False'
[0.306s] Level 5:colcon.colcon_core.verb:set package 'bill' build argument 'cmake_force_configure' from command line to 'False'
[0.306s] Level 5:colcon.colcon_core.verb:set package 'bill' build argument 'ament_cmake_args' from command line to 'None'
[0.306s] Level 5:colcon.colcon_core.verb:set package 'bill' build argument 'catkin_cmake_args' from command line to 'None'
[0.306s] Level 5:colcon.colcon_core.verb:set package 'bill' build argument 'catkin_skip_building_tests' from command line to 'False'
[0.306s] DEBUG:colcon.colcon_core.verb:Building package 'bill' with the following arguments: {'ament_cmake_args': None, 'build_base': '/nav_ws/build/bill', 'catkin_cmake_args': None, 'catkin_skip_building_tests': False, 'cmake_args': None, 'cmake_clean_cache': False, 'cmake_clean_first': False, 'cmake_force_configure': False, 'cmake_target': None, 'cmake_target_skip_unavailable': False, 'install_base': '/nav_ws/install/bill', 'merge_install': False, 'path': '/nav_ws/src/bill', 'symlink_install': False, 'test_result_base': None}
[0.306s] INFO:colcon.colcon_core.executor:Executing jobs using 'parallel' executor
[0.307s] DEBUG:colcon.colcon_parallel_executor.executor.parallel:run_until_complete
[0.307s] INFO:colcon.colcon_ros.task.ament_cmake.build:Building ROS package in '/nav_ws/src/bill_description' with build type 'ament_cmake'
[0.307s] INFO:colcon.colcon_cmake.task.cmake.build:Building CMake package in '/nav_ws/src/bill_description'
[0.311s] INFO:colcon.colcon_core.plugin_system:Skipping extension 'colcon_core.shell.bat': Not used on non-Windows systems
[0.311s] INFO:colcon.colcon_core.shell:Skip shell extension 'powershell' for command environment: Not usable outside of PowerShell
[0.311s] DEBUG:colcon.colcon_core.shell:Skip shell extension 'dsv' for command environment
[0.327s] DEBUG:colcon.colcon_core.event_handler.log_command:Invoking command in '/nav_ws/build/bill_description': CMAKE_PREFIX_PATH=${CMAKE_PREFIX_PATH}:/opt/ros/jazzy /usr/bin/cmake --build /nav_ws/build/bill_description -- -j16 -l16
[0.395s] DEBUG:colcon.colcon_core.event_handler.log_command:Invoked command in '/nav_ws/build/bill_description' returned '0': CMAKE_PREFIX_PATH=${CMAKE_PREFIX_PATH}:/opt/ros/jazzy /usr/bin/cmake --build /nav_ws/build/bill_description -- -j16 -l16
[0.408s] DEBUG:colcon.colcon_core.event_handler.log_command:Invoking command in '/nav_ws/build/bill_description': CMAKE_PREFIX_PATH=${CMAKE_PREFIX_PATH}:/opt/ros/jazzy /usr/bin/cmake --install /nav_ws/build/bill_description
[0.424s] Level 1:colcon.colcon_core.environment:create_environment_scripts_only(bill_description)
[0.424s] DEBUG:colcon.colcon_core.event_handler.log_command:Invoked command in '/nav_ws/build/bill_description' returned '0': CMAKE_PREFIX_PATH=${CMAKE_PREFIX_PATH}:/opt/ros/jazzy /usr/bin/cmake --install /nav_ws/build/bill_description
[0.429s] Level 1:colcon.colcon_core.environment:checking '/nav_ws/install/bill_description' for CMake module files
[0.430s] Level 1:colcon.colcon_core.environment:checking '/nav_ws/install/bill_description' for CMake config files
[0.430s] Level 1:colcon.colcon_core.shell:create_environment_hook('bill_description', 'cmake_prefix_path')
[0.430s] INFO:colcon.colcon_core.shell:Creating environment hook '/nav_ws/install/bill_description/share/bill_description/hook/cmake_prefix_path.ps1'
[0.431s] INFO:colcon.colcon_core.shell:Creating environment descriptor '/nav_ws/install/bill_description/share/bill_description/hook/cmake_prefix_path.dsv'
[0.432s] INFO:colcon.colcon_core.shell:Creating environment hook '/nav_ws/install/bill_description/share/bill_description/hook/cmake_prefix_path.sh'
[0.433s] Level 1:colcon.colcon_core.environment:checking '/nav_ws/install/bill_description/bin'
[0.433s] Level 1:colcon.colcon_core.environment:checking '/nav_ws/install/bill_description/lib/pkgconfig/bill_description.pc'
[0.435s] Level 1:colcon.colcon_core.environment:checking '/nav_ws/install/bill_description/lib/python3.12/site-packages'
[0.436s] Level 1:colcon.colcon_core.environment:checking '/nav_ws/install/bill_description/bin'
[0.436s] INFO:colcon.colcon_core.shell:Creating package script '/nav_ws/install/bill_description/share/bill_description/package.ps1'
[0.437s] INFO:colcon.colcon_core.shell:Creating package descriptor '/nav_ws/install/bill_description/share/bill_description/package.dsv'
[0.438s] INFO:colcon.colcon_core.shell:Creating package script '/nav_ws/install/bill_description/share/bill_description/package.sh'
[0.439s] INFO:colcon.colcon_core.shell:Creating package script '/nav_ws/install/bill_description/share/bill_description/package.bash'
[0.440s] INFO:colcon.colcon_core.shell:Creating package script '/nav_ws/install/bill_description/share/bill_description/package.zsh'
[0.441s] Level 1:colcon.colcon_core.environment:create_file_with_runtime_dependencies(/nav_ws/install/bill_description/share/colcon-core/packages/bill_description)
[0.442s] Level 1:colcon.colcon_core.environment:create_environment_scripts_only(bill_description)
[0.442s] Level 1:colcon.colcon_core.environment:checking '/nav_ws/install/bill_description' for CMake module files
[0.442s] Level 1:colcon.colcon_core.environment:checking '/nav_ws/install/bill_description' for CMake config files
[0.443s] Level 1:colcon.colcon_core.shell:create_environment_hook('bill_description', 'cmake_prefix_path')
[0.443s] INFO:colcon.colcon_core.shell:Creating environment hook '/nav_ws/install/bill_description/share/bill_description/hook/cmake_prefix_path.ps1'
[0.443s] INFO:colcon.colcon_core.shell:Creating environment descriptor '/nav_ws/install/bill_description/share/bill_description/hook/cmake_prefix_path.dsv'
[0.444s] INFO:colcon.colcon_core.shell:Creating environment hook '/nav_ws/install/bill_description/share/bill_description/hook/cmake_prefix_path.sh'
[0.444s] Level 1:colcon.colcon_core.environment:checking '/nav_ws/install/bill_description/bin'
[0.444s] Level 1:colcon.colcon_core.environment:checking '/nav_ws/install/bill_description/lib/pkgconfig/bill_description.pc'
[0.444s] Level 1:colcon.colcon_core.environment:checking '/nav_ws/install/bill_description/lib/python3.12/site-packages'
[0.445s] Level 1:colcon.colcon_core.environment:checking '/nav_ws/install/bill_description/bin'
[0.445s] INFO:colcon.colcon_core.shell:Creating package script '/nav_ws/install/bill_description/share/bill_description/package.ps1'
[0.445s] INFO:colcon.colcon_core.shell:Creating package descriptor '/nav_ws/install/bill_description/share/bill_description/package.dsv'
[0.446s] INFO:colcon.colcon_core.shell:Creating package script '/nav_ws/install/bill_description/share/bill_description/package.sh'
[0.446s] INFO:colcon.colcon_core.shell:Creating package script '/nav_ws/install/bill_description/share/bill_description/package.bash'
[0.447s] INFO:colcon.colcon_core.shell:Creating package script '/nav_ws/install/bill_description/share/bill_description/package.zsh'
[0.447s] Level 1:colcon.colcon_core.environment:create_file_with_runtime_dependencies(/nav_ws/install/bill_description/share/colcon-core/packages/bill_description)
[0.447s] INFO:colcon.colcon_ros.task.ament_cmake.build:Building ROS package in '/nav_ws/src/bill' with build type 'ament_cmake'
[0.447s] INFO:colcon.colcon_cmake.task.cmake.build:Building CMake package in '/nav_ws/src/bill'
[0.448s] INFO:colcon.colcon_core.shell:Skip shell extension 'powershell' for command environment: Not usable outside of PowerShell
[0.448s] DEBUG:colcon.colcon_core.shell:Skip shell extension 'dsv' for command environment
[0.460s] DEBUG:colcon.colcon_core.event_handler.log_command:Invoking command in '/nav_ws/build/bill': AMENT_PREFIX_PATH=/nav_ws/install/bill_description:${AMENT_PREFIX_PATH} CMAKE_PREFIX_PATH=/nav_ws/install/bill_description:/opt/ros/jazzy/opt/gz_sim_vendor:/opt/ros/jazzy/opt/gz_sensors_vendor:/opt/ros/jazzy/opt/gz_physics_vendor:/opt/ros/jazzy/opt/sdformat_vendor:/opt/ros/jazzy/opt/gz_gui_vendor:/opt/ros/jazzy/opt/gz_transport_vendor:/opt/ros/jazzy/opt/gz_rendering_vendor:/opt/ros/jazzy/opt/gz_plugin_vendor:/opt/ros/jazzy/opt/gz_fuel_tools_vendor:/opt/ros/jazzy/opt/gz_msgs_vendor:/opt/ros/jazzy/opt/gz_common_vendor:/opt/ros/jazzy/opt/gz_math_vendor:/opt/ros/jazzy/opt/gz_utils_vendor:/opt/ros/jazzy/opt/gz_tools_vendor:/opt/ros/jazzy/opt/gz_ogre_next_vendor:/opt/ros/jazzy/opt/gz_dartsim_vendor:/opt/ros/jazzy/opt/gz_cmake_vendor:/opt/ros/jazzy /usr/bin/cmake --build /nav_ws/build/bill -- -j16 -l16
[0.515s] DEBUG:colcon.colcon_core.event_handler.log_command:Invoked command in '/nav_ws/build/bill' returned '0': AMENT_PREFIX_PATH=/nav_ws/install/bill_description:${AMENT_PREFIX_PATH} CMAKE_PREFIX_PATH=/nav_ws/install/bill_description:/opt/ros/jazzy/opt/gz_sim_vendor:/opt/ros/jazzy/opt/gz_sensors_vendor:/opt/ros/jazzy/opt/gz_physics_vendor:/opt/ros/jazzy/opt/sdformat_vendor:/opt/ros/jazzy/opt/gz_gui_vendor:/opt/ros/jazzy/opt/gz_transport_vendor:/opt/ros/jazzy/opt/gz_rendering_vendor:/opt/ros/jazzy/opt/gz_plugin_vendor:/opt/ros/jazzy/opt/gz_fuel_tools_vendor:/opt/ros/jazzy/opt/gz_msgs_vendor:/opt/ros/jazzy/opt/gz_common_vendor:/opt/ros/jazzy/opt/gz_math_vendor:/opt/ros/jazzy/opt/gz_utils_vendor:/opt/ros/jazzy/opt/gz_tools_vendor:/opt/ros/jazzy/opt/gz_ogre_next_vendor:/opt/ros/jazzy/opt/gz_dartsim_vendor:/opt/ros/jazzy/opt/gz_cmake_vendor:/opt/ros/jazzy /usr/bin/cmake --build /nav_ws/build/bill -- -j16 -l16
[0.516s] DEBUG:colcon.colcon_core.event_handler.log_command:Invoking command in '/nav_ws/build/bill': AMENT_PREFIX_PATH=/nav_ws/install/bill_description:${AMENT_PREFIX_PATH} CMAKE_PREFIX_PATH=/nav_ws/install/bill_description:/opt/ros/jazzy/opt/gz_sim_vendor:/opt/ros/jazzy/opt/gz_sensors_vendor:/opt/ros/jazzy/opt/gz_physics_vendor:/opt/ros/jazzy/opt/sdformat_vendor:/opt/ros/jazzy/opt/gz_gui_vendor:/opt/ros/jazzy/opt/gz_transport_vendor:/opt/ros/jazzy/opt/gz_rendering_vendor:/opt/ros/jazzy/opt/gz_plugin_vendor:/opt/ros/jazzy/opt/gz_fuel_tools_vendor:/opt/ros/jazzy/opt/gz_msgs_vendor:/opt/ros/jazzy/opt/gz_common_vendor:/opt/ros/jazzy/opt/gz_math_vendor:/opt/ros/jazzy/opt/gz_utils_vendor:/opt/ros/jazzy/opt/gz_tools_vendor:/opt/ros/jazzy/opt/gz_ogre_next_vendor:/opt/ros/jazzy/opt/gz_dartsim_vendor:/opt/ros/jazzy/opt/gz_cmake_vendor:/opt/ros/jazzy /usr/bin/cmake --install /nav_ws/build/bill
[0.530s] Level 1:colcon.colcon_core.environment:create_environment_scripts_only(bill)
[0.530s] Level 1:colcon.colcon_core.environment:checking '/nav_ws/install/bill' for CMake module files
[0.531s] DEBUG:colcon.colcon_core.event_handler.log_command:Invoked command in '/nav_ws/build/bill' returned '0': AMENT_PREFIX_PATH=/nav_ws/install/bill_description:${AMENT_PREFIX_PATH} CMAKE_PREFIX_PATH=/nav_ws/install/bill_description:/opt/ros/jazzy/opt/gz_sim_vendor:/opt/ros/jazzy/opt/gz_sensors_vendor:/opt/ros/jazzy/opt/gz_physics_vendor:/opt/ros/jazzy/opt/sdformat_vendor:/opt/ros/jazzy/opt/gz_gui_vendor:/opt/ros/jazzy/opt/gz_transport_vendor:/opt/ros/jazzy/opt/gz_rendering_vendor:/opt/ros/jazzy/opt/gz_plugin_vendor:/opt/ros/jazzy/opt/gz_fuel_tools_vendor:/opt/ros/jazzy/opt/gz_msgs_vendor:/opt/ros/jazzy/opt/gz_common_vendor:/opt/ros/jazzy/opt/gz_math_vendor:/opt/ros/jazzy/opt/gz_utils_vendor:/opt/ros/jazzy/opt/gz_tools_vendor:/opt/ros/jazzy/opt/gz_ogre_next_vendor:/opt/ros/jazzy/opt/gz_dartsim_vendor:/opt/ros/jazzy/opt/gz_cmake_vendor:/opt/ros/jazzy /usr/bin/cmake --install /nav_ws/build/bill
[0.531s] Level 1:colcon.colcon_core.environment:checking '/nav_ws/install/bill' for CMake config files
[0.531s] Level 1:colcon.colcon_core.shell:create_environment_hook('bill', 'cmake_prefix_path')
[0.531s] INFO:colcon.colcon_core.shell:Creating environment hook '/nav_ws/install/bill/share/bill/hook/cmake_prefix_path.ps1'
[0.532s] INFO:colcon.colcon_core.shell:Creating environment descriptor '/nav_ws/install/bill/share/bill/hook/cmake_prefix_path.dsv'
[0.532s] INFO:colcon.colcon_core.shell:Creating environment hook '/nav_ws/install/bill/share/bill/hook/cmake_prefix_path.sh'
[0.532s] Level 1:colcon.colcon_core.environment:checking '/nav_ws/install/bill/bin'
[0.532s] Level 1:colcon.colcon_core.environment:checking '/nav_ws/install/bill/lib/pkgconfig/bill.pc'
[0.533s] Level 1:colcon.colcon_core.environment:checking '/nav_ws/install/bill/lib/python3.12/site-packages'
[0.533s] Level 1:colcon.colcon_core.environment:checking '/nav_ws/install/bill/bin'
[0.533s] INFO:colcon.colcon_core.shell:Creating package script '/nav_ws/install/bill/share/bill/package.ps1'
[0.533s] INFO:colcon.colcon_core.shell:Creating package descriptor '/nav_ws/install/bill/share/bill/package.dsv'
[0.534s] INFO:colcon.colcon_core.shell:Creating package script '/nav_ws/install/bill/share/bill/package.sh'
[0.534s] INFO:colcon.colcon_core.shell:Creating package script '/nav_ws/install/bill/share/bill/package.bash'
[0.534s] INFO:colcon.colcon_core.shell:Creating package script '/nav_ws/install/bill/share/bill/package.zsh'
[0.535s] Level 1:colcon.colcon_core.environment:create_file_with_runtime_dependencies(/nav_ws/install/bill/share/colcon-core/packages/bill)
[0.535s] Level 1:colcon.colcon_core.environment:create_environment_scripts_only(bill)
[0.535s] Level 1:colcon.colcon_core.environment:checking '/nav_ws/install/bill' for CMake module files
[0.536s] Level 1:colcon.colcon_core.environment:checking '/nav_ws/install/bill' for CMake config files
[0.536s] Level 1:colcon.colcon_core.shell:create_environment_hook('bill', 'cmake_prefix_path')
[0.536s] INFO:colcon.colcon_core.shell:Creating environment hook '/nav_ws/install/bill/share/bill/hook/cmake_prefix_path.ps1'
[0.536s] INFO:colcon.colcon_core.shell:Creating environment descriptor '/nav_ws/install/bill/share/bill/hook/cmake_prefix_path.dsv'
[0.537s] INFO:colcon.colcon_core.shell:Creating environment hook '/nav_ws/install/bill/share/bill/hook/cmake_prefix_path.sh'
[0.537s] Level 1:colcon.colcon_core.environment:checking '/nav_ws/install/bill/bin'
[0.537s] Level 1:colcon.colcon_core.environment:checking '/nav_ws/install/bill/lib/pkgconfig/bill.pc'
[0.537s] Level 1:colcon.colcon_core.environment:checking '/nav_ws/install/bill/lib/python3.12/site-packages'
[0.538s] Level 1:colcon.colcon_core.environment:checking '/nav_ws/install/bill/bin'
[0.538s] INFO:colcon.colcon_core.shell:Creating package script '/nav_ws/install/bill/share/bill/package.ps1'
[0.538s] INFO:colcon.colcon_core.shell:Creating package descriptor '/nav_ws/install/bill/share/bill/package.dsv'
[0.539s] INFO:colcon.colcon_core.shell:Creating package script '/nav_ws/install/bill/share/bill/package.sh'
[0.539s] INFO:colcon.colcon_core.shell:Creating package script '/nav_ws/install/bill/share/bill/package.bash'
[0.539s] INFO:colcon.colcon_core.shell:Creating package script '/nav_ws/install/bill/share/bill/package.zsh'
[0.540s] Level 1:colcon.colcon_core.environment:create_file_with_runtime_dependencies(/nav_ws/install/bill/share/colcon-core/packages/bill)
[0.540s] DEBUG:colcon.colcon_parallel_executor.executor.parallel:closing loop
[0.540s] DEBUG:colcon.colcon_parallel_executor.executor.parallel:loop closed
[0.540s] DEBUG:colcon.colcon_parallel_executor.executor.parallel:run_until_complete finished with '0'
[0.540s] DEBUG:colcon.colcon_core.event_reactor:joining thread
[0.552s] INFO:colcon.colcon_core.plugin_system:Skipping extension 'colcon_notification.desktop_notification.notify_send': Could not find 'notify-send'
[0.552s] INFO:colcon.colcon_core.plugin_system:Skipping extension 'colcon_notification.desktop_notification.terminal_notifier': Not used on non-Darwin systems
[0.552s] INFO:colcon.colcon_core.plugin_system:Skipping extension 'colcon_notification.desktop_notification.win32': Not used on non-Windows systems
[0.552s] INFO:colcon.colcon_notification.desktop_notification:Sending desktop notification using 'notify2'
[0.555s] DEBUG:colcon.colcon_notification.desktop_notification.notify2:Failed to initialize notify2: org.freedesktop.DBus.Error.Spawn.ExecFailed: /usr/bin/dbus-launch terminated abnormally without any error message
[0.556s] DEBUG:colcon.colcon_core.event_reactor:joined thread
[0.556s] INFO:colcon.colcon_core.shell:Creating prefix script '/nav_ws/install/local_setup.ps1'
[0.558s] INFO:colcon.colcon_core.shell:Creating prefix util module '/nav_ws/install/_local_setup_util_ps1.py'
[0.559s] INFO:colcon.colcon_core.shell:Creating prefix chain script '/nav_ws/install/setup.ps1'
[0.561s] INFO:colcon.colcon_core.shell:Creating prefix script '/nav_ws/install/local_setup.sh'
[0.561s] INFO:colcon.colcon_core.shell:Creating prefix util module '/nav_ws/install/_local_setup_util_sh.py'
[0.562s] INFO:colcon.colcon_core.shell:Creating prefix chain script '/nav_ws/install/setup.sh'
[0.563s] INFO:colcon.colcon_core.shell:Creating prefix script '/nav_ws/install/local_setup.bash'
[0.564s] INFO:colcon.colcon_core.shell:Creating prefix chain script '/nav_ws/install/setup.bash'
[0.565s] INFO:colcon.colcon_core.shell:Creating prefix script '/nav_ws/install/local_setup.zsh'
[0.566s] INFO:colcon.colcon_core.shell:Creating prefix chain script '/nav_ws/install/setup.zsh'
